[2021-06-22 21:57:39.859] [jointLog] [info] setting maxHashResizeThreads to 8
[2021-06-22 21:57:39.859] [jointLog] [info] Fragment incompatibility prior below threshold.  Incompatible fragments will be ignored.
[2021-06-22 21:57:39.859] [jointLog] [info] Usage of --validateMappings implies use of minScoreFraction. Since not explicitly specified, it is being set to 0.65
[2021-06-22 21:57:39.859] [jointLog] [info] Setting consensusSlack to selective-alignment default of 0.35.
[2021-06-22 21:57:39.859] [jointLog] [info] parsing read library format
[2021-06-22 21:57:39.859] [jointLog] [info] There is 1 library.
[2021-06-22 21:57:39.961] [jointLog] [info] Loading pufferfish index
[2021-06-22 21:57:39.961] [jointLog] [info] Loading dense pufferfish index.
[2021-06-22 21:58:22.174] [jointLog] [info] done
[2021-06-22 21:58:22.174] [jointLog] [info] Index contained 140,850 targets
[2021-06-22 21:58:22.740] [jointLog] [info] Number of decoys : 61
[2021-06-22 21:58:22.740] [jointLog] [info] First decoy index : 140,750 
[2021-06-22 22:00:40.911] [jointLog] [info] Thread saw mini-batch with a maximum of 0.08% zero probability fragments
[2021-06-22 22:00:40.960] [jointLog] [info] Thread saw mini-batch with a maximum of 0.08% zero probability fragments
[2021-06-22 22:00:40.998] [jointLog] [info] Thread saw mini-batch with a maximum of 0.10% zero probability fragments
[2021-06-22 22:00:41.009] [jointLog] [info] Thread saw mini-batch with a maximum of 0.10% zero probability fragments
[2021-06-22 22:00:41.025] [jointLog] [info] Thread saw mini-batch with a maximum of 0.08% zero probability fragments
[2021-06-22 22:00:41.100] [jointLog] [info] Thread saw mini-batch with a maximum of 0.12% zero probability fragments
[2021-06-22 22:00:41.114] [jointLog] [info] Thread saw mini-batch with a maximum of 0.10% zero probability fragments
[2021-06-22 22:00:41.219] [jointLog] [info] Thread saw mini-batch with a maximum of 0.08% zero probability fragments
[2021-06-22 22:00:41.437] [fileLog] [info] 
At end of round 0
==================
Observed 15794579 total fragments (15794579 in most recent round)

[2021-06-22 22:00:41.436] [jointLog] [info] Computed 162,061 rich equivalence classes for further processing
[2021-06-22 22:00:41.436] [jointLog] [info] Counted 14,335,353 total reads in the equivalence classes 
[2021-06-22 22:00:41.445] [jointLog] [warning] 0.0896257% of fragments were shorter than the k used to build the index.
If this fraction is too large, consider re-building the index with a smaller k.
The minimum read size found was 10.


[2021-06-22 22:00:41.445] [jointLog] [info] Number of orphans recovered using orphan rescue : 400,074
[2021-06-22 22:00:41.445] [jointLog] [info] Number of mappings discarded because of alignment score : 5,820,220
[2021-06-22 22:00:41.445] [jointLog] [info] Number of fragments entirely discarded because of alignment score : 697,031
[2021-06-22 22:00:41.445] [jointLog] [info] Number of fragments discarded because they are best-mapped to decoys : 440,412
[2021-06-22 22:00:41.445] [jointLog] [info] Mapping rate = 90.7612%

[2021-06-22 22:00:41.445] [jointLog] [info] finished quantifyLibrary()
[2021-06-22 22:00:41.445] [jointLog] [info] Starting optimizer
[2021-06-22 22:00:41.533] [jointLog] [info] Marked 0 weighted equivalence classes as degenerate
[2021-06-22 22:00:41.548] [jointLog] [info] iteration = 0 | max rel diff. = 7248.18
[2021-06-22 22:00:41.683] [jointLog] [info] iteration 11, adjusting effective lengths to account for biases
[2021-06-22 22:00:42.933] [jointLog] [info] Computed expected counts (for bias correction)
[2021-06-22 22:00:42.933] [jointLog] [info] processed bias for 0.0% of the transcripts
[2021-06-22 22:00:43.721] [jointLog] [info] processed bias for 10.0% of the transcripts
[2021-06-22 22:00:44.544] [jointLog] [info] processed bias for 20.0% of the transcripts
[2021-06-22 22:00:45.399] [jointLog] [info] processed bias for 30.0% of the transcripts
[2021-06-22 22:00:46.257] [jointLog] [info] processed bias for 40.0% of the transcripts
[2021-06-22 22:00:47.124] [jointLog] [info] processed bias for 50.0% of the transcripts
[2021-06-22 22:00:47.938] [jointLog] [info] processed bias for 60.0% of the transcripts
[2021-06-22 22:00:48.773] [jointLog] [info] processed bias for 70.0% of the transcripts
[2021-06-22 22:00:49.569] [jointLog] [info] processed bias for 80.0% of the transcripts
[2021-06-22 22:00:50.314] [jointLog] [info] processed bias for 90.0% of the transcripts
[2021-06-22 22:00:51.186] [jointLog] [info] processed bias for 100.0% of the transcripts
[2021-06-22 22:00:51.187] [jointLog] [info] processed bias for 100.0% of the transcripts
[2021-06-22 22:00:52.178] [jointLog] [info] iteration = 100 | max rel diff. = 13.4168
[2021-06-22 22:00:53.265] [jointLog] [info] iteration = 200 | max rel diff. = 9.22404
[2021-06-22 22:00:54.389] [jointLog] [info] iteration = 300 | max rel diff. = 7.84957
[2021-06-22 22:00:55.480] [jointLog] [info] iteration = 400 | max rel diff. = 7.41134
[2021-06-22 22:00:56.602] [jointLog] [info] iteration = 500 | max rel diff. = 0.191781
[2021-06-22 22:00:57.733] [jointLog] [info] iteration = 600 | max rel diff. = 0.421859
[2021-06-22 22:00:58.865] [jointLog] [info] iteration = 700 | max rel diff. = 0.562178
[2021-06-22 22:01:00.004] [jointLog] [info] iteration = 800 | max rel diff. = 0.417239
[2021-06-22 22:01:01.142] [jointLog] [info] iteration = 900 | max rel diff. = 1.50709
[2021-06-22 22:01:02.288] [jointLog] [info] iteration = 1,000 | max rel diff. = 0.0239138
[2021-06-22 22:01:03.384] [jointLog] [info] iteration = 1,100 | max rel diff. = 0.0955844
[2021-06-22 22:01:04.511] [jointLog] [info] iteration = 1,200 | max rel diff. = 0.0267376
[2021-06-22 22:01:05.620] [jointLog] [info] iteration = 1,300 | max rel diff. = 0.0739208
[2021-06-22 22:01:06.140] [jointLog] [info] iteration = 1,348 | max rel diff. = 0.0093082
[2021-06-22 22:01:06.172] [jointLog] [info] Finished optimizer
[2021-06-22 22:01:06.172] [jointLog] [info] writing output 

