[2021-06-18 16:49:53.102] [jointLog] [info] setting maxHashResizeThreads to 8
[2021-06-18 16:49:53.102] [jointLog] [info] Fragment incompatibility prior below threshold.  Incompatible fragments will be ignored.
[2021-06-18 16:49:53.102] [jointLog] [info] Usage of --validateMappings implies use of minScoreFraction. Since not explicitly specified, it is being set to 0.65
[2021-06-18 16:49:53.102] [jointLog] [info] Setting consensusSlack to selective-alignment default of 0.35.
[2021-06-18 16:49:53.102] [jointLog] [info] parsing read library format
[2021-06-18 16:49:53.102] [jointLog] [info] There is 1 library.
[2021-06-18 16:49:53.202] [jointLog] [info] Loading pufferfish index
[2021-06-18 16:49:53.202] [jointLog] [info] Loading dense pufferfish index.
[2021-06-18 16:50:28.280] [jointLog] [info] done
[2021-06-18 16:50:28.280] [jointLog] [info] Index contained 140,850 targets
[2021-06-18 16:50:28.760] [jointLog] [info] Number of decoys : 61
[2021-06-18 16:50:28.760] [jointLog] [info] First decoy index : 140,750 
[2021-06-18 16:50:54.524] [fileLog] [info] 
At end of round 0
==================
Observed 6485930 total fragments (6485930 in most recent round)

[2021-06-18 16:50:54.524] [jointLog] [info] Computed 179,205 rich equivalence classes for further processing
[2021-06-18 16:50:54.524] [jointLog] [info] Counted 5,904,491 total reads in the equivalence classes 
[2021-06-18 16:50:54.533] [jointLog] [info] Number of mappings discarded because of alignment score : 2,585,683
[2021-06-18 16:50:54.533] [jointLog] [info] Number of fragments entirely discarded because of alignment score : 177,003
[2021-06-18 16:50:54.533] [jointLog] [info] Number of fragments discarded because they are best-mapped to decoys : 103,547
[2021-06-18 16:50:54.533] [jointLog] [info] Number of fragments discarded because they have only dovetail (discordant) mappings to valid targets : 0
[2021-06-18 16:50:54.533] [jointLog] [info] Mapping rate = 91.0354%

[2021-06-18 16:50:54.533] [jointLog] [info] finished quantifyLibrary()
[2021-06-18 16:50:54.534] [jointLog] [info] Starting optimizer
[2021-06-18 16:50:54.649] [jointLog] [info] Marked 0 weighted equivalence classes as degenerate
[2021-06-18 16:50:54.665] [jointLog] [info] iteration = 0 | max rel diff. = 3693.12
[2021-06-18 16:50:54.843] [jointLog] [info] iteration 11, adjusting effective lengths to account for biases
[2021-06-18 16:50:55.929] [jointLog] [info] Computed expected counts (for bias correction)
[2021-06-18 16:50:55.930] [jointLog] [info] processed bias for 0.0% of the transcripts
[2021-06-18 16:50:56.630] [jointLog] [info] processed bias for 10.0% of the transcripts
[2021-06-18 16:50:57.390] [jointLog] [info] processed bias for 20.0% of the transcripts
[2021-06-18 16:50:58.116] [jointLog] [info] processed bias for 30.0% of the transcripts
[2021-06-18 16:50:58.872] [jointLog] [info] processed bias for 40.0% of the transcripts
[2021-06-18 16:50:59.647] [jointLog] [info] processed bias for 50.0% of the transcripts
[2021-06-18 16:51:00.443] [jointLog] [info] processed bias for 60.0% of the transcripts
[2021-06-18 16:51:01.193] [jointLog] [info] processed bias for 70.0% of the transcripts
[2021-06-18 16:51:01.911] [jointLog] [info] processed bias for 80.0% of the transcripts
[2021-06-18 16:51:02.679] [jointLog] [info] processed bias for 90.0% of the transcripts
[2021-06-18 16:51:03.332] [jointLog] [info] processed bias for 100.0% of the transcripts
[2021-06-18 16:51:04.402] [jointLog] [info] iteration = 100 | max rel diff. = 18.5838
[2021-06-18 16:51:05.679] [jointLog] [info] iteration = 200 | max rel diff. = 5.31863
[2021-06-18 16:51:06.946] [jointLog] [info] iteration = 300 | max rel diff. = 0.874121
[2021-06-18 16:51:08.193] [jointLog] [info] iteration = 400 | max rel diff. = 11.0999
[2021-06-18 16:51:09.435] [jointLog] [info] iteration = 500 | max rel diff. = 0.651623
[2021-06-18 16:51:10.654] [jointLog] [info] iteration = 600 | max rel diff. = 0.273656
[2021-06-18 16:51:11.930] [jointLog] [info] iteration = 700 | max rel diff. = 0.61054
[2021-06-18 16:51:13.160] [jointLog] [info] iteration = 800 | max rel diff. = 0.0338223
[2021-06-18 16:51:14.415] [jointLog] [info] iteration = 900 | max rel diff. = 0.116403
[2021-06-18 16:51:15.680] [jointLog] [info] iteration = 1,000 | max rel diff. = 0.67175
[2021-06-18 16:51:16.895] [jointLog] [info] iteration = 1,100 | max rel diff. = 0.00969015
[2021-06-18 16:51:16.895] [jointLog] [info] iteration = 1,101 | max rel diff. = 0.00969015
[2021-06-18 16:51:16.935] [jointLog] [info] Finished optimizer
[2021-06-18 16:51:16.935] [jointLog] [info] writing output 

