[2021-06-18 14:45:12.193] [jointLog] [info] setting maxHashResizeThreads to 8
[2021-06-18 14:45:12.193] [jointLog] [info] Fragment incompatibility prior below threshold.  Incompatible fragments will be ignored.
[2021-06-18 14:45:12.193] [jointLog] [info] Usage of --validateMappings implies use of minScoreFraction. Since not explicitly specified, it is being set to 0.65
[2021-06-18 14:45:12.193] [jointLog] [info] Setting consensusSlack to selective-alignment default of 0.35.
[2021-06-18 14:45:12.193] [jointLog] [info] parsing read library format
[2021-06-18 14:45:12.193] [jointLog] [info] There is 1 library.
[2021-06-18 14:45:12.296] [jointLog] [info] Loading pufferfish index
[2021-06-18 14:45:12.296] [jointLog] [info] Loading dense pufferfish index.
[2021-06-18 14:45:52.760] [jointLog] [info] done
[2021-06-18 14:45:52.760] [jointLog] [info] Index contained 140,850 targets
[2021-06-18 14:45:53.320] [jointLog] [info] Number of decoys : 61
[2021-06-18 14:45:53.320] [jointLog] [info] First decoy index : 140,750 
[2021-06-18 14:47:47.685] [jointLog] [info] Thread saw mini-batch with a maximum of 0.08% zero probability fragments
[2021-06-18 14:47:47.702] [jointLog] [info] Thread saw mini-batch with a maximum of 0.10% zero probability fragments
[2021-06-18 14:47:47.723] [jointLog] [info] Thread saw mini-batch with a maximum of 0.12% zero probability fragments
[2021-06-18 14:47:47.754] [jointLog] [info] Thread saw mini-batch with a maximum of 0.14% zero probability fragments
[2021-06-18 14:47:47.757] [jointLog] [info] Thread saw mini-batch with a maximum of 0.10% zero probability fragments
[2021-06-18 14:47:47.830] [jointLog] [info] Thread saw mini-batch with a maximum of 0.12% zero probability fragments
[2021-06-18 14:47:47.831] [jointLog] [info] Thread saw mini-batch with a maximum of 0.12% zero probability fragments
[2021-06-18 14:47:47.869] [jointLog] [info] Thread saw mini-batch with a maximum of 0.10% zero probability fragments
[2021-06-18 14:47:48.135] [jointLog] [info] Computed 149,509 rich equivalence classes for further processing
[2021-06-18 14:47:48.135] [jointLog] [info] Counted 13,879,384 total reads in the equivalence classes 
[2021-06-18 14:47:48.154] [jointLog] [info] Number of orphans recovered using orphan rescue : 251,376
[2021-06-18 14:47:48.154] [jointLog] [info] Number of mappings discarded because of alignment score : 5,027,852
[2021-06-18 14:47:48.154] [jointLog] [info] Number of fragments entirely discarded because of alignment score : 610,810
[2021-06-18 14:47:48.154] [jointLog] [info] Number of fragments discarded because they are best-mapped to decoys : 323,052
[2021-06-18 14:47:48.154] [jointLog] [info] Mapping rate = 92.9838%

[2021-06-18 14:47:48.154] [jointLog] [info] finished quantifyLibrary()
[2021-06-18 14:47:48.155] [jointLog] [info] Starting optimizer
[2021-06-18 14:47:48.294] [jointLog] [info] Marked 0 weighted equivalence classes as degenerate
[2021-06-18 14:47:48.312] [jointLog] [info] iteration = 0 | max rel diff. = 7091
[2021-06-18 14:47:48.136] [fileLog] [info] 
At end of round 0
==================
Observed 14926674 total fragments (14926674 in most recent round)

[2021-06-18 14:47:48.454] [jointLog] [info] iteration 11, adjusting effective lengths to account for biases
[2021-06-18 14:47:49.478] [jointLog] [info] Computed expected counts (for bias correction)
[2021-06-18 14:47:49.479] [jointLog] [info] processed bias for 0.0% of the transcripts
[2021-06-18 14:47:50.084] [jointLog] [info] processed bias for 10.0% of the transcripts
[2021-06-18 14:47:50.753] [jointLog] [info] processed bias for 20.0% of the transcripts
[2021-06-18 14:47:51.381] [jointLog] [info] processed bias for 30.0% of the transcripts
[2021-06-18 14:47:51.958] [jointLog] [info] processed bias for 40.0% of the transcripts
[2021-06-18 14:47:52.531] [jointLog] [info] processed bias for 50.1% of the transcripts
[2021-06-18 14:47:53.127] [jointLog] [info] processed bias for 60.0% of the transcripts
[2021-06-18 14:47:53.770] [jointLog] [info] processed bias for 70.0% of the transcripts
[2021-06-18 14:47:54.391] [jointLog] [info] processed bias for 80.0% of the transcripts
[2021-06-18 14:47:54.902] [jointLog] [info] processed bias for 90.0% of the transcripts
[2021-06-18 14:47:55.523] [jointLog] [info] processed bias for 100.0% of the transcripts
[2021-06-18 14:47:55.527] [jointLog] [info] processed bias for 100.0% of the transcripts
[2021-06-18 14:47:56.424] [jointLog] [info] iteration = 100 | max rel diff. = 7.52461
[2021-06-18 14:47:57.445] [jointLog] [info] iteration = 200 | max rel diff. = 1.88119
[2021-06-18 14:47:58.429] [jointLog] [info] iteration = 300 | max rel diff. = 0.269189
[2021-06-18 14:47:59.416] [jointLog] [info] iteration = 400 | max rel diff. = 0.805887
[2021-06-18 14:48:00.441] [jointLog] [info] iteration = 500 | max rel diff. = 0.289839
[2021-06-18 14:48:01.537] [jointLog] [info] iteration = 600 | max rel diff. = 0.219621
[2021-06-18 14:48:02.588] [jointLog] [info] iteration = 700 | max rel diff. = 0.130957
[2021-06-18 14:48:03.684] [jointLog] [info] iteration = 800 | max rel diff. = 1.39554
[2021-06-18 14:48:04.804] [jointLog] [info] iteration = 900 | max rel diff. = 0.170863
[2021-06-18 14:48:05.866] [jointLog] [info] iteration = 1,000 | max rel diff. = 0.0641876
[2021-06-18 14:48:06.206] [jointLog] [info] iteration = 1,033 | max rel diff. = 0.00939594
[2021-06-18 14:48:06.244] [jointLog] [info] Finished optimizer
[2021-06-18 14:48:06.244] [jointLog] [info] writing output 

