[2021-06-22 22:07:23.685] [jointLog] [info] setting maxHashResizeThreads to 8
[2021-06-22 22:07:23.685] [jointLog] [info] Fragment incompatibility prior below threshold.  Incompatible fragments will be ignored.
[2021-06-22 22:07:23.685] [jointLog] [info] Usage of --validateMappings implies use of minScoreFraction. Since not explicitly specified, it is being set to 0.65
[2021-06-22 22:07:23.685] [jointLog] [info] Setting consensusSlack to selective-alignment default of 0.35.
[2021-06-22 22:07:23.685] [jointLog] [info] parsing read library format
[2021-06-22 22:07:23.686] [jointLog] [info] There is 1 library.
[2021-06-22 22:07:23.781] [jointLog] [info] Loading pufferfish index
[2021-06-22 22:07:23.781] [jointLog] [info] Loading dense pufferfish index.
[2021-06-22 22:08:03.913] [jointLog] [info] done
[2021-06-22 22:08:03.913] [jointLog] [info] Index contained 140,850 targets
[2021-06-22 22:08:04.447] [jointLog] [info] Number of decoys : 61
[2021-06-22 22:08:04.447] [jointLog] [info] First decoy index : 140,750 
[2021-06-22 22:11:09.921] [jointLog] [info] Thread saw mini-batch with a maximum of 0.12% zero probability fragments
[2021-06-22 22:11:09.921] [jointLog] [info] Thread saw mini-batch with a maximum of 0.12% zero probability fragments
[2021-06-22 22:11:09.921] [jointLog] [info] Thread saw mini-batch with a maximum of 0.14% zero probability fragments
[2021-06-22 22:11:10.061] [jointLog] [info] Thread saw mini-batch with a maximum of 0.10% zero probability fragments
[2021-06-22 22:11:10.121] [jointLog] [info] Thread saw mini-batch with a maximum of 0.10% zero probability fragments
[2021-06-22 22:11:10.134] [jointLog] [info] Thread saw mini-batch with a maximum of 0.10% zero probability fragments
[2021-06-22 22:11:10.173] [jointLog] [info] Thread saw mini-batch with a maximum of 0.10% zero probability fragments
[2021-06-22 22:11:10.184] [jointLog] [info] Thread saw mini-batch with a maximum of 0.18% zero probability fragments
[2021-06-22 22:11:10.487] [jointLog] [info] Computed 211,521 rich equivalence classes for further processing
[2021-06-22 22:11:10.487] [jointLog] [info] Counted 20,351,713 total reads in the equivalence classes 
[2021-06-22 22:11:10.497] [jointLog] [warning] 0.100634% of fragments were shorter than the k used to build the index.
If this fraction is too large, consider re-building the index with a smaller k.
The minimum read size found was 10.


[2021-06-22 22:11:10.497] [jointLog] [info] Number of orphans recovered using orphan rescue : 596,429
[2021-06-22 22:11:10.497] [jointLog] [info] Number of mappings discarded because of alignment score : 7,599,994
[2021-06-22 22:11:10.497] [jointLog] [info] Number of fragments entirely discarded because of alignment score : 910,263
[2021-06-22 22:11:10.497] [jointLog] [info] Number of fragments discarded because they are best-mapped to decoys : 522,031
[2021-06-22 22:11:10.497] [jointLog] [info] Mapping rate = 92.5558%

[2021-06-22 22:11:10.497] [jointLog] [info] finished quantifyLibrary()
[2021-06-22 22:11:10.498] [jointLog] [info] Starting optimizer
[2021-06-22 22:11:10.619] [jointLog] [info] Marked 0 weighted equivalence classes as degenerate
[2021-06-22 22:11:10.636] [jointLog] [info] iteration = 0 | max rel diff. = 8568.49
[2021-06-22 22:11:10.785] [jointLog] [info] iteration 11, adjusting effective lengths to account for biases
[2021-06-22 22:11:10.487] [fileLog] [info] 
At end of round 0
==================
Observed 21988587 total fragments (21988587 in most recent round)

[2021-06-22 22:11:12.108] [jointLog] [info] Computed expected counts (for bias correction)
[2021-06-22 22:11:12.108] [jointLog] [info] processed bias for 0.0% of the transcripts
[2021-06-22 22:11:13.003] [jointLog] [info] processed bias for 10.0% of the transcripts
[2021-06-22 22:11:14.008] [jointLog] [info] processed bias for 20.0% of the transcripts
[2021-06-22 22:11:14.916] [jointLog] [info] processed bias for 30.0% of the transcripts
[2021-06-22 22:11:15.818] [jointLog] [info] processed bias for 40.0% of the transcripts
[2021-06-22 22:11:16.715] [jointLog] [info] processed bias for 50.0% of the transcripts
[2021-06-22 22:11:17.596] [jointLog] [info] processed bias for 60.0% of the transcripts
[2021-06-22 22:11:18.415] [jointLog] [info] processed bias for 70.0% of the transcripts
[2021-06-22 22:11:19.305] [jointLog] [info] processed bias for 80.0% of the transcripts
[2021-06-22 22:11:20.206] [jointLog] [info] processed bias for 90.0% of the transcripts
[2021-06-22 22:11:20.960] [jointLog] [info] processed bias for 100.0% of the transcripts
[2021-06-22 22:11:20.962] [jointLog] [info] processed bias for 100.0% of the transcripts
[2021-06-22 22:11:22.123] [jointLog] [info] iteration = 100 | max rel diff. = 16.7088
[2021-06-22 22:11:23.367] [jointLog] [info] iteration = 200 | max rel diff. = 17.8815
[2021-06-22 22:11:24.622] [jointLog] [info] iteration = 300 | max rel diff. = 5.73619
[2021-06-22 22:11:25.879] [jointLog] [info] iteration = 400 | max rel diff. = 0.446339
[2021-06-22 22:11:27.145] [jointLog] [info] iteration = 500 | max rel diff. = 0.47709
[2021-06-22 22:11:28.420] [jointLog] [info] iteration = 600 | max rel diff. = 0.0420735
[2021-06-22 22:11:29.668] [jointLog] [info] iteration = 700 | max rel diff. = 0.0658922
[2021-06-22 22:11:30.909] [jointLog] [info] iteration = 800 | max rel diff. = 0.0240024
[2021-06-22 22:11:31.577] [jointLog] [info] iteration = 854 | max rel diff. = 0.00892076
[2021-06-22 22:11:31.610] [jointLog] [info] Finished optimizer
[2021-06-22 22:11:31.610] [jointLog] [info] writing output 

