[2021-06-18 16:56:08.767] [jointLog] [info] setting maxHashResizeThreads to 8
[2021-06-18 16:56:08.767] [jointLog] [info] Fragment incompatibility prior below threshold.  Incompatible fragments will be ignored.
[2021-06-18 16:56:08.767] [jointLog] [info] Usage of --validateMappings implies use of minScoreFraction. Since not explicitly specified, it is being set to 0.65
[2021-06-18 16:56:08.767] [jointLog] [info] Setting consensusSlack to selective-alignment default of 0.35.
[2021-06-18 16:56:08.767] [jointLog] [info] parsing read library format
[2021-06-18 16:56:08.767] [jointLog] [info] There is 1 library.
[2021-06-18 16:56:08.873] [jointLog] [info] Loading pufferfish index
[2021-06-18 16:56:08.873] [jointLog] [info] Loading dense pufferfish index.
[2021-06-18 16:56:47.404] [jointLog] [info] done
[2021-06-18 16:56:47.404] [jointLog] [info] Index contained 140,850 targets
[2021-06-18 16:56:47.916] [jointLog] [info] Number of decoys : 61
[2021-06-18 16:56:47.916] [jointLog] [info] First decoy index : 140,750 
[2021-06-18 16:57:12.093] [fileLog] [info] 
At end of round 0
==================
Observed 6539660 total fragments (6539660 in most recent round)

[2021-06-18 16:57:12.093] [jointLog] [info] Computed 166,704 rich equivalence classes for further processing
[2021-06-18 16:57:12.093] [jointLog] [info] Counted 5,954,922 total reads in the equivalence classes 
[2021-06-18 16:57:12.101] [jointLog] [info] Number of mappings discarded because of alignment score : 2,517,255
[2021-06-18 16:57:12.101] [jointLog] [info] Number of fragments entirely discarded because of alignment score : 165,016
[2021-06-18 16:57:12.101] [jointLog] [info] Number of fragments discarded because they are best-mapped to decoys : 97,366
[2021-06-18 16:57:12.101] [jointLog] [info] Number of fragments discarded because they have only dovetail (discordant) mappings to valid targets : 0
[2021-06-18 16:57:12.101] [jointLog] [info] Mapping rate = 91.0586%

[2021-06-18 16:57:12.101] [jointLog] [info] finished quantifyLibrary()
[2021-06-18 16:57:12.101] [jointLog] [info] Starting optimizer
[2021-06-18 16:57:12.194] [jointLog] [info] Marked 0 weighted equivalence classes as degenerate
[2021-06-18 16:57:12.210] [jointLog] [info] iteration = 0 | max rel diff. = 3725.41
[2021-06-18 16:57:12.360] [jointLog] [info] iteration 11, adjusting effective lengths to account for biases
[2021-06-18 16:57:13.392] [jointLog] [info] Computed expected counts (for bias correction)
[2021-06-18 16:57:13.392] [jointLog] [info] processed bias for 0.1% of the transcripts
[2021-06-18 16:57:14.029] [jointLog] [info] processed bias for 10.0% of the transcripts
[2021-06-18 16:57:14.685] [jointLog] [info] processed bias for 20.0% of the transcripts
[2021-06-18 16:57:15.299] [jointLog] [info] processed bias for 30.0% of the transcripts
[2021-06-18 16:57:15.943] [jointLog] [info] processed bias for 40.0% of the transcripts
[2021-06-18 16:57:16.600] [jointLog] [info] processed bias for 50.0% of the transcripts
[2021-06-18 16:57:17.194] [jointLog] [info] processed bias for 60.0% of the transcripts
[2021-06-18 16:57:17.893] [jointLog] [info] processed bias for 70.0% of the transcripts
[2021-06-18 16:57:18.555] [jointLog] [info] processed bias for 80.0% of the transcripts
[2021-06-18 16:57:19.184] [jointLog] [info] processed bias for 90.0% of the transcripts
[2021-06-18 16:57:19.755] [jointLog] [info] processed bias for 100.0% of the transcripts
[2021-06-18 16:57:19.761] [jointLog] [info] processed bias for 100.0% of the transcripts
[2021-06-18 16:57:20.703] [jointLog] [info] iteration = 100 | max rel diff. = 13.5262
[2021-06-18 16:57:21.717] [jointLog] [info] iteration = 200 | max rel diff. = 6.91875
[2021-06-18 16:57:22.753] [jointLog] [info] iteration = 300 | max rel diff. = 19.9858
[2021-06-18 16:57:23.767] [jointLog] [info] iteration = 400 | max rel diff. = 0.524499
[2021-06-18 16:57:24.821] [jointLog] [info] iteration = 500 | max rel diff. = 0.793652
[2021-06-18 16:57:25.886] [jointLog] [info] iteration = 600 | max rel diff. = 0.0554529
[2021-06-18 16:57:26.929] [jointLog] [info] iteration = 700 | max rel diff. = 0.0513395
[2021-06-18 16:57:27.941] [jointLog] [info] iteration = 800 | max rel diff. = 0.0561489
[2021-06-18 16:57:28.975] [jointLog] [info] iteration = 900 | max rel diff. = 0.229348
[2021-06-18 16:57:29.984] [jointLog] [info] iteration = 1,000 | max rel diff. = 0.0487856
[2021-06-18 16:57:31.014] [jointLog] [info] iteration = 1,100 | max rel diff. = 2.15785
[2021-06-18 16:57:31.231] [jointLog] [info] iteration = 1,123 | max rel diff. = 0.00820777
[2021-06-18 16:57:31.261] [jointLog] [info] Finished optimizer
[2021-06-18 16:57:31.261] [jointLog] [info] writing output 

