[2021-06-18 16:34:20.973] [jointLog] [info] setting maxHashResizeThreads to 8
[2021-06-18 16:34:20.973] [jointLog] [info] Fragment incompatibility prior below threshold.  Incompatible fragments will be ignored.
[2021-06-18 16:34:20.973] [jointLog] [info] Usage of --validateMappings implies use of minScoreFraction. Since not explicitly specified, it is being set to 0.65
[2021-06-18 16:34:20.973] [jointLog] [info] Setting consensusSlack to selective-alignment default of 0.35.
[2021-06-18 16:34:20.974] [jointLog] [info] parsing read library format
[2021-06-18 16:34:20.974] [jointLog] [info] There is 1 library.
[2021-06-18 16:34:21.074] [jointLog] [info] Loading pufferfish index
[2021-06-18 16:34:21.074] [jointLog] [info] Loading dense pufferfish index.
[2021-06-18 16:34:55.050] [jointLog] [info] done
[2021-06-18 16:34:55.050] [jointLog] [info] Index contained 140,850 targets
[2021-06-18 16:34:55.475] [jointLog] [info] Number of decoys : 61
[2021-06-18 16:34:55.475] [jointLog] [info] First decoy index : 140,750 
[2021-06-18 16:35:13.346] [fileLog] [info] 
At end of round 0
==================
Observed 4363331 total fragments (4363331 in most recent round)

[2021-06-18 16:35:13.345] [jointLog] [info] Computed 149,966 rich equivalence classes for further processing
[2021-06-18 16:35:13.345] [jointLog] [info] Counted 3,907,109 total reads in the equivalence classes 
[2021-06-18 16:35:13.354] [jointLog] [info] Number of mappings discarded because of alignment score : 1,876,003
[2021-06-18 16:35:13.354] [jointLog] [info] Number of fragments entirely discarded because of alignment score : 137,107
[2021-06-18 16:35:13.354] [jointLog] [info] Number of fragments discarded because they are best-mapped to decoys : 87,310
[2021-06-18 16:35:13.354] [jointLog] [info] Number of fragments discarded because they have only dovetail (discordant) mappings to valid targets : 0
[2021-06-18 16:35:13.388] [jointLog] [warning] Only 3907109 fragments were mapped, but the number of burn-in fragments was set to 5000000.
The effective lengths have been computed using the observed mappings.

[2021-06-18 16:35:13.388] [jointLog] [info] Mapping rate = 89.5442%

[2021-06-18 16:35:13.388] [jointLog] [info] finished quantifyLibrary()
[2021-06-18 16:35:13.389] [jointLog] [info] Starting optimizer
[2021-06-18 16:35:13.499] [jointLog] [info] Marked 0 weighted equivalence classes as degenerate
[2021-06-18 16:35:13.517] [jointLog] [info] iteration = 0 | max rel diff. = 2527.51
[2021-06-18 16:35:13.672] [jointLog] [info] iteration 11, adjusting effective lengths to account for biases
[2021-06-18 16:35:14.691] [jointLog] [info] Computed expected counts (for bias correction)
[2021-06-18 16:35:14.691] [jointLog] [info] processed bias for 0.0% of the transcripts
[2021-06-18 16:35:15.324] [jointLog] [info] processed bias for 10.0% of the transcripts
[2021-06-18 16:35:16.027] [jointLog] [info] processed bias for 20.0% of the transcripts
[2021-06-18 16:35:16.717] [jointLog] [info] processed bias for 30.0% of the transcripts
[2021-06-18 16:35:17.472] [jointLog] [info] processed bias for 40.0% of the transcripts
[2021-06-18 16:35:18.187] [jointLog] [info] processed bias for 50.0% of the transcripts
[2021-06-18 16:35:18.856] [jointLog] [info] processed bias for 60.0% of the transcripts
[2021-06-18 16:35:19.490] [jointLog] [info] processed bias for 70.0% of the transcripts
[2021-06-18 16:35:20.148] [jointLog] [info] processed bias for 80.0% of the transcripts
[2021-06-18 16:35:20.824] [jointLog] [info] processed bias for 90.0% of the transcripts
[2021-06-18 16:35:21.512] [jointLog] [info] processed bias for 100.0% of the transcripts
[2021-06-18 16:35:21.514] [jointLog] [info] processed bias for 100.0% of the transcripts
[2021-06-18 16:35:22.524] [jointLog] [info] iteration = 100 | max rel diff. = 13.2864
[2021-06-18 16:35:23.657] [jointLog] [info] iteration = 200 | max rel diff. = 0.929619
[2021-06-18 16:35:24.797] [jointLog] [info] iteration = 300 | max rel diff. = 2.91848
[2021-06-18 16:35:25.959] [jointLog] [info] iteration = 400 | max rel diff. = 2.10332
[2021-06-18 16:35:27.071] [jointLog] [info] iteration = 500 | max rel diff. = 0.105524
[2021-06-18 16:35:28.183] [jointLog] [info] iteration = 600 | max rel diff. = 0.297081
[2021-06-18 16:35:29.308] [jointLog] [info] iteration = 700 | max rel diff. = 0.1271
[2021-06-18 16:35:29.959] [jointLog] [info] iteration = 760 | max rel diff. = 0.00812819
[2021-06-18 16:35:29.998] [jointLog] [info] Finished optimizer
[2021-06-18 16:35:29.998] [jointLog] [info] writing output 

