[2021-06-23 00:09:07.255] [jointLog] [info] setting maxHashResizeThreads to 8
[2021-06-23 00:09:07.255] [jointLog] [info] Fragment incompatibility prior below threshold.  Incompatible fragments will be ignored.
[2021-06-23 00:09:07.255] [jointLog] [info] Usage of --validateMappings implies use of minScoreFraction. Since not explicitly specified, it is being set to 0.65
[2021-06-23 00:09:07.255] [jointLog] [info] Setting consensusSlack to selective-alignment default of 0.35.
[2021-06-23 00:09:07.255] [jointLog] [info] parsing read library format
[2021-06-23 00:09:07.255] [jointLog] [info] There is 1 library.
[2021-06-23 00:09:07.438] [jointLog] [info] Loading pufferfish index
[2021-06-23 00:09:07.438] [jointLog] [info] Loading dense pufferfish index.
[2021-06-23 00:09:47.036] [jointLog] [info] done
[2021-06-23 00:09:47.036] [jointLog] [info] Index contained 140,850 targets
[2021-06-23 00:09:47.925] [jointLog] [info] Number of decoys : 61
[2021-06-23 00:09:47.925] [jointLog] [info] First decoy index : 140,750 
[2021-06-23 00:18:52.060] [jointLog] [info] Thread saw mini-batch with a maximum of 0.10% zero probability fragments
[2021-06-23 00:18:52.085] [jointLog] [info] Thread saw mini-batch with a maximum of 0.10% zero probability fragments
[2021-06-23 00:18:52.154] [jointLog] [info] Thread saw mini-batch with a maximum of 0.10% zero probability fragments
[2021-06-23 00:18:52.198] [jointLog] [info] Thread saw mini-batch with a maximum of 0.10% zero probability fragments
[2021-06-23 00:18:52.215] [jointLog] [info] Thread saw mini-batch with a maximum of 0.10% zero probability fragments
[2021-06-23 00:18:52.310] [jointLog] [info] Thread saw mini-batch with a maximum of 0.08% zero probability fragments
[2021-06-23 00:18:52.323] [jointLog] [info] Thread saw mini-batch with a maximum of 0.08% zero probability fragments
[2021-06-23 00:18:52.352] [jointLog] [info] Thread saw mini-batch with a maximum of 0.08% zero probability fragments
[2021-06-23 00:18:52.663] [fileLog] [info] 
At end of round 0
==================
Observed 21069298 total fragments (21069298 in most recent round)

[2021-06-23 00:18:52.662] [jointLog] [info] Computed 208,424 rich equivalence classes for further processing
[2021-06-23 00:18:52.662] [jointLog] [info] Counted 19,570,698 total reads in the equivalence classes 
[2021-06-23 00:18:52.675] [jointLog] [warning] 0.0873404% of fragments were shorter than the k used to build the index.
If this fraction is too large, consider re-building the index with a smaller k.
The minimum read size found was 10.


[2021-06-23 00:18:52.675] [jointLog] [info] Number of orphans recovered using orphan rescue : 587,609
[2021-06-23 00:18:52.675] [jointLog] [info] Number of mappings discarded because of alignment score : 7,301,937
[2021-06-23 00:18:52.675] [jointLog] [info] Number of fragments entirely discarded because of alignment score : 858,914
[2021-06-23 00:18:52.675] [jointLog] [info] Number of fragments discarded because they are best-mapped to decoys : 496,460
[2021-06-23 00:18:52.675] [jointLog] [info] Mapping rate = 92.8873%

[2021-06-23 00:18:52.675] [jointLog] [info] finished quantifyLibrary()
[2021-06-23 00:18:52.697] [jointLog] [info] Starting optimizer
[2021-06-23 00:18:52.861] [jointLog] [info] Marked 0 weighted equivalence classes as degenerate
[2021-06-23 00:18:52.880] [jointLog] [info] iteration = 0 | max rel diff. = 7839.45
[2021-06-23 00:18:53.057] [jointLog] [info] iteration 11, adjusting effective lengths to account for biases
[2021-06-23 00:18:54.415] [jointLog] [info] Computed expected counts (for bias correction)
[2021-06-23 00:18:54.416] [jointLog] [info] processed bias for 0.0% of the transcripts
[2021-06-23 00:18:55.368] [jointLog] [info] processed bias for 10.0% of the transcripts
[2021-06-23 00:18:56.374] [jointLog] [info] processed bias for 20.0% of the transcripts
[2021-06-23 00:18:57.260] [jointLog] [info] processed bias for 30.0% of the transcripts
[2021-06-23 00:18:58.229] [jointLog] [info] processed bias for 40.0% of the transcripts
[2021-06-23 00:18:59.130] [jointLog] [info] processed bias for 50.0% of the transcripts
[2021-06-23 00:19:00.083] [jointLog] [info] processed bias for 60.0% of the transcripts
[2021-06-23 00:19:00.995] [jointLog] [info] processed bias for 70.0% of the transcripts
[2021-06-23 00:19:01.928] [jointLog] [info] processed bias for 80.0% of the transcripts
[2021-06-23 00:19:02.644] [jointLog] [info] processed bias for 90.0% of the transcripts
[2021-06-23 00:19:03.484] [jointLog] [info] processed bias for 100.0% of the transcripts
[2021-06-23 00:19:03.489] [jointLog] [info] processed bias for 100.0% of the transcripts
[2021-06-23 00:19:04.598] [jointLog] [info] iteration = 100 | max rel diff. = 12.8616
[2021-06-23 00:19:05.809] [jointLog] [info] iteration = 200 | max rel diff. = 10.5183
[2021-06-23 00:19:07.038] [jointLog] [info] iteration = 300 | max rel diff. = 10.7634
[2021-06-23 00:19:08.199] [jointLog] [info] iteration = 400 | max rel diff. = 0.975255
[2021-06-23 00:19:09.358] [jointLog] [info] iteration = 500 | max rel diff. = 3.77302
[2021-06-23 00:19:10.534] [jointLog] [info] iteration = 600 | max rel diff. = 1.13283
[2021-06-23 00:19:11.691] [jointLog] [info] iteration = 700 | max rel diff. = 0.0436577
[2021-06-23 00:19:12.847] [jointLog] [info] iteration = 800 | max rel diff. = 0.234179
[2021-06-23 00:19:14.019] [jointLog] [info] iteration = 900 | max rel diff. = 0.283359
[2021-06-23 00:19:15.223] [jointLog] [info] iteration = 1,000 | max rel diff. = 0.0601655
[2021-06-23 00:19:16.411] [jointLog] [info] iteration = 1,100 | max rel diff. = 0.0303689
[2021-06-23 00:19:17.587] [jointLog] [info] iteration = 1,200 | max rel diff. = 0.112011
[2021-06-23 00:19:18.760] [jointLog] [info] iteration = 1,300 | max rel diff. = 0.0874517
[2021-06-23 00:19:19.939] [jointLog] [info] iteration = 1,400 | max rel diff. = 0.0800363
[2021-06-23 00:19:20.090] [jointLog] [info] iteration = 1,414 | max rel diff. = 0.00457046
[2021-06-23 00:19:20.123] [jointLog] [info] Finished optimizer
[2021-06-23 00:19:20.123] [jointLog] [info] writing output 

