[2021-06-22 23:03:43.010] [jointLog] [info] setting maxHashResizeThreads to 8
[2021-06-22 23:03:43.010] [jointLog] [info] Fragment incompatibility prior below threshold.  Incompatible fragments will be ignored.
[2021-06-22 23:03:43.010] [jointLog] [info] Usage of --validateMappings implies use of minScoreFraction. Since not explicitly specified, it is being set to 0.65
[2021-06-22 23:03:43.010] [jointLog] [info] Setting consensusSlack to selective-alignment default of 0.35.
[2021-06-22 23:03:43.010] [jointLog] [info] parsing read library format
[2021-06-22 23:03:43.010] [jointLog] [info] There is 1 library.
[2021-06-22 23:03:43.105] [jointLog] [info] Loading pufferfish index
[2021-06-22 23:03:43.105] [jointLog] [info] Loading dense pufferfish index.
[2021-06-22 23:04:24.928] [jointLog] [info] done
[2021-06-22 23:04:24.928] [jointLog] [info] Index contained 140,850 targets
[2021-06-22 23:04:25.606] [jointLog] [info] Number of decoys : 61
[2021-06-22 23:04:25.606] [jointLog] [info] First decoy index : 140,750 
[2021-06-22 23:07:57.491] [jointLog] [info] Thread saw mini-batch with a maximum of 0.16% zero probability fragments
[2021-06-22 23:07:57.504] [jointLog] [info] Thread saw mini-batch with a maximum of 0.14% zero probability fragments
[2021-06-22 23:07:57.520] [jointLog] [info] Thread saw mini-batch with a maximum of 0.14% zero probability fragments
[2021-06-22 23:07:57.526] [jointLog] [info] Thread saw mini-batch with a maximum of 0.10% zero probability fragments
[2021-06-22 23:07:57.537] [jointLog] [info] Thread saw mini-batch with a maximum of 0.14% zero probability fragments
[2021-06-22 23:07:57.695] [jointLog] [info] Thread saw mini-batch with a maximum of 0.12% zero probability fragments
[2021-06-22 23:07:57.784] [jointLog] [info] Thread saw mini-batch with a maximum of 0.12% zero probability fragments
[2021-06-22 23:07:57.785] [jointLog] [info] Thread saw mini-batch with a maximum of 0.12% zero probability fragments
[2021-06-22 23:07:58.093] [fileLog] [info] 
At end of round 0
==================
Observed 17630728 total fragments (17630728 in most recent round)

[2021-06-22 23:07:58.092] [jointLog] [info] Computed 224,606 rich equivalence classes for further processing
[2021-06-22 23:07:58.092] [jointLog] [info] Counted 16,075,397 total reads in the equivalence classes 
[2021-06-22 23:07:58.100] [jointLog] [warning] 0.083967% of fragments were shorter than the k used to build the index.
If this fraction is too large, consider re-building the index with a smaller k.
The minimum read size found was 10.


[2021-06-22 23:07:58.100] [jointLog] [info] Number of orphans recovered using orphan rescue : 463,357
[2021-06-22 23:07:58.100] [jointLog] [info] Number of mappings discarded because of alignment score : 6,602,886
[2021-06-22 23:07:58.100] [jointLog] [info] Number of fragments entirely discarded because of alignment score : 768,568
[2021-06-22 23:07:58.100] [jointLog] [info] Number of fragments discarded because they are best-mapped to decoys : 428,179
[2021-06-22 23:07:58.100] [jointLog] [info] Mapping rate = 91.1783%

[2021-06-22 23:07:58.100] [jointLog] [info] finished quantifyLibrary()
[2021-06-22 23:07:58.101] [jointLog] [info] Starting optimizer
[2021-06-22 23:07:58.231] [jointLog] [info] Marked 0 weighted equivalence classes as degenerate
[2021-06-22 23:07:58.248] [jointLog] [info] iteration = 0 | max rel diff. = 7703.97
[2021-06-22 23:07:58.401] [jointLog] [info] iteration 11, adjusting effective lengths to account for biases
[2021-06-22 23:07:59.850] [jointLog] [info] Computed expected counts (for bias correction)
[2021-06-22 23:07:59.851] [jointLog] [info] processed bias for 0.0% of the transcripts
[2021-06-22 23:08:00.889] [jointLog] [info] processed bias for 10.0% of the transcripts
[2021-06-22 23:08:02.026] [jointLog] [info] processed bias for 20.0% of the transcripts
[2021-06-22 23:08:03.018] [jointLog] [info] processed bias for 30.0% of the transcripts
[2021-06-22 23:08:04.047] [jointLog] [info] processed bias for 40.0% of the transcripts
[2021-06-22 23:08:04.980] [jointLog] [info] processed bias for 50.0% of the transcripts
[2021-06-22 23:08:05.985] [jointLog] [info] processed bias for 60.0% of the transcripts
[2021-06-22 23:08:06.962] [jointLog] [info] processed bias for 70.0% of the transcripts
[2021-06-22 23:08:07.917] [jointLog] [info] processed bias for 80.0% of the transcripts
[2021-06-22 23:08:08.888] [jointLog] [info] processed bias for 90.0% of the transcripts
[2021-06-22 23:08:09.685] [jointLog] [info] processed bias for 100.0% of the transcripts
[2021-06-22 23:08:09.687] [jointLog] [info] processed bias for 100.0% of the transcripts
[2021-06-22 23:08:10.855] [jointLog] [info] iteration = 100 | max rel diff. = 10.7505
[2021-06-22 23:08:12.168] [jointLog] [info] iteration = 200 | max rel diff. = 8.0586
[2021-06-22 23:08:13.472] [jointLog] [info] iteration = 300 | max rel diff. = 8.79733
[2021-06-22 23:08:14.815] [jointLog] [info] iteration = 400 | max rel diff. = 0.941994
[2021-06-22 23:08:16.153] [jointLog] [info] iteration = 500 | max rel diff. = 0.649016
[2021-06-22 23:08:17.517] [jointLog] [info] iteration = 600 | max rel diff. = 0.476372
[2021-06-22 23:08:18.850] [jointLog] [info] iteration = 700 | max rel diff. = 0.199017
[2021-06-22 23:08:20.178] [jointLog] [info] iteration = 800 | max rel diff. = 1.16287
[2021-06-22 23:08:21.514] [jointLog] [info] iteration = 900 | max rel diff. = 0.0551137
[2021-06-22 23:08:22.857] [jointLog] [info] iteration = 1,000 | max rel diff. = 0.01669
[2021-06-22 23:08:24.161] [jointLog] [info] iteration = 1,100 | max rel diff. = 0.0906979
[2021-06-22 23:08:25.464] [jointLog] [info] iteration = 1,200 | max rel diff. = 0.46247
[2021-06-22 23:08:26.824] [jointLog] [info] iteration = 1,300 | max rel diff. = 0.164452
[2021-06-22 23:08:28.170] [jointLog] [info] iteration = 1,400 | max rel diff. = 0.108178
[2021-06-22 23:08:29.506] [jointLog] [info] iteration = 1,500 | max rel diff. = 0.0522343
[2021-06-22 23:08:30.726] [jointLog] [info] iteration = 1,590 | max rel diff. = 0.00599483
[2021-06-22 23:08:30.761] [jointLog] [info] Finished optimizer
[2021-06-22 23:08:30.761] [jointLog] [info] writing output 

