[2021-06-18 16:38:26.239] [jointLog] [info] setting maxHashResizeThreads to 8
[2021-06-18 16:38:26.239] [jointLog] [info] Fragment incompatibility prior below threshold.  Incompatible fragments will be ignored.
[2021-06-18 16:38:26.239] [jointLog] [info] Usage of --validateMappings implies use of minScoreFraction. Since not explicitly specified, it is being set to 0.65
[2021-06-18 16:38:26.239] [jointLog] [info] Setting consensusSlack to selective-alignment default of 0.35.
[2021-06-18 16:38:26.239] [jointLog] [info] parsing read library format
[2021-06-18 16:38:26.239] [jointLog] [info] There is 1 library.
[2021-06-18 16:38:26.335] [jointLog] [info] Loading pufferfish index
[2021-06-18 16:38:26.335] [jointLog] [info] Loading dense pufferfish index.
[2021-06-18 16:39:04.947] [jointLog] [info] done
[2021-06-18 16:39:04.947] [jointLog] [info] Index contained 140,850 targets
[2021-06-18 16:39:05.416] [jointLog] [info] Number of decoys : 61
[2021-06-18 16:39:05.416] [jointLog] [info] First decoy index : 140,750 
[2021-06-18 16:39:28.575] [fileLog] [info] 
At end of round 0
==================
Observed 6080590 total fragments (6080590 in most recent round)

[2021-06-18 16:39:28.574] [jointLog] [info] Computed 174,902 rich equivalence classes for further processing
[2021-06-18 16:39:28.574] [jointLog] [info] Counted 5,467,260 total reads in the equivalence classes 
[2021-06-18 16:39:28.583] [jointLog] [info] Number of mappings discarded because of alignment score : 2,553,133
[2021-06-18 16:39:28.583] [jointLog] [info] Number of fragments entirely discarded because of alignment score : 190,482
[2021-06-18 16:39:28.583] [jointLog] [info] Number of fragments discarded because they are best-mapped to decoys : 116,319
[2021-06-18 16:39:28.583] [jointLog] [info] Number of fragments discarded because they have only dovetail (discordant) mappings to valid targets : 0
[2021-06-18 16:39:28.583] [jointLog] [info] Mapping rate = 89.9133%

[2021-06-18 16:39:28.583] [jointLog] [info] finished quantifyLibrary()
[2021-06-18 16:39:28.584] [jointLog] [info] Starting optimizer
[2021-06-18 16:39:28.687] [jointLog] [info] Marked 0 weighted equivalence classes as degenerate
[2021-06-18 16:39:28.703] [jointLog] [info] iteration = 0 | max rel diff. = 3456.16
[2021-06-18 16:39:28.835] [jointLog] [info] iteration 11, adjusting effective lengths to account for biases
[2021-06-18 16:39:29.905] [jointLog] [info] Computed expected counts (for bias correction)
[2021-06-18 16:39:29.905] [jointLog] [info] processed bias for 0.0% of the transcripts
[2021-06-18 16:39:30.502] [jointLog] [info] processed bias for 10.0% of the transcripts
[2021-06-18 16:39:31.200] [jointLog] [info] processed bias for 20.0% of the transcripts
[2021-06-18 16:39:31.912] [jointLog] [info] processed bias for 30.0% of the transcripts
[2021-06-18 16:39:32.616] [jointLog] [info] processed bias for 40.0% of the transcripts
[2021-06-18 16:39:33.314] [jointLog] [info] processed bias for 50.0% of the transcripts
[2021-06-18 16:39:34.036] [jointLog] [info] processed bias for 60.0% of the transcripts
[2021-06-18 16:39:34.742] [jointLog] [info] processed bias for 70.0% of the transcripts
[2021-06-18 16:39:35.468] [jointLog] [info] processed bias for 80.0% of the transcripts
[2021-06-18 16:39:36.173] [jointLog] [info] processed bias for 90.0% of the transcripts
[2021-06-18 16:39:36.854] [jointLog] [info] processed bias for 100.0% of the transcripts
[2021-06-18 16:39:36.859] [jointLog] [info] processed bias for 100.0% of the transcripts
[2021-06-18 16:39:37.902] [jointLog] [info] iteration = 100 | max rel diff. = 7.99556
[2021-06-18 16:39:39.085] [jointLog] [info] iteration = 200 | max rel diff. = 2.72367
[2021-06-18 16:39:40.323] [jointLog] [info] iteration = 300 | max rel diff. = 1.82887
[2021-06-18 16:39:41.476] [jointLog] [info] iteration = 400 | max rel diff. = 0.408524
[2021-06-18 16:39:42.660] [jointLog] [info] iteration = 500 | max rel diff. = 0.17497
[2021-06-18 16:39:43.862] [jointLog] [info] iteration = 600 | max rel diff. = 2.15306
[2021-06-18 16:39:45.081] [jointLog] [info] iteration = 700 | max rel diff. = 0.0218177
[2021-06-18 16:39:46.361] [jointLog] [info] iteration = 800 | max rel diff. = 0.183985
[2021-06-18 16:39:47.749] [jointLog] [info] iteration = 900 | max rel diff. = 0.0483956
[2021-06-18 16:39:48.890] [jointLog] [info] iteration = 993 | max rel diff. = 0.00663736
[2021-06-18 16:39:48.933] [jointLog] [info] Finished optimizer
[2021-06-18 16:39:48.933] [jointLog] [info] writing output 

