[2021-06-18 16:51:47.621] [jointLog] [info] setting maxHashResizeThreads to 8
[2021-06-18 16:51:47.621] [jointLog] [info] Fragment incompatibility prior below threshold.  Incompatible fragments will be ignored.
[2021-06-18 16:51:47.621] [jointLog] [info] Usage of --validateMappings implies use of minScoreFraction. Since not explicitly specified, it is being set to 0.65
[2021-06-18 16:51:47.621] [jointLog] [info] Setting consensusSlack to selective-alignment default of 0.35.
[2021-06-18 16:51:47.621] [jointLog] [info] parsing read library format
[2021-06-18 16:51:47.621] [jointLog] [info] There is 1 library.
[2021-06-18 16:51:47.727] [jointLog] [info] Loading pufferfish index
[2021-06-18 16:51:47.728] [jointLog] [info] Loading dense pufferfish index.
[2021-06-18 16:52:25.821] [jointLog] [info] done
[2021-06-18 16:52:25.821] [jointLog] [info] Index contained 140,850 targets
[2021-06-18 16:52:26.351] [jointLog] [info] Number of decoys : 61
[2021-06-18 16:52:26.351] [jointLog] [info] First decoy index : 140,750 
[2021-06-18 16:52:49.887] [fileLog] [info] 
At end of round 0
==================
Observed 5656356 total fragments (5656356 in most recent round)

[2021-06-18 16:52:49.886] [jointLog] [info] Computed 206,868 rich equivalence classes for further processing
[2021-06-18 16:52:49.886] [jointLog] [info] Counted 5,048,552 total reads in the equivalence classes 
[2021-06-18 16:52:49.894] [jointLog] [info] Number of mappings discarded because of alignment score : 2,542,939
[2021-06-18 16:52:49.894] [jointLog] [info] Number of fragments entirely discarded because of alignment score : 185,754
[2021-06-18 16:52:49.894] [jointLog] [info] Number of fragments discarded because they are best-mapped to decoys : 109,154
[2021-06-18 16:52:49.894] [jointLog] [info] Number of fragments discarded because they have only dovetail (discordant) mappings to valid targets : 0
[2021-06-18 16:52:49.894] [jointLog] [info] Mapping rate = 89.2545%

[2021-06-18 16:52:49.894] [jointLog] [info] finished quantifyLibrary()
[2021-06-18 16:52:49.895] [jointLog] [info] Starting optimizer
[2021-06-18 16:52:49.998] [jointLog] [info] Marked 0 weighted equivalence classes as degenerate
[2021-06-18 16:52:50.015] [jointLog] [info] iteration = 0 | max rel diff. = 3201.21
[2021-06-18 16:52:50.170] [jointLog] [info] iteration 11, adjusting effective lengths to account for biases
[2021-06-18 16:52:51.375] [jointLog] [info] Computed expected counts (for bias correction)
[2021-06-18 16:52:51.375] [jointLog] [info] processed bias for 0.0% of the transcripts
[2021-06-18 16:52:52.156] [jointLog] [info] processed bias for 10.0% of the transcripts
[2021-06-18 16:52:53.009] [jointLog] [info] processed bias for 20.0% of the transcripts
[2021-06-18 16:52:53.815] [jointLog] [info] processed bias for 30.0% of the transcripts
[2021-06-18 16:52:54.687] [jointLog] [info] processed bias for 40.0% of the transcripts
[2021-06-18 16:52:55.532] [jointLog] [info] processed bias for 50.0% of the transcripts
[2021-06-18 16:52:56.253] [jointLog] [info] processed bias for 60.0% of the transcripts
[2021-06-18 16:52:56.983] [jointLog] [info] processed bias for 70.0% of the transcripts
[2021-06-18 16:52:57.730] [jointLog] [info] processed bias for 80.0% of the transcripts
[2021-06-18 16:52:58.487] [jointLog] [info] processed bias for 90.0% of the transcripts
[2021-06-18 16:52:59.146] [jointLog] [info] processed bias for 100.0% of the transcripts
[2021-06-18 16:52:59.150] [jointLog] [info] processed bias for 100.0% of the transcripts
[2021-06-18 16:53:00.190] [jointLog] [info] iteration = 100 | max rel diff. = 13.5717
[2021-06-18 16:53:01.310] [jointLog] [info] iteration = 200 | max rel diff. = 7.41864
[2021-06-18 16:53:02.444] [jointLog] [info] iteration = 300 | max rel diff. = 5.17306
[2021-06-18 16:53:03.551] [jointLog] [info] iteration = 400 | max rel diff. = 0.179862
[2021-06-18 16:53:04.675] [jointLog] [info] iteration = 500 | max rel diff. = 0.274386
[2021-06-18 16:53:05.783] [jointLog] [info] iteration = 600 | max rel diff. = 0.106956
[2021-06-18 16:53:06.891] [jointLog] [info] iteration = 700 | max rel diff. = 0.137427
[2021-06-18 16:53:08.005] [jointLog] [info] iteration = 800 | max rel diff. = 0.234088
[2021-06-18 16:53:09.131] [jointLog] [info] iteration = 900 | max rel diff. = 0.0185405
[2021-06-18 16:53:10.222] [jointLog] [info] iteration = 1,000 | max rel diff. = 0.0552929
[2021-06-18 16:53:11.321] [jointLog] [info] iteration = 1,100 | max rel diff. = 0.0642994
[2021-06-18 16:53:12.467] [jointLog] [info] iteration = 1,200 | max rel diff. = 0.0857469
[2021-06-18 16:53:13.545] [jointLog] [info] iteration = 1,296 | max rel diff. = 0.00912957
[2021-06-18 16:53:13.574] [jointLog] [info] Finished optimizer
[2021-06-18 16:53:13.574] [jointLog] [info] writing output 

