[2021-06-22 22:56:51.340] [jointLog] [info] setting maxHashResizeThreads to 8
[2021-06-22 22:56:51.340] [jointLog] [info] Fragment incompatibility prior below threshold.  Incompatible fragments will be ignored.
[2021-06-22 22:56:51.341] [jointLog] [info] Usage of --validateMappings implies use of minScoreFraction. Since not explicitly specified, it is being set to 0.65
[2021-06-22 22:56:51.341] [jointLog] [info] Setting consensusSlack to selective-alignment default of 0.35.
[2021-06-22 22:56:51.341] [jointLog] [info] parsing read library format
[2021-06-22 22:56:51.341] [jointLog] [info] There is 1 library.
[2021-06-22 22:56:51.435] [jointLog] [info] Loading pufferfish index
[2021-06-22 22:56:51.435] [jointLog] [info] Loading dense pufferfish index.
[2021-06-22 22:57:31.072] [jointLog] [info] done
[2021-06-22 22:57:31.072] [jointLog] [info] Index contained 140,850 targets
[2021-06-22 22:57:31.594] [jointLog] [info] Number of decoys : 61
[2021-06-22 22:57:31.594] [jointLog] [info] First decoy index : 140,750 
[2021-06-22 22:59:34.685] [jointLog] [info] Thread saw mini-batch with a maximum of 0.18% zero probability fragments
[2021-06-22 22:59:34.761] [jointLog] [info] Thread saw mini-batch with a maximum of 0.10% zero probability fragments
[2021-06-22 22:59:34.766] [jointLog] [info] Thread saw mini-batch with a maximum of 0.10% zero probability fragments
[2021-06-22 22:59:34.773] [jointLog] [info] Thread saw mini-batch with a maximum of 0.12% zero probability fragments
[2021-06-22 22:59:34.805] [jointLog] [info] Thread saw mini-batch with a maximum of 0.12% zero probability fragments
[2021-06-22 22:59:34.867] [jointLog] [info] Thread saw mini-batch with a maximum of 0.12% zero probability fragments
[2021-06-22 22:59:34.879] [jointLog] [info] Thread saw mini-batch with a maximum of 0.12% zero probability fragments
[2021-06-22 22:59:34.883] [jointLog] [info] Thread saw mini-batch with a maximum of 0.14% zero probability fragments
[2021-06-22 22:59:35.127] [jointLog] [info] Computed 217,927 rich equivalence classes for further processing
[2021-06-22 22:59:35.127] [jointLog] [info] Counted 13,383,719 total reads in the equivalence classes 
[2021-06-22 22:59:35.135] [jointLog] [warning] 0.10112% of fragments were shorter than the k used to build the index.
If this fraction is too large, consider re-building the index with a smaller k.
The minimum read size found was 10.


[2021-06-22 22:59:35.135] [jointLog] [info] Number of orphans recovered using orphan rescue : 432,171
[2021-06-22 22:59:35.135] [jointLog] [info] Number of mappings discarded because of alignment score : 5,798,341
[2021-06-22 22:59:35.135] [jointLog] [info] Number of fragments entirely discarded because of alignment score : 707,436
[2021-06-22 22:59:35.135] [jointLog] [info] Number of fragments discarded because they are best-mapped to decoys : 399,736
[2021-06-22 22:59:35.135] [jointLog] [info] Mapping rate = 90.2298%

[2021-06-22 22:59:35.135] [jointLog] [info] finished quantifyLibrary()
[2021-06-22 22:59:35.136] [jointLog] [info] Starting optimizer
[2021-06-22 22:59:35.245] [jointLog] [info] Marked 0 weighted equivalence classes as degenerate
[2021-06-22 22:59:35.262] [jointLog] [info] iteration = 0 | max rel diff. = 6939.34
[2021-06-22 22:59:35.417] [jointLog] [info] iteration 11, adjusting effective lengths to account for biases
[2021-06-22 22:59:35.128] [fileLog] [info] 
At end of round 0
==================
Observed 14832927 total fragments (14832927 in most recent round)

[2021-06-22 22:59:36.793] [jointLog] [info] Computed expected counts (for bias correction)
[2021-06-22 22:59:36.793] [jointLog] [info] processed bias for 0.1% of the transcripts
[2021-06-22 22:59:37.779] [jointLog] [info] processed bias for 10.0% of the transcripts
[2021-06-22 22:59:38.829] [jointLog] [info] processed bias for 20.0% of the transcripts
[2021-06-22 22:59:39.940] [jointLog] [info] processed bias for 30.0% of the transcripts
[2021-06-22 22:59:41.004] [jointLog] [info] processed bias for 40.0% of the transcripts
[2021-06-22 22:59:42.019] [jointLog] [info] processed bias for 50.0% of the transcripts
[2021-06-22 22:59:43.067] [jointLog] [info] processed bias for 60.0% of the transcripts
[2021-06-22 22:59:44.020] [jointLog] [info] processed bias for 70.0% of the transcripts
[2021-06-22 22:59:44.987] [jointLog] [info] processed bias for 80.0% of the transcripts
[2021-06-22 22:59:46.012] [jointLog] [info] processed bias for 90.0% of the transcripts
[2021-06-22 22:59:46.892] [jointLog] [info] processed bias for 100.0% of the transcripts
[2021-06-22 22:59:46.894] [jointLog] [info] processed bias for 100.0% of the transcripts
[2021-06-22 22:59:48.045] [jointLog] [info] iteration = 100 | max rel diff. = 19.2843
[2021-06-22 22:59:49.309] [jointLog] [info] iteration = 200 | max rel diff. = 7.28678
[2021-06-22 22:59:50.587] [jointLog] [info] iteration = 300 | max rel diff. = 0.398126
[2021-06-22 22:59:51.823] [jointLog] [info] iteration = 400 | max rel diff. = 4.17261
[2021-06-22 22:59:53.088] [jointLog] [info] iteration = 500 | max rel diff. = 0.27013
[2021-06-22 22:59:54.355] [jointLog] [info] iteration = 600 | max rel diff. = 0.0618539
[2021-06-22 22:59:55.623] [jointLog] [info] iteration = 700 | max rel diff. = 0.231824
[2021-06-22 22:59:56.905] [jointLog] [info] iteration = 800 | max rel diff. = 0.243161
[2021-06-22 22:59:58.186] [jointLog] [info] iteration = 900 | max rel diff. = 0.0706209
[2021-06-22 22:59:59.456] [jointLog] [info] iteration = 1,000 | max rel diff. = 0.0913529
[2021-06-22 23:00:00.739] [jointLog] [info] iteration = 1,100 | max rel diff. = 0.305397
[2021-06-22 23:00:02.021] [jointLog] [info] iteration = 1,200 | max rel diff. = 0.0617152
[2021-06-22 23:00:03.329] [jointLog] [info] iteration = 1,300 | max rel diff. = 0.0205753
[2021-06-22 23:00:04.632] [jointLog] [info] iteration = 1,400 | max rel diff. = 0.176383
[2021-06-22 23:00:05.935] [jointLog] [info] iteration = 1,500 | max rel diff. = 0.2572
[2021-06-22 23:00:07.235] [jointLog] [info] iteration = 1,600 | max rel diff. = 0.149429
[2021-06-22 23:00:07.390] [jointLog] [info] iteration = 1,613 | max rel diff. = 0.00773301
[2021-06-22 23:00:07.423] [jointLog] [info] Finished optimizer
[2021-06-22 23:00:07.423] [jointLog] [info] writing output 

