[2021-06-18 16:50:01.751] [jointLog] [info] setting maxHashResizeThreads to 8
[2021-06-18 16:50:01.751] [jointLog] [info] Fragment incompatibility prior below threshold.  Incompatible fragments will be ignored.
[2021-06-18 16:50:01.751] [jointLog] [info] Usage of --validateMappings implies use of minScoreFraction. Since not explicitly specified, it is being set to 0.65
[2021-06-18 16:50:01.751] [jointLog] [info] Setting consensusSlack to selective-alignment default of 0.35.
[2021-06-18 16:50:01.751] [jointLog] [info] parsing read library format
[2021-06-18 16:50:01.751] [jointLog] [info] There is 1 library.
[2021-06-18 16:50:01.834] [jointLog] [info] Loading pufferfish index
[2021-06-18 16:50:01.834] [jointLog] [info] Loading dense pufferfish index.
[2021-06-18 16:50:40.542] [jointLog] [info] done
[2021-06-18 16:50:40.542] [jointLog] [info] Index contained 140,850 targets
[2021-06-18 16:50:41.121] [jointLog] [info] Number of decoys : 61
[2021-06-18 16:50:41.121] [jointLog] [info] First decoy index : 140,750 
[2021-06-18 16:51:01.613] [fileLog] [info] 
At end of round 0
==================
Observed 4821965 total fragments (4821965 in most recent round)

[2021-06-18 16:51:01.612] [jointLog] [info] Computed 189,959 rich equivalence classes for further processing
[2021-06-18 16:51:01.612] [jointLog] [info] Counted 4,302,351 total reads in the equivalence classes 
[2021-06-18 16:51:01.619] [jointLog] [info] Number of mappings discarded because of alignment score : 2,120,231
[2021-06-18 16:51:01.619] [jointLog] [info] Number of fragments entirely discarded because of alignment score : 151,625
[2021-06-18 16:51:01.619] [jointLog] [info] Number of fragments discarded because they are best-mapped to decoys : 86,290
[2021-06-18 16:51:01.619] [jointLog] [info] Number of fragments discarded because they have only dovetail (discordant) mappings to valid targets : 0
[2021-06-18 16:51:01.643] [jointLog] [warning] Only 4302351 fragments were mapped, but the number of burn-in fragments was set to 5000000.
The effective lengths have been computed using the observed mappings.

[2021-06-18 16:51:01.643] [jointLog] [info] Mapping rate = 89.224%

[2021-06-18 16:51:01.643] [jointLog] [info] finished quantifyLibrary()
[2021-06-18 16:51:01.643] [jointLog] [info] Starting optimizer
[2021-06-18 16:51:01.734] [jointLog] [info] Marked 0 weighted equivalence classes as degenerate
[2021-06-18 16:51:01.750] [jointLog] [info] iteration = 0 | max rel diff. = 2772.62
[2021-06-18 16:51:01.888] [jointLog] [info] iteration 11, adjusting effective lengths to account for biases
[2021-06-18 16:51:03.035] [jointLog] [info] Computed expected counts (for bias correction)
[2021-06-18 16:51:03.036] [jointLog] [info] processed bias for 0.0% of the transcripts
[2021-06-18 16:51:03.779] [jointLog] [info] processed bias for 10.0% of the transcripts
[2021-06-18 16:51:04.612] [jointLog] [info] processed bias for 20.0% of the transcripts
[2021-06-18 16:51:05.386] [jointLog] [info] processed bias for 30.0% of the transcripts
[2021-06-18 16:51:06.073] [jointLog] [info] processed bias for 40.0% of the transcripts
[2021-06-18 16:51:06.851] [jointLog] [info] processed bias for 50.0% of the transcripts
[2021-06-18 16:51:07.541] [jointLog] [info] processed bias for 60.0% of the transcripts
[2021-06-18 16:51:08.405] [jointLog] [info] processed bias for 70.0% of the transcripts
[2021-06-18 16:51:09.233] [jointLog] [info] processed bias for 80.0% of the transcripts
[2021-06-18 16:51:10.009] [jointLog] [info] processed bias for 90.0% of the transcripts
[2021-06-18 16:51:10.812] [jointLog] [info] processed bias for 100.0% of the transcripts
[2021-06-18 16:51:10.813] [jointLog] [info] processed bias for 100.0% of the transcripts
[2021-06-18 16:51:11.908] [jointLog] [info] iteration = 100 | max rel diff. = 17.4947
[2021-06-18 16:51:13.125] [jointLog] [info] iteration = 200 | max rel diff. = 4.93995
[2021-06-18 16:51:14.328] [jointLog] [info] iteration = 300 | max rel diff. = 1.48488
[2021-06-18 16:51:15.534] [jointLog] [info] iteration = 400 | max rel diff. = 0.170474
[2021-06-18 16:51:16.744] [jointLog] [info] iteration = 500 | max rel diff. = 0.29158
[2021-06-18 16:51:17.895] [jointLog] [info] iteration = 600 | max rel diff. = 0.0758411
[2021-06-18 16:51:19.042] [jointLog] [info] iteration = 700 | max rel diff. = 0.0981657
[2021-06-18 16:51:20.190] [jointLog] [info] iteration = 800 | max rel diff. = 0.0643275
[2021-06-18 16:51:21.340] [jointLog] [info] iteration = 900 | max rel diff. = 0.0954484
[2021-06-18 16:51:22.518] [jointLog] [info] iteration = 1,000 | max rel diff. = 0.616054
[2021-06-18 16:51:23.657] [jointLog] [info] iteration = 1,100 | max rel diff. = 0.587413
[2021-06-18 16:51:24.216] [jointLog] [info] iteration = 1,150 | max rel diff. = 0.00451787
[2021-06-18 16:51:24.255] [jointLog] [info] Finished optimizer
[2021-06-18 16:51:24.255] [jointLog] [info] writing output 

