[2021-06-18 16:44:16.799] [jointLog] [info] setting maxHashResizeThreads to 8
[2021-06-18 16:44:16.799] [jointLog] [info] Fragment incompatibility prior below threshold.  Incompatible fragments will be ignored.
[2021-06-18 16:44:16.799] [jointLog] [info] Usage of --validateMappings implies use of minScoreFraction. Since not explicitly specified, it is being set to 0.65
[2021-06-18 16:44:16.799] [jointLog] [info] Setting consensusSlack to selective-alignment default of 0.35.
[2021-06-18 16:44:16.799] [jointLog] [info] parsing read library format
[2021-06-18 16:44:16.799] [jointLog] [info] There is 1 library.
[2021-06-18 16:44:16.902] [jointLog] [info] Loading pufferfish index
[2021-06-18 16:44:16.902] [jointLog] [info] Loading dense pufferfish index.
[2021-06-18 16:44:54.079] [jointLog] [info] done
[2021-06-18 16:44:54.079] [jointLog] [info] Index contained 140,850 targets
[2021-06-18 16:44:54.622] [jointLog] [info] Number of decoys : 61
[2021-06-18 16:44:54.622] [jointLog] [info] First decoy index : 140,750 
[2021-06-18 16:45:19.410] [fileLog] [info] 
At end of round 0
==================
Observed 6688725 total fragments (6688725 in most recent round)

[2021-06-18 16:45:19.409] [jointLog] [info] Computed 174,271 rich equivalence classes for further processing
[2021-06-18 16:45:19.409] [jointLog] [info] Counted 6,124,343 total reads in the equivalence classes 
[2021-06-18 16:45:19.417] [jointLog] [info] Number of mappings discarded because of alignment score : 2,728,189
[2021-06-18 16:45:19.417] [jointLog] [info] Number of fragments entirely discarded because of alignment score : 185,952
[2021-06-18 16:45:19.417] [jointLog] [info] Number of fragments discarded because they are best-mapped to decoys : 109,294
[2021-06-18 16:45:19.417] [jointLog] [info] Number of fragments discarded because they have only dovetail (discordant) mappings to valid targets : 0
[2021-06-18 16:45:19.417] [jointLog] [info] Mapping rate = 91.5622%

[2021-06-18 16:45:19.418] [jointLog] [info] finished quantifyLibrary()
[2021-06-18 16:45:19.418] [jointLog] [info] Starting optimizer
[2021-06-18 16:45:19.517] [jointLog] [info] Marked 0 weighted equivalence classes as degenerate
[2021-06-18 16:45:19.534] [jointLog] [info] iteration = 0 | max rel diff. = 3807.29
[2021-06-18 16:45:19.685] [jointLog] [info] iteration 11, adjusting effective lengths to account for biases
[2021-06-18 16:45:20.775] [jointLog] [info] Computed expected counts (for bias correction)
[2021-06-18 16:45:20.775] [jointLog] [info] processed bias for 0.0% of the transcripts
[2021-06-18 16:45:21.424] [jointLog] [info] processed bias for 10.0% of the transcripts
[2021-06-18 16:45:22.143] [jointLog] [info] processed bias for 20.0% of the transcripts
[2021-06-18 16:45:22.877] [jointLog] [info] processed bias for 30.0% of the transcripts
[2021-06-18 16:45:23.613] [jointLog] [info] processed bias for 40.0% of the transcripts
[2021-06-18 16:45:24.349] [jointLog] [info] processed bias for 50.0% of the transcripts
[2021-06-18 16:45:25.097] [jointLog] [info] processed bias for 60.0% of the transcripts
[2021-06-18 16:45:25.812] [jointLog] [info] processed bias for 70.0% of the transcripts
[2021-06-18 16:45:26.525] [jointLog] [info] processed bias for 80.0% of the transcripts
[2021-06-18 16:45:27.141] [jointLog] [info] processed bias for 90.0% of the transcripts
[2021-06-18 16:45:27.891] [jointLog] [info] processed bias for 100.0% of the transcripts
[2021-06-18 16:45:27.894] [jointLog] [info] processed bias for 100.0% of the transcripts
[2021-06-18 16:45:28.909] [jointLog] [info] iteration = 100 | max rel diff. = 11.0582
[2021-06-18 16:45:30.040] [jointLog] [info] iteration = 200 | max rel diff. = 0.863334
[2021-06-18 16:45:31.123] [jointLog] [info] iteration = 300 | max rel diff. = 0.388588
[2021-06-18 16:45:32.261] [jointLog] [info] iteration = 400 | max rel diff. = 0.560837
[2021-06-18 16:45:33.324] [jointLog] [info] iteration = 500 | max rel diff. = 0.122417
[2021-06-18 16:45:34.388] [jointLog] [info] iteration = 600 | max rel diff. = 0.389928
[2021-06-18 16:45:35.436] [jointLog] [info] iteration = 700 | max rel diff. = 0.342797
[2021-06-18 16:45:36.639] [jointLog] [info] iteration = 800 | max rel diff. = 7.09769
[2021-06-18 16:45:37.837] [jointLog] [info] iteration = 900 | max rel diff. = 0.095192
[2021-06-18 16:45:38.940] [jointLog] [info] iteration = 1,000 | max rel diff. = 0.0255348
[2021-06-18 16:45:39.999] [jointLog] [info] iteration = 1,100 | max rel diff. = 0.0742349
[2021-06-18 16:45:41.058] [jointLog] [info] iteration = 1,200 | max rel diff. = 0.0516729
[2021-06-18 16:45:41.781] [jointLog] [info] iteration = 1,269 | max rel diff. = 0.00677576
[2021-06-18 16:45:41.811] [jointLog] [info] Finished optimizer
[2021-06-18 16:45:41.811] [jointLog] [info] writing output 

