[2021-06-18 16:40:32.320] [jointLog] [info] setting maxHashResizeThreads to 8
[2021-06-18 16:40:32.320] [jointLog] [info] Fragment incompatibility prior below threshold.  Incompatible fragments will be ignored.
[2021-06-18 16:40:32.320] [jointLog] [info] Usage of --validateMappings implies use of minScoreFraction. Since not explicitly specified, it is being set to 0.65
[2021-06-18 16:40:32.320] [jointLog] [info] Setting consensusSlack to selective-alignment default of 0.35.
[2021-06-18 16:40:32.320] [jointLog] [info] parsing read library format
[2021-06-18 16:40:32.320] [jointLog] [info] There is 1 library.
[2021-06-18 16:40:32.421] [jointLog] [info] Loading pufferfish index
[2021-06-18 16:40:32.421] [jointLog] [info] Loading dense pufferfish index.
[2021-06-18 16:41:10.742] [jointLog] [info] done
[2021-06-18 16:41:10.742] [jointLog] [info] Index contained 140,850 targets
[2021-06-18 16:41:11.271] [jointLog] [info] Number of decoys : 61
[2021-06-18 16:41:11.271] [jointLog] [info] First decoy index : 140,750 
[2021-06-18 16:41:38.137] [jointLog] [info] Computed 212,105 rich equivalence classes for further processing
[2021-06-18 16:41:38.137] [jointLog] [info] Counted 5,224,333 total reads in the equivalence classes 
[2021-06-18 16:41:38.145] [jointLog] [info] Number of mappings discarded because of alignment score : 2,603,286
[2021-06-18 16:41:38.145] [jointLog] [info] Number of fragments entirely discarded because of alignment score : 189,594
[2021-06-18 16:41:38.145] [jointLog] [info] Number of fragments discarded because they are best-mapped to decoys : 115,566
[2021-06-18 16:41:38.145] [jointLog] [info] Number of fragments discarded because they have only dovetail (discordant) mappings to valid targets : 0
[2021-06-18 16:41:38.145] [jointLog] [info] Mapping rate = 89.1045%

[2021-06-18 16:41:38.145] [jointLog] [info] finished quantifyLibrary()
[2021-06-18 16:41:38.145] [jointLog] [info] Starting optimizer
[2021-06-18 16:41:38.251] [jointLog] [info] Marked 0 weighted equivalence classes as degenerate
[2021-06-18 16:41:38.269] [jointLog] [info] iteration = 0 | max rel diff. = 3310.25
[2021-06-18 16:41:38.426] [jointLog] [info] iteration 11, adjusting effective lengths to account for biases
[2021-06-18 16:41:38.137] [fileLog] [info] 
At end of round 0
==================
Observed 5863154 total fragments (5863154 in most recent round)

[2021-06-18 16:41:39.732] [jointLog] [info] Computed expected counts (for bias correction)
[2021-06-18 16:41:39.733] [jointLog] [info] processed bias for 0.1% of the transcripts
[2021-06-18 16:41:40.575] [jointLog] [info] processed bias for 10.0% of the transcripts
[2021-06-18 16:41:41.430] [jointLog] [info] processed bias for 20.0% of the transcripts
[2021-06-18 16:41:42.318] [jointLog] [info] processed bias for 30.0% of the transcripts
[2021-06-18 16:41:43.145] [jointLog] [info] processed bias for 40.0% of the transcripts
[2021-06-18 16:41:43.991] [jointLog] [info] processed bias for 50.0% of the transcripts
[2021-06-18 16:41:44.823] [jointLog] [info] processed bias for 60.0% of the transcripts
[2021-06-18 16:41:45.734] [jointLog] [info] processed bias for 70.0% of the transcripts
[2021-06-18 16:41:46.505] [jointLog] [info] processed bias for 80.0% of the transcripts
[2021-06-18 16:41:47.309] [jointLog] [info] processed bias for 90.0% of the transcripts
[2021-06-18 16:41:48.099] [jointLog] [info] processed bias for 100.0% of the transcripts
[2021-06-18 16:41:48.101] [jointLog] [info] processed bias for 100.0% of the transcripts
[2021-06-18 16:41:49.190] [jointLog] [info] iteration = 100 | max rel diff. = 14.8645
[2021-06-18 16:41:50.396] [jointLog] [info] iteration = 200 | max rel diff. = 11.218
[2021-06-18 16:41:51.597] [jointLog] [info] iteration = 300 | max rel diff. = 3.0185
[2021-06-18 16:41:52.847] [jointLog] [info] iteration = 400 | max rel diff. = 2.00407
[2021-06-18 16:41:54.109] [jointLog] [info] iteration = 500 | max rel diff. = 0.576521
[2021-06-18 16:41:55.292] [jointLog] [info] iteration = 600 | max rel diff. = 1.509
[2021-06-18 16:41:56.474] [jointLog] [info] iteration = 700 | max rel diff. = 0.041972
[2021-06-18 16:41:57.683] [jointLog] [info] iteration = 800 | max rel diff. = 0.232004
[2021-06-18 16:41:58.893] [jointLog] [info] iteration = 900 | max rel diff. = 0.0422111
[2021-06-18 16:42:00.153] [jointLog] [info] iteration = 1,000 | max rel diff. = 0.0260518
[2021-06-18 16:42:01.419] [jointLog] [info] iteration = 1,100 | max rel diff. = 0.0121242
[2021-06-18 16:42:02.667] [jointLog] [info] iteration = 1,200 | max rel diff. = 0.251831
[2021-06-18 16:42:02.743] [jointLog] [info] iteration = 1,207 | max rel diff. = 0.00878348
[2021-06-18 16:42:02.777] [jointLog] [info] Finished optimizer
[2021-06-18 16:42:02.777] [jointLog] [info] writing output 

