[2021-06-18 16:42:21.204] [jointLog] [info] setting maxHashResizeThreads to 8
[2021-06-18 16:42:21.204] [jointLog] [info] Fragment incompatibility prior below threshold.  Incompatible fragments will be ignored.
[2021-06-18 16:42:21.204] [jointLog] [info] Usage of --validateMappings implies use of minScoreFraction. Since not explicitly specified, it is being set to 0.65
[2021-06-18 16:42:21.204] [jointLog] [info] Setting consensusSlack to selective-alignment default of 0.35.
[2021-06-18 16:42:21.204] [jointLog] [info] parsing read library format
[2021-06-18 16:42:21.204] [jointLog] [info] There is 1 library.
[2021-06-18 16:42:21.306] [jointLog] [info] Loading pufferfish index
[2021-06-18 16:42:21.306] [jointLog] [info] Loading dense pufferfish index.
[2021-06-18 16:43:01.369] [jointLog] [info] done
[2021-06-18 16:43:01.369] [jointLog] [info] Index contained 140,850 targets
[2021-06-18 16:43:01.887] [jointLog] [info] Number of decoys : 61
[2021-06-18 16:43:01.887] [jointLog] [info] First decoy index : 140,750 
[2021-06-18 16:43:33.326] [fileLog] [info] 
At end of round 0
==================
Observed 6917159 total fragments (6917159 in most recent round)

[2021-06-18 16:43:33.326] [jointLog] [info] Computed 227,221 rich equivalence classes for further processing
[2021-06-18 16:43:33.326] [jointLog] [info] Counted 6,092,659 total reads in the equivalence classes 
[2021-06-18 16:43:33.367] [jointLog] [info] Number of mappings discarded because of alignment score : 3,057,413
[2021-06-18 16:43:33.367] [jointLog] [info] Number of fragments entirely discarded because of alignment score : 225,305
[2021-06-18 16:43:33.367] [jointLog] [info] Number of fragments discarded because they are best-mapped to decoys : 137,828
[2021-06-18 16:43:33.367] [jointLog] [info] Number of fragments discarded because they have only dovetail (discordant) mappings to valid targets : 0
[2021-06-18 16:43:33.367] [jointLog] [info] Mapping rate = 88.0804%

[2021-06-18 16:43:33.367] [jointLog] [info] finished quantifyLibrary()
[2021-06-18 16:43:33.367] [jointLog] [info] Starting optimizer
[2021-06-18 16:43:33.489] [jointLog] [info] Marked 0 weighted equivalence classes as degenerate
[2021-06-18 16:43:33.508] [jointLog] [info] iteration = 0 | max rel diff. = 3782.57
[2021-06-18 16:43:33.678] [jointLog] [info] iteration 11, adjusting effective lengths to account for biases
[2021-06-18 16:43:35.036] [jointLog] [info] Computed expected counts (for bias correction)
[2021-06-18 16:43:35.036] [jointLog] [info] processed bias for 0.0% of the transcripts
[2021-06-18 16:43:35.907] [jointLog] [info] processed bias for 10.0% of the transcripts
[2021-06-18 16:43:36.869] [jointLog] [info] processed bias for 20.0% of the transcripts
[2021-06-18 16:43:37.762] [jointLog] [info] processed bias for 30.0% of the transcripts
[2021-06-18 16:43:38.711] [jointLog] [info] processed bias for 40.0% of the transcripts
[2021-06-18 16:43:39.604] [jointLog] [info] processed bias for 50.0% of the transcripts
[2021-06-18 16:43:40.480] [jointLog] [info] processed bias for 60.0% of the transcripts
[2021-06-18 16:43:41.304] [jointLog] [info] processed bias for 70.0% of the transcripts
[2021-06-18 16:43:42.130] [jointLog] [info] processed bias for 80.0% of the transcripts
[2021-06-18 16:43:42.907] [jointLog] [info] processed bias for 90.0% of the transcripts
[2021-06-18 16:43:43.684] [jointLog] [info] processed bias for 100.0% of the transcripts
[2021-06-18 16:43:43.686] [jointLog] [info] processed bias for 100.0% of the transcripts
[2021-06-18 16:43:44.830] [jointLog] [info] iteration = 100 | max rel diff. = 20.7455
[2021-06-18 16:43:46.074] [jointLog] [info] iteration = 200 | max rel diff. = 15.2378
[2021-06-18 16:43:47.298] [jointLog] [info] iteration = 300 | max rel diff. = 5.05549
[2021-06-18 16:43:48.527] [jointLog] [info] iteration = 400 | max rel diff. = 1.3474
[2021-06-18 16:43:49.774] [jointLog] [info] iteration = 500 | max rel diff. = 0.573596
[2021-06-18 16:43:50.996] [jointLog] [info] iteration = 600 | max rel diff. = 0.62605
[2021-06-18 16:43:52.237] [jointLog] [info] iteration = 700 | max rel diff. = 0.218908
[2021-06-18 16:43:53.464] [jointLog] [info] iteration = 800 | max rel diff. = 0.103734
[2021-06-18 16:43:54.693] [jointLog] [info] iteration = 900 | max rel diff. = 0.205018
[2021-06-18 16:43:55.938] [jointLog] [info] iteration = 1,000 | max rel diff. = 0.0251546
[2021-06-18 16:43:57.173] [jointLog] [info] iteration = 1,100 | max rel diff. = 0.0434053
[2021-06-18 16:43:58.399] [jointLog] [info] iteration = 1,200 | max rel diff. = 0.191078
[2021-06-18 16:43:59.638] [jointLog] [info] iteration = 1,300 | max rel diff. = 0.0180211
[2021-06-18 16:44:00.482] [jointLog] [info] iteration = 1,366 | max rel diff. = 0.00586164
[2021-06-18 16:44:00.523] [jointLog] [info] Finished optimizer
[2021-06-18 16:44:00.523] [jointLog] [info] writing output 

