[2021-06-22 21:54:02.190] [jointLog] [info] setting maxHashResizeThreads to 8
[2021-06-22 21:54:02.190] [jointLog] [info] Fragment incompatibility prior below threshold.  Incompatible fragments will be ignored.
[2021-06-22 21:54:02.190] [jointLog] [info] Usage of --validateMappings implies use of minScoreFraction. Since not explicitly specified, it is being set to 0.65
[2021-06-22 21:54:02.190] [jointLog] [info] Setting consensusSlack to selective-alignment default of 0.35.
[2021-06-22 21:54:02.190] [jointLog] [info] parsing read library format
[2021-06-22 21:54:02.190] [jointLog] [info] There is 1 library.
[2021-06-22 21:54:02.290] [jointLog] [info] Loading pufferfish index
[2021-06-22 21:54:02.290] [jointLog] [info] Loading dense pufferfish index.
[2021-06-22 21:54:40.147] [jointLog] [info] done
[2021-06-22 21:54:40.147] [jointLog] [info] Index contained 140,850 targets
[2021-06-22 21:54:40.673] [jointLog] [info] Number of decoys : 61
[2021-06-22 21:54:40.673] [jointLog] [info] First decoy index : 140,750 
[2021-06-22 21:58:00.474] [jointLog] [info] Thread saw mini-batch with a maximum of 0.16% zero probability fragments
[2021-06-22 21:58:00.495] [jointLog] [info] Thread saw mini-batch with a maximum of 0.12% zero probability fragments
[2021-06-22 21:58:00.496] [jointLog] [info] Thread saw mini-batch with a maximum of 0.12% zero probability fragments
[2021-06-22 21:58:00.498] [jointLog] [info] Thread saw mini-batch with a maximum of 0.18% zero probability fragments
[2021-06-22 21:58:00.535] [jointLog] [info] Thread saw mini-batch with a maximum of 0.12% zero probability fragments
[2021-06-22 21:58:00.601] [jointLog] [info] Thread saw mini-batch with a maximum of 0.12% zero probability fragments
[2021-06-22 21:58:00.718] [jointLog] [info] Thread saw mini-batch with a maximum of 0.10% zero probability fragments
[2021-06-22 21:58:00.751] [jointLog] [info] Thread saw mini-batch with a maximum of 0.14% zero probability fragments
[2021-06-22 21:58:00.987] [jointLog] [info] Computed 255,105 rich equivalence classes for further processing
[2021-06-22 21:58:00.987] [jointLog] [info] Counted 20,185,173 total reads in the equivalence classes 
[2021-06-22 21:58:00.995] [jointLog] [warning] 0.0940791% of fragments were shorter than the k used to build the index.
If this fraction is too large, consider re-building the index with a smaller k.
The minimum read size found was 10.


[2021-06-22 21:58:00.995] [jointLog] [info] Number of orphans recovered using orphan rescue : 716,005
[2021-06-22 21:58:00.995] [jointLog] [info] Number of mappings discarded because of alignment score : 8,922,060
[2021-06-22 21:58:00.995] [jointLog] [info] Number of fragments entirely discarded because of alignment score : 1,196,670
[2021-06-22 21:58:00.995] [jointLog] [info] Number of fragments discarded because they are best-mapped to decoys : 745,439
[2021-06-22 21:58:00.995] [jointLog] [info] Mapping rate = 88.7468%

[2021-06-22 21:58:00.995] [jointLog] [info] finished quantifyLibrary()
[2021-06-22 21:58:00.996] [jointLog] [info] Starting optimizer
[2021-06-22 21:58:01.113] [jointLog] [info] Marked 0 weighted equivalence classes as degenerate
[2021-06-22 21:58:01.131] [jointLog] [info] iteration = 0 | max rel diff. = 8469.87
[2021-06-22 21:58:01.295] [jointLog] [info] iteration 11, adjusting effective lengths to account for biases
[2021-06-22 21:58:00.988] [fileLog] [info] 
At end of round 0
==================
Observed 22744687 total fragments (22744687 in most recent round)

[2021-06-22 21:58:02.814] [jointLog] [info] Computed expected counts (for bias correction)
[2021-06-22 21:58:02.814] [jointLog] [info] processed bias for 0.0% of the transcripts
[2021-06-22 21:58:03.865] [jointLog] [info] processed bias for 10.0% of the transcripts
[2021-06-22 21:58:04.991] [jointLog] [info] processed bias for 20.0% of the transcripts
[2021-06-22 21:58:06.105] [jointLog] [info] processed bias for 30.0% of the transcripts
[2021-06-22 21:58:07.151] [jointLog] [info] processed bias for 40.0% of the transcripts
[2021-06-22 21:58:08.253] [jointLog] [info] processed bias for 50.0% of the transcripts
[2021-06-22 21:58:09.382] [jointLog] [info] processed bias for 60.0% of the transcripts
[2021-06-22 21:58:10.490] [jointLog] [info] processed bias for 70.0% of the transcripts
[2021-06-22 21:58:11.558] [jointLog] [info] processed bias for 80.0% of the transcripts
[2021-06-22 21:58:12.499] [jointLog] [info] processed bias for 90.0% of the transcripts
[2021-06-22 21:58:13.546] [jointLog] [info] processed bias for 100.0% of the transcripts
[2021-06-22 21:58:13.550] [jointLog] [info] processed bias for 100.0% of the transcripts
[2021-06-22 21:58:14.762] [jointLog] [info] iteration = 100 | max rel diff. = 12.147
[2021-06-22 21:58:16.111] [jointLog] [info] iteration = 200 | max rel diff. = 9.64914
[2021-06-22 21:58:17.476] [jointLog] [info] iteration = 300 | max rel diff. = 0.640164
[2021-06-22 21:58:18.815] [jointLog] [info] iteration = 400 | max rel diff. = 0.146518
[2021-06-22 21:58:20.183] [jointLog] [info] iteration = 500 | max rel diff. = 0.737493
[2021-06-22 21:58:21.748] [jointLog] [info] iteration = 600 | max rel diff. = 0.0734533
[2021-06-22 21:58:23.169] [jointLog] [info] iteration = 700 | max rel diff. = 0.489662
[2021-06-22 21:58:24.565] [jointLog] [info] iteration = 800 | max rel diff. = 0.0625074
[2021-06-22 21:58:25.995] [jointLog] [info] iteration = 900 | max rel diff. = 0.0927151
[2021-06-22 21:58:27.468] [jointLog] [info] iteration = 1,000 | max rel diff. = 0.170944
[2021-06-22 21:58:28.857] [jointLog] [info] iteration = 1,100 | max rel diff. = 0.02683
[2021-06-22 21:58:30.278] [jointLog] [info] iteration = 1,200 | max rel diff. = 0.0373466
[2021-06-22 21:58:31.659] [jointLog] [info] iteration = 1,300 | max rel diff. = 0.0132609
[2021-06-22 21:58:32.864] [jointLog] [info] iteration = 1,387 | max rel diff. = 0.00522635
[2021-06-22 21:58:32.896] [jointLog] [info] Finished optimizer
[2021-06-22 21:58:32.896] [jointLog] [info] writing output 

