[2021-06-22 22:09:05.813] [jointLog] [info] setting maxHashResizeThreads to 8
[2021-06-22 22:09:05.813] [jointLog] [info] Fragment incompatibility prior below threshold.  Incompatible fragments will be ignored.
[2021-06-22 22:09:05.813] [jointLog] [info] Usage of --validateMappings implies use of minScoreFraction. Since not explicitly specified, it is being set to 0.65
[2021-06-22 22:09:05.813] [jointLog] [info] Setting consensusSlack to selective-alignment default of 0.35.
[2021-06-22 22:09:05.813] [jointLog] [info] parsing read library format
[2021-06-22 22:09:05.813] [jointLog] [info] There is 1 library.
[2021-06-22 22:09:05.896] [jointLog] [info] Loading pufferfish index
[2021-06-22 22:09:05.896] [jointLog] [info] Loading dense pufferfish index.
[2021-06-22 22:09:46.434] [jointLog] [info] done
[2021-06-22 22:09:46.434] [jointLog] [info] Index contained 140,850 targets
[2021-06-22 22:09:47.051] [jointLog] [info] Number of decoys : 61
[2021-06-22 22:09:47.051] [jointLog] [info] First decoy index : 140,750 
[2021-06-22 22:12:42.199] [jointLog] [info] Thread saw mini-batch with a maximum of 0.10% zero probability fragments
[2021-06-22 22:12:42.204] [jointLog] [info] Thread saw mini-batch with a maximum of 0.14% zero probability fragments
[2021-06-22 22:12:42.217] [jointLog] [info] Thread saw mini-batch with a maximum of 0.12% zero probability fragments
[2021-06-22 22:12:42.237] [jointLog] [info] Thread saw mini-batch with a maximum of 0.12% zero probability fragments
[2021-06-22 22:12:42.249] [jointLog] [info] Thread saw mini-batch with a maximum of 0.12% zero probability fragments
[2021-06-22 22:12:42.331] [jointLog] [info] Thread saw mini-batch with a maximum of 0.10% zero probability fragments
[2021-06-22 22:12:42.350] [jointLog] [info] Thread saw mini-batch with a maximum of 0.14% zero probability fragments
[2021-06-22 22:12:42.466] [jointLog] [info] Thread saw mini-batch with a maximum of 0.10% zero probability fragments
[2021-06-22 22:12:42.784] [fileLog] [info] 
At end of round 0
==================
Observed 19810118 total fragments (19810118 in most recent round)

[2021-06-22 22:12:42.783] [jointLog] [info] Computed 242,488 rich equivalence classes for further processing
[2021-06-22 22:12:42.783] [jointLog] [info] Counted 17,706,224 total reads in the equivalence classes 
[2021-06-22 22:12:42.794] [jointLog] [warning] 0.107879% of fragments were shorter than the k used to build the index.
If this fraction is too large, consider re-building the index with a smaller k.
The minimum read size found was 10.


[2021-06-22 22:12:42.794] [jointLog] [info] Number of orphans recovered using orphan rescue : 599,034
[2021-06-22 22:12:42.794] [jointLog] [info] Number of mappings discarded because of alignment score : 7,726,504
[2021-06-22 22:12:42.794] [jointLog] [info] Number of fragments entirely discarded because of alignment score : 982,452
[2021-06-22 22:12:42.794] [jointLog] [info] Number of fragments discarded because they are best-mapped to decoys : 588,903
[2021-06-22 22:12:42.794] [jointLog] [info] Mapping rate = 89.3797%

[2021-06-22 22:12:42.794] [jointLog] [info] finished quantifyLibrary()
[2021-06-22 22:12:42.795] [jointLog] [info] Starting optimizer
[2021-06-22 22:12:42.935] [jointLog] [info] Marked 0 weighted equivalence classes as degenerate
[2021-06-22 22:12:42.953] [jointLog] [info] iteration = 0 | max rel diff. = 8081.43
[2021-06-22 22:12:43.122] [jointLog] [info] iteration 11, adjusting effective lengths to account for biases
[2021-06-22 22:12:44.623] [jointLog] [info] Computed expected counts (for bias correction)
[2021-06-22 22:12:44.623] [jointLog] [info] processed bias for 0.0% of the transcripts
[2021-06-22 22:12:45.712] [jointLog] [info] processed bias for 10.0% of the transcripts
[2021-06-22 22:12:46.834] [jointLog] [info] processed bias for 20.0% of the transcripts
[2021-06-22 22:12:47.948] [jointLog] [info] processed bias for 30.0% of the transcripts
[2021-06-22 22:12:49.083] [jointLog] [info] processed bias for 40.0% of the transcripts
[2021-06-22 22:12:50.172] [jointLog] [info] processed bias for 50.0% of the transcripts
[2021-06-22 22:12:51.198] [jointLog] [info] processed bias for 60.0% of the transcripts
[2021-06-22 22:12:52.289] [jointLog] [info] processed bias for 70.0% of the transcripts
[2021-06-22 22:12:53.419] [jointLog] [info] processed bias for 80.0% of the transcripts
[2021-06-22 22:12:54.397] [jointLog] [info] processed bias for 90.1% of the transcripts
[2021-06-22 22:12:55.379] [jointLog] [info] processed bias for 100.0% of the transcripts
[2021-06-22 22:12:55.387] [jointLog] [info] processed bias for 100.0% of the transcripts
[2021-06-22 22:12:56.588] [jointLog] [info] iteration = 100 | max rel diff. = 14.4684
[2021-06-22 22:12:57.924] [jointLog] [info] iteration = 200 | max rel diff. = 14.9409
[2021-06-22 22:12:59.238] [jointLog] [info] iteration = 300 | max rel diff. = 1.85041
[2021-06-22 22:13:00.564] [jointLog] [info] iteration = 400 | max rel diff. = 3.57884
[2021-06-22 22:13:01.908] [jointLog] [info] iteration = 500 | max rel diff. = 0.0685615
[2021-06-22 22:13:03.231] [jointLog] [info] iteration = 600 | max rel diff. = 4.59168
[2021-06-22 22:13:04.554] [jointLog] [info] iteration = 700 | max rel diff. = 0.400035
[2021-06-22 22:13:05.884] [jointLog] [info] iteration = 800 | max rel diff. = 0.122703
[2021-06-22 22:13:07.211] [jointLog] [info] iteration = 900 | max rel diff. = 0.0136066
[2021-06-22 22:13:08.537] [jointLog] [info] iteration = 1,000 | max rel diff. = 5.19431
[2021-06-22 22:13:09.881] [jointLog] [info] iteration = 1,100 | max rel diff. = 0.20138
[2021-06-22 22:13:11.203] [jointLog] [info] iteration = 1,200 | max rel diff. = 0.281685
[2021-06-22 22:13:12.533] [jointLog] [info] iteration = 1,300 | max rel diff. = 0.0293366
[2021-06-22 22:13:13.874] [jointLog] [info] iteration = 1,400 | max rel diff. = 0.0512887
[2021-06-22 22:13:15.199] [jointLog] [info] iteration = 1,500 | max rel diff. = 0.0268025
[2021-06-22 22:13:16.035] [jointLog] [info] iteration = 1,564 | max rel diff. = 0.0086285
[2021-06-22 22:13:16.067] [jointLog] [info] Finished optimizer
[2021-06-22 22:13:16.067] [jointLog] [info] writing output 

