[2021-06-18 14:36:01.430] [jointLog] [info] setting maxHashResizeThreads to 8
[2021-06-18 14:36:01.430] [jointLog] [info] Fragment incompatibility prior below threshold.  Incompatible fragments will be ignored.
[2021-06-18 14:36:01.430] [jointLog] [info] Usage of --validateMappings implies use of minScoreFraction. Since not explicitly specified, it is being set to 0.65
[2021-06-18 14:36:01.430] [jointLog] [info] Setting consensusSlack to selective-alignment default of 0.35.
[2021-06-18 14:36:01.430] [jointLog] [info] parsing read library format
[2021-06-18 14:36:01.430] [jointLog] [info] There is 1 library.
[2021-06-18 14:36:01.528] [jointLog] [info] Loading pufferfish index
[2021-06-18 14:36:01.528] [jointLog] [info] Loading dense pufferfish index.
[2021-06-18 14:36:40.238] [jointLog] [info] done
[2021-06-18 14:36:40.238] [jointLog] [info] Index contained 140,850 targets
[2021-06-18 14:36:40.781] [jointLog] [info] Number of decoys : 61
[2021-06-18 14:36:40.781] [jointLog] [info] First decoy index : 140,750 
[2021-06-18 14:38:34.159] [jointLog] [info] Thread saw mini-batch with a maximum of 0.10% zero probability fragments
[2021-06-18 14:38:34.165] [jointLog] [info] Thread saw mini-batch with a maximum of 0.08% zero probability fragments
[2021-06-18 14:38:34.171] [jointLog] [info] Thread saw mini-batch with a maximum of 0.12% zero probability fragments
[2021-06-18 14:38:34.203] [jointLog] [info] Thread saw mini-batch with a maximum of 0.08% zero probability fragments
[2021-06-18 14:38:34.252] [jointLog] [info] Thread saw mini-batch with a maximum of 0.10% zero probability fragments
[2021-06-18 14:38:34.335] [jointLog] [info] Thread saw mini-batch with a maximum of 0.10% zero probability fragments
[2021-06-18 14:38:34.407] [jointLog] [info] Thread saw mini-batch with a maximum of 0.08% zero probability fragments
[2021-06-18 14:38:34.416] [jointLog] [info] Thread saw mini-batch with a maximum of 0.10% zero probability fragments
[2021-06-18 14:38:34.929] [jointLog] [info] Computed 171,198 rich equivalence classes for further processing
[2021-06-18 14:38:34.929] [jointLog] [info] Counted 13,620,603 total reads in the equivalence classes 
[2021-06-18 14:38:34.937] [jointLog] [info] Number of orphans recovered using orphan rescue : 278,630
[2021-06-18 14:38:34.937] [jointLog] [info] Number of mappings discarded because of alignment score : 4,959,155
[2021-06-18 14:38:34.937] [jointLog] [info] Number of fragments entirely discarded because of alignment score : 703,879
[2021-06-18 14:38:34.937] [jointLog] [info] Number of fragments discarded because they are best-mapped to decoys : 430,831
[2021-06-18 14:38:34.937] [jointLog] [info] Mapping rate = 92.403%

[2021-06-18 14:38:34.937] [jointLog] [info] finished quantifyLibrary()
[2021-06-18 14:38:34.938] [jointLog] [info] Starting optimizer
[2021-06-18 14:38:35.049] [jointLog] [info] Marked 0 weighted equivalence classes as degenerate
[2021-06-18 14:38:35.066] [jointLog] [info] iteration = 0 | max rel diff. = 7010.47
[2021-06-18 14:38:34.930] [fileLog] [info] 
At end of round 0
==================
Observed 14740431 total fragments (14740431 in most recent round)

[2021-06-18 14:38:35.198] [jointLog] [info] iteration 11, adjusting effective lengths to account for biases
[2021-06-18 14:38:36.506] [jointLog] [info] Computed expected counts (for bias correction)
[2021-06-18 14:38:36.507] [jointLog] [info] processed bias for 0.0% of the transcripts
[2021-06-18 14:38:37.329] [jointLog] [info] processed bias for 10.0% of the transcripts
[2021-06-18 14:38:38.150] [jointLog] [info] processed bias for 20.0% of the transcripts
[2021-06-18 14:38:38.955] [jointLog] [info] processed bias for 30.0% of the transcripts
[2021-06-18 14:38:39.745] [jointLog] [info] processed bias for 40.0% of the transcripts
[2021-06-18 14:38:40.581] [jointLog] [info] processed bias for 50.0% of the transcripts
[2021-06-18 14:38:41.394] [jointLog] [info] processed bias for 60.0% of the transcripts
[2021-06-18 14:38:42.232] [jointLog] [info] processed bias for 70.0% of the transcripts
[2021-06-18 14:38:43.060] [jointLog] [info] processed bias for 80.0% of the transcripts
[2021-06-18 14:38:43.850] [jointLog] [info] processed bias for 90.0% of the transcripts
[2021-06-18 14:38:44.553] [jointLog] [info] processed bias for 100.0% of the transcripts
[2021-06-18 14:38:45.579] [jointLog] [info] iteration = 100 | max rel diff. = 18.3892
[2021-06-18 14:38:46.689] [jointLog] [info] iteration = 200 | max rel diff. = 2.5479
[2021-06-18 14:38:47.821] [jointLog] [info] iteration = 300 | max rel diff. = 7.73464
[2021-06-18 14:38:48.960] [jointLog] [info] iteration = 400 | max rel diff. = 0.656918
[2021-06-18 14:38:50.084] [jointLog] [info] iteration = 500 | max rel diff. = 0.625531
[2021-06-18 14:38:51.210] [jointLog] [info] iteration = 600 | max rel diff. = 12.055
[2021-06-18 14:38:52.340] [jointLog] [info] iteration = 700 | max rel diff. = 0.0328488
[2021-06-18 14:38:53.423] [jointLog] [info] iteration = 800 | max rel diff. = 0.11667
[2021-06-18 14:38:54.486] [jointLog] [info] iteration = 900 | max rel diff. = 0.263668
[2021-06-18 14:38:55.580] [jointLog] [info] iteration = 1,000 | max rel diff. = 0.033737
[2021-06-18 14:38:56.690] [jointLog] [info] iteration = 1,100 | max rel diff. = 0.198518
[2021-06-18 14:38:57.317] [jointLog] [info] iteration = 1,159 | max rel diff. = 0.00845034
[2021-06-18 14:38:57.349] [jointLog] [info] Finished optimizer
[2021-06-18 14:38:57.349] [jointLog] [info] writing output 

