[2021-06-18 16:52:55.904] [jointLog] [info] setting maxHashResizeThreads to 8
[2021-06-18 16:52:55.904] [jointLog] [info] Fragment incompatibility prior below threshold.  Incompatible fragments will be ignored.
[2021-06-18 16:52:55.904] [jointLog] [info] Usage of --validateMappings implies use of minScoreFraction. Since not explicitly specified, it is being set to 0.65
[2021-06-18 16:52:55.904] [jointLog] [info] Setting consensusSlack to selective-alignment default of 0.35.
[2021-06-18 16:52:55.904] [jointLog] [info] parsing read library format
[2021-06-18 16:52:55.904] [jointLog] [info] There is 1 library.
[2021-06-18 16:52:56.005] [jointLog] [info] Loading pufferfish index
[2021-06-18 16:52:56.005] [jointLog] [info] Loading dense pufferfish index.
[2021-06-18 16:53:33.570] [jointLog] [info] done
[2021-06-18 16:53:33.570] [jointLog] [info] Index contained 140,850 targets
[2021-06-18 16:53:34.089] [jointLog] [info] Number of decoys : 61
[2021-06-18 16:53:34.089] [jointLog] [info] First decoy index : 140,750 
[2021-06-18 16:53:58.974] [fileLog] [info] 
At end of round 0
==================
Observed 5196828 total fragments (5196828 in most recent round)

[2021-06-18 16:53:58.974] [jointLog] [info] Computed 200,573 rich equivalence classes for further processing
[2021-06-18 16:53:58.974] [jointLog] [info] Counted 4,492,276 total reads in the equivalence classes 
[2021-06-18 16:53:58.981] [jointLog] [info] Number of mappings discarded because of alignment score : 2,447,492
[2021-06-18 16:53:58.981] [jointLog] [info] Number of fragments entirely discarded because of alignment score : 198,452
[2021-06-18 16:53:58.981] [jointLog] [info] Number of fragments discarded because they are best-mapped to decoys : 126,883
[2021-06-18 16:53:58.981] [jointLog] [info] Number of fragments discarded because they have only dovetail (discordant) mappings to valid targets : 0
[2021-06-18 16:53:59.009] [jointLog] [warning] Only 4492276 fragments were mapped, but the number of burn-in fragments was set to 5000000.
The effective lengths have been computed using the observed mappings.

[2021-06-18 16:53:59.009] [jointLog] [info] Mapping rate = 86.4427%

[2021-06-18 16:53:59.009] [jointLog] [info] finished quantifyLibrary()
[2021-06-18 16:53:59.010] [jointLog] [info] Starting optimizer
[2021-06-18 16:53:59.111] [jointLog] [info] Marked 0 weighted equivalence classes as degenerate
[2021-06-18 16:53:59.126] [jointLog] [info] iteration = 0 | max rel diff. = 2831.47
[2021-06-18 16:53:59.271] [jointLog] [info] iteration 11, adjusting effective lengths to account for biases
[2021-06-18 16:54:00.564] [jointLog] [info] Computed expected counts (for bias correction)
[2021-06-18 16:54:00.564] [jointLog] [info] processed bias for 0.0% of the transcripts
[2021-06-18 16:54:01.400] [jointLog] [info] processed bias for 10.0% of the transcripts
[2021-06-18 16:54:02.302] [jointLog] [info] processed bias for 20.0% of the transcripts
[2021-06-18 16:54:03.185] [jointLog] [info] processed bias for 30.0% of the transcripts
[2021-06-18 16:54:04.114] [jointLog] [info] processed bias for 40.0% of the transcripts
[2021-06-18 16:54:04.988] [jointLog] [info] processed bias for 50.0% of the transcripts
[2021-06-18 16:54:05.818] [jointLog] [info] processed bias for 60.0% of the transcripts
[2021-06-18 16:54:06.592] [jointLog] [info] processed bias for 70.0% of the transcripts
[2021-06-18 16:54:07.290] [jointLog] [info] processed bias for 80.0% of the transcripts
[2021-06-18 16:54:08.085] [jointLog] [info] processed bias for 90.0% of the transcripts
[2021-06-18 16:54:08.910] [jointLog] [info] processed bias for 100.0% of the transcripts
[2021-06-18 16:54:09.987] [jointLog] [info] iteration = 100 | max rel diff. = 19.2451
[2021-06-18 16:54:11.146] [jointLog] [info] iteration = 200 | max rel diff. = 6.33862
[2021-06-18 16:54:12.309] [jointLog] [info] iteration = 300 | max rel diff. = 1.08372
[2021-06-18 16:54:13.499] [jointLog] [info] iteration = 400 | max rel diff. = 2.32205
[2021-06-18 16:54:14.711] [jointLog] [info] iteration = 500 | max rel diff. = 8.61441
[2021-06-18 16:54:15.902] [jointLog] [info] iteration = 600 | max rel diff. = 0.293785
[2021-06-18 16:54:17.102] [jointLog] [info] iteration = 700 | max rel diff. = 1.25012
[2021-06-18 16:54:18.259] [jointLog] [info] iteration = 800 | max rel diff. = 0.600875
[2021-06-18 16:54:19.417] [jointLog] [info] iteration = 900 | max rel diff. = 0.376977
[2021-06-18 16:54:20.558] [jointLog] [info] iteration = 1,000 | max rel diff. = 0.0422105
[2021-06-18 16:54:21.721] [jointLog] [info] iteration = 1,100 | max rel diff. = 0.0863785
[2021-06-18 16:54:22.860] [jointLog] [info] iteration = 1,200 | max rel diff. = 0.0848837
[2021-06-18 16:54:24.000] [jointLog] [info] iteration = 1,300 | max rel diff. = 0.0166287
[2021-06-18 16:54:25.142] [jointLog] [info] iteration = 1,400 | max rel diff. = 0.529891
[2021-06-18 16:54:25.176] [jointLog] [info] iteration = 1,404 | max rel diff. = 0.00331423
[2021-06-18 16:54:25.207] [jointLog] [info] Finished optimizer
[2021-06-18 16:54:25.207] [jointLog] [info] writing output 

