[2021-06-18 16:45:44.864] [jointLog] [info] setting maxHashResizeThreads to 8
[2021-06-18 16:45:44.864] [jointLog] [info] Fragment incompatibility prior below threshold.  Incompatible fragments will be ignored.
[2021-06-18 16:45:44.864] [jointLog] [info] Usage of --validateMappings implies use of minScoreFraction. Since not explicitly specified, it is being set to 0.65
[2021-06-18 16:45:44.864] [jointLog] [info] Setting consensusSlack to selective-alignment default of 0.35.
[2021-06-18 16:45:44.864] [jointLog] [info] parsing read library format
[2021-06-18 16:45:44.864] [jointLog] [info] There is 1 library.
[2021-06-18 16:45:44.972] [jointLog] [info] Loading pufferfish index
[2021-06-18 16:45:44.973] [jointLog] [info] Loading dense pufferfish index.
[2021-06-18 16:46:24.443] [jointLog] [info] done
[2021-06-18 16:46:24.443] [jointLog] [info] Index contained 140,850 targets
[2021-06-18 16:46:24.993] [jointLog] [info] Number of decoys : 61
[2021-06-18 16:46:24.993] [jointLog] [info] First decoy index : 140,750 
[2021-06-18 16:46:51.828] [fileLog] [info] 
At end of round 0
==================
Observed 6153148 total fragments (6153148 in most recent round)

[2021-06-18 16:46:51.827] [jointLog] [info] Computed 209,938 rich equivalence classes for further processing
[2021-06-18 16:46:51.827] [jointLog] [info] Counted 5,466,514 total reads in the equivalence classes 
[2021-06-18 16:46:51.834] [jointLog] [info] Number of mappings discarded because of alignment score : 2,831,170
[2021-06-18 16:46:51.834] [jointLog] [info] Number of fragments entirely discarded because of alignment score : 212,349
[2021-06-18 16:46:51.834] [jointLog] [info] Number of fragments discarded because they are best-mapped to decoys : 126,393
[2021-06-18 16:46:51.834] [jointLog] [info] Number of fragments discarded because they have only dovetail (discordant) mappings to valid targets : 0
[2021-06-18 16:46:51.834] [jointLog] [info] Mapping rate = 88.8409%

[2021-06-18 16:46:51.834] [jointLog] [info] finished quantifyLibrary()
[2021-06-18 16:46:51.835] [jointLog] [info] Starting optimizer
[2021-06-18 16:46:51.915] [jointLog] [info] Marked 0 weighted equivalence classes as degenerate
[2021-06-18 16:46:51.929] [jointLog] [info] iteration = 0 | max rel diff. = 3420.97
[2021-06-18 16:46:52.062] [jointLog] [info] iteration 11, adjusting effective lengths to account for biases
[2021-06-18 16:46:53.232] [jointLog] [info] Computed expected counts (for bias correction)
[2021-06-18 16:46:53.233] [jointLog] [info] processed bias for 0.0% of the transcripts
[2021-06-18 16:46:54.001] [jointLog] [info] processed bias for 10.0% of the transcripts
[2021-06-18 16:46:54.820] [jointLog] [info] processed bias for 20.0% of the transcripts
[2021-06-18 16:46:55.658] [jointLog] [info] processed bias for 30.0% of the transcripts
[2021-06-18 16:46:56.479] [jointLog] [info] processed bias for 40.0% of the transcripts
[2021-06-18 16:46:57.287] [jointLog] [info] processed bias for 50.0% of the transcripts
[2021-06-18 16:46:58.024] [jointLog] [info] processed bias for 60.0% of the transcripts
[2021-06-18 16:46:58.713] [jointLog] [info] processed bias for 70.0% of the transcripts
[2021-06-18 16:46:59.437] [jointLog] [info] processed bias for 80.0% of the transcripts
[2021-06-18 16:47:00.148] [jointLog] [info] processed bias for 90.0% of the transcripts
[2021-06-18 16:47:00.805] [jointLog] [info] processed bias for 100.0% of the transcripts
[2021-06-18 16:47:00.806] [jointLog] [info] processed bias for 100.0% of the transcripts
[2021-06-18 16:47:01.828] [jointLog] [info] iteration = 100 | max rel diff. = 20.5516
[2021-06-18 16:47:02.959] [jointLog] [info] iteration = 200 | max rel diff. = 1.99563
[2021-06-18 16:47:04.101] [jointLog] [info] iteration = 300 | max rel diff. = 0.630944
[2021-06-18 16:47:05.205] [jointLog] [info] iteration = 400 | max rel diff. = 0.805503
[2021-06-18 16:47:06.332] [jointLog] [info] iteration = 500 | max rel diff. = 0.22411
[2021-06-18 16:47:07.465] [jointLog] [info] iteration = 600 | max rel diff. = 0.450721
[2021-06-18 16:47:08.576] [jointLog] [info] iteration = 700 | max rel diff. = 0.156027
[2021-06-18 16:47:09.688] [jointLog] [info] iteration = 800 | max rel diff. = 0.15358
[2021-06-18 16:47:10.806] [jointLog] [info] iteration = 900 | max rel diff. = 0.0182141
[2021-06-18 16:47:11.934] [jointLog] [info] iteration = 1,000 | max rel diff. = 0.0210375
[2021-06-18 16:47:13.044] [jointLog] [info] iteration = 1,100 | max rel diff. = 0.0525881
[2021-06-18 16:47:14.159] [jointLog] [info] iteration = 1,200 | max rel diff. = 0.0954047
[2021-06-18 16:47:15.278] [jointLog] [info] iteration = 1,300 | max rel diff. = 0.039009
[2021-06-18 16:47:16.416] [jointLog] [info] iteration = 1,400 | max rel diff. = 0.0144323
[2021-06-18 16:47:17.028] [jointLog] [info] iteration = 1,454 | max rel diff. = 0.00477009
[2021-06-18 16:47:17.059] [jointLog] [info] Finished optimizer
[2021-06-18 16:47:17.059] [jointLog] [info] writing output 

