[2021-06-18 16:33:01.860] [jointLog] [info] setting maxHashResizeThreads to 8
[2021-06-18 16:33:01.860] [jointLog] [info] Fragment incompatibility prior below threshold.  Incompatible fragments will be ignored.
[2021-06-18 16:33:01.860] [jointLog] [info] Usage of --validateMappings implies use of minScoreFraction. Since not explicitly specified, it is being set to 0.65
[2021-06-18 16:33:01.860] [jointLog] [info] Setting consensusSlack to selective-alignment default of 0.35.
[2021-06-18 16:33:01.860] [jointLog] [info] parsing read library format
[2021-06-18 16:33:01.861] [jointLog] [info] There is 1 library.
[2021-06-18 16:33:01.972] [jointLog] [info] Loading pufferfish index
[2021-06-18 16:33:01.972] [jointLog] [info] Loading dense pufferfish index.
[2021-06-18 16:33:34.680] [jointLog] [info] done
[2021-06-18 16:33:34.680] [jointLog] [info] Index contained 140,850 targets
[2021-06-18 16:33:35.166] [jointLog] [info] Number of decoys : 61
[2021-06-18 16:33:35.166] [jointLog] [info] First decoy index : 140,750 
[2021-06-18 16:33:56.817] [fileLog] [info] 
At end of round 0
==================
Observed 5640685 total fragments (5640685 in most recent round)

[2021-06-18 16:33:56.816] [jointLog] [info] Computed 175,274 rich equivalence classes for further processing
[2021-06-18 16:33:56.816] [jointLog] [info] Counted 5,083,412 total reads in the equivalence classes 
[2021-06-18 16:33:56.823] [jointLog] [info] Number of mappings discarded because of alignment score : 2,357,492
[2021-06-18 16:33:56.823] [jointLog] [info] Number of fragments entirely discarded because of alignment score : 171,909
[2021-06-18 16:33:56.823] [jointLog] [info] Number of fragments discarded because they are best-mapped to decoys : 109,029
[2021-06-18 16:33:56.823] [jointLog] [info] Number of fragments discarded because they have only dovetail (discordant) mappings to valid targets : 0
[2021-06-18 16:33:56.823] [jointLog] [info] Mapping rate = 90.1205%

[2021-06-18 16:33:56.823] [jointLog] [info] finished quantifyLibrary()
[2021-06-18 16:33:56.824] [jointLog] [info] Starting optimizer
[2021-06-18 16:33:56.909] [jointLog] [info] Marked 0 weighted equivalence classes as degenerate
[2021-06-18 16:33:56.924] [jointLog] [info] iteration = 0 | max rel diff. = 3218.11
[2021-06-18 16:33:57.055] [jointLog] [info] iteration 11, adjusting effective lengths to account for biases
[2021-06-18 16:33:58.183] [jointLog] [info] Computed expected counts (for bias correction)
[2021-06-18 16:33:58.183] [jointLog] [info] processed bias for 0.0% of the transcripts
[2021-06-18 16:33:58.906] [jointLog] [info] processed bias for 10.0% of the transcripts
[2021-06-18 16:33:59.711] [jointLog] [info] processed bias for 20.0% of the transcripts
[2021-06-18 16:34:00.509] [jointLog] [info] processed bias for 30.0% of the transcripts
[2021-06-18 16:34:01.327] [jointLog] [info] processed bias for 40.0% of the transcripts
[2021-06-18 16:34:02.109] [jointLog] [info] processed bias for 50.0% of the transcripts
[2021-06-18 16:34:02.810] [jointLog] [info] processed bias for 60.0% of the transcripts
[2021-06-18 16:34:03.435] [jointLog] [info] processed bias for 70.0% of the transcripts
[2021-06-18 16:34:04.100] [jointLog] [info] processed bias for 80.0% of the transcripts
[2021-06-18 16:34:04.792] [jointLog] [info] processed bias for 90.0% of the transcripts
[2021-06-18 16:34:05.597] [jointLog] [info] processed bias for 100.0% of the transcripts
[2021-06-18 16:34:05.598] [jointLog] [info] processed bias for 100.0% of the transcripts
[2021-06-18 16:34:06.724] [jointLog] [info] iteration = 100 | max rel diff. = 8.88162
[2021-06-18 16:34:07.953] [jointLog] [info] iteration = 200 | max rel diff. = 18.7538
[2021-06-18 16:34:09.134] [jointLog] [info] iteration = 300 | max rel diff. = 0.644279
[2021-06-18 16:34:10.228] [jointLog] [info] iteration = 400 | max rel diff. = 1.66057
[2021-06-18 16:34:11.308] [jointLog] [info] iteration = 500 | max rel diff. = 0.50761
[2021-06-18 16:34:12.386] [jointLog] [info] iteration = 600 | max rel diff. = 0.112991
[2021-06-18 16:34:13.466] [jointLog] [info] iteration = 700 | max rel diff. = 0.564864
[2021-06-18 16:34:14.551] [jointLog] [info] iteration = 800 | max rel diff. = 0.0981503
[2021-06-18 16:34:15.645] [jointLog] [info] iteration = 900 | max rel diff. = 2.18358
[2021-06-18 16:34:16.729] [jointLog] [info] iteration = 1,000 | max rel diff. = 0.0258088
[2021-06-18 16:34:17.648] [jointLog] [info] iteration = 1,086 | max rel diff. = 0.00472687
[2021-06-18 16:34:17.679] [jointLog] [info] Finished optimizer
[2021-06-18 16:34:17.679] [jointLog] [info] writing output 

