[2021-06-18 14:42:24.163] [jointLog] [info] setting maxHashResizeThreads to 8
[2021-06-18 14:42:24.163] [jointLog] [info] Fragment incompatibility prior below threshold.  Incompatible fragments will be ignored.
[2021-06-18 14:42:24.163] [jointLog] [info] Usage of --validateMappings implies use of minScoreFraction. Since not explicitly specified, it is being set to 0.65
[2021-06-18 14:42:24.163] [jointLog] [info] Setting consensusSlack to selective-alignment default of 0.35.
[2021-06-18 14:42:24.163] [jointLog] [info] parsing read library format
[2021-06-18 14:42:24.163] [jointLog] [info] There is 1 library.
[2021-06-18 14:42:24.273] [jointLog] [info] Loading pufferfish index
[2021-06-18 14:42:24.273] [jointLog] [info] Loading dense pufferfish index.
[2021-06-18 14:43:01.983] [jointLog] [info] done
[2021-06-18 14:43:01.983] [jointLog] [info] Index contained 140,850 targets
[2021-06-18 14:43:02.549] [jointLog] [info] Number of decoys : 61
[2021-06-18 14:43:02.549] [jointLog] [info] First decoy index : 140,750 
[2021-06-18 14:44:37.280] [jointLog] [info] Thread saw mini-batch with a maximum of 0.10% zero probability fragments
[2021-06-18 14:44:37.331] [jointLog] [info] Thread saw mini-batch with a maximum of 0.10% zero probability fragments
[2021-06-18 14:44:37.359] [jointLog] [info] Thread saw mini-batch with a maximum of 0.14% zero probability fragments
[2021-06-18 14:44:37.403] [jointLog] [info] Thread saw mini-batch with a maximum of 0.12% zero probability fragments
[2021-06-18 14:44:37.442] [jointLog] [info] Thread saw mini-batch with a maximum of 0.12% zero probability fragments
[2021-06-18 14:44:37.536] [jointLog] [info] Thread saw mini-batch with a maximum of 0.10% zero probability fragments
[2021-06-18 14:44:37.543] [jointLog] [info] Thread saw mini-batch with a maximum of 0.08% zero probability fragments
[2021-06-18 14:44:37.551] [jointLog] [info] Thread saw mini-batch with a maximum of 0.18% zero probability fragments
[2021-06-18 14:44:37.779] [fileLog] [info] 
At end of round 0
==================
Observed 10729355 total fragments (10729355 in most recent round)

[2021-06-18 14:44:37.778] [jointLog] [info] Computed 185,330 rich equivalence classes for further processing
[2021-06-18 14:44:37.778] [jointLog] [info] Counted 9,692,427 total reads in the equivalence classes 
[2021-06-18 14:44:37.788] [jointLog] [info] Number of orphans recovered using orphan rescue : 220,181
[2021-06-18 14:44:37.788] [jointLog] [info] Number of mappings discarded because of alignment score : 4,047,721
[2021-06-18 14:44:37.788] [jointLog] [info] Number of fragments entirely discarded because of alignment score : 567,033
[2021-06-18 14:44:37.788] [jointLog] [info] Number of fragments discarded because they are best-mapped to decoys : 320,128
[2021-06-18 14:44:37.788] [jointLog] [info] Mapping rate = 90.3356%

[2021-06-18 14:44:37.788] [jointLog] [info] finished quantifyLibrary()
[2021-06-18 14:44:37.789] [jointLog] [info] Starting optimizer
[2021-06-18 14:44:37.919] [jointLog] [info] Marked 0 weighted equivalence classes as degenerate
[2021-06-18 14:44:37.937] [jointLog] [info] iteration = 0 | max rel diff. = 5465.08
[2021-06-18 14:44:38.092] [jointLog] [info] iteration 11, adjusting effective lengths to account for biases
[2021-06-18 14:44:39.431] [jointLog] [info] Computed expected counts (for bias correction)
[2021-06-18 14:44:39.432] [jointLog] [info] processed bias for 0.0% of the transcripts
[2021-06-18 14:44:40.334] [jointLog] [info] processed bias for 10.0% of the transcripts
[2021-06-18 14:44:41.286] [jointLog] [info] processed bias for 20.0% of the transcripts
[2021-06-18 14:44:42.236] [jointLog] [info] processed bias for 30.0% of the transcripts
[2021-06-18 14:44:43.113] [jointLog] [info] processed bias for 40.0% of the transcripts
[2021-06-18 14:44:44.006] [jointLog] [info] processed bias for 50.0% of the transcripts
[2021-06-18 14:44:44.897] [jointLog] [info] processed bias for 60.0% of the transcripts
[2021-06-18 14:44:45.803] [jointLog] [info] processed bias for 70.0% of the transcripts
[2021-06-18 14:44:46.651] [jointLog] [info] processed bias for 80.0% of the transcripts
[2021-06-18 14:44:47.407] [jointLog] [info] processed bias for 90.0% of the transcripts
[2021-06-18 14:44:48.209] [jointLog] [info] processed bias for 100.0% of the transcripts
[2021-06-18 14:44:48.210] [jointLog] [info] processed bias for 100.0% of the transcripts
[2021-06-18 14:44:49.360] [jointLog] [info] iteration = 100 | max rel diff. = 14.9092
[2021-06-18 14:44:50.615] [jointLog] [info] iteration = 200 | max rel diff. = 2.8364
[2021-06-18 14:44:51.867] [jointLog] [info] iteration = 300 | max rel diff. = 1.28745
[2021-06-18 14:44:53.101] [jointLog] [info] iteration = 400 | max rel diff. = 8.38425
[2021-06-18 14:44:54.343] [jointLog] [info] iteration = 500 | max rel diff. = 0.179594
[2021-06-18 14:44:55.590] [jointLog] [info] iteration = 600 | max rel diff. = 0.11946
[2021-06-18 14:44:56.826] [jointLog] [info] iteration = 700 | max rel diff. = 0.128156
[2021-06-18 14:44:58.064] [jointLog] [info] iteration = 800 | max rel diff. = 0.202471
[2021-06-18 14:44:59.295] [jointLog] [info] iteration = 900 | max rel diff. = 0.135542
[2021-06-18 14:44:59.407] [jointLog] [info] iteration = 910 | max rel diff. = 0.00718592
[2021-06-18 14:44:59.449] [jointLog] [info] Finished optimizer
[2021-06-18 14:44:59.449] [jointLog] [info] writing output 

