[2021-06-18 16:51:20.630] [jointLog] [info] setting maxHashResizeThreads to 8
[2021-06-18 16:51:20.630] [jointLog] [info] Fragment incompatibility prior below threshold.  Incompatible fragments will be ignored.
[2021-06-18 16:51:20.630] [jointLog] [info] Usage of --validateMappings implies use of minScoreFraction. Since not explicitly specified, it is being set to 0.65
[2021-06-18 16:51:20.630] [jointLog] [info] Setting consensusSlack to selective-alignment default of 0.35.
[2021-06-18 16:51:20.630] [jointLog] [info] parsing read library format
[2021-06-18 16:51:20.630] [jointLog] [info] There is 1 library.
[2021-06-18 16:51:20.741] [jointLog] [info] Loading pufferfish index
[2021-06-18 16:51:20.741] [jointLog] [info] Loading dense pufferfish index.
[2021-06-18 16:51:57.470] [jointLog] [info] done
[2021-06-18 16:51:57.470] [jointLog] [info] Index contained 140,850 targets
[2021-06-18 16:51:58.156] [jointLog] [info] Number of decoys : 61
[2021-06-18 16:51:58.156] [jointLog] [info] First decoy index : 140,750 
[2021-06-18 16:52:19.439] [fileLog] [info] 
At end of round 0
==================
Observed 4594769 total fragments (4594769 in most recent round)

[2021-06-18 16:52:19.438] [jointLog] [info] Computed 189,404 rich equivalence classes for further processing
[2021-06-18 16:52:19.438] [jointLog] [info] Counted 4,074,125 total reads in the equivalence classes 
[2021-06-18 16:52:19.465] [jointLog] [info] Number of mappings discarded because of alignment score : 2,020,067
[2021-06-18 16:52:19.465] [jointLog] [info] Number of fragments entirely discarded because of alignment score : 144,028
[2021-06-18 16:52:19.465] [jointLog] [info] Number of fragments discarded because they are best-mapped to decoys : 84,164
[2021-06-18 16:52:19.465] [jointLog] [info] Number of fragments discarded because they have only dovetail (discordant) mappings to valid targets : 0
[2021-06-18 16:52:19.489] [jointLog] [warning] Only 4074125 fragments were mapped, but the number of burn-in fragments was set to 5000000.
The effective lengths have been computed using the observed mappings.

[2021-06-18 16:52:19.489] [jointLog] [info] Mapping rate = 88.6688%

[2021-06-18 16:52:19.489] [jointLog] [info] finished quantifyLibrary()
[2021-06-18 16:52:19.489] [jointLog] [info] Starting optimizer
[2021-06-18 16:52:19.613] [jointLog] [info] Marked 0 weighted equivalence classes as degenerate
[2021-06-18 16:52:19.631] [jointLog] [info] iteration = 0 | max rel diff. = 2631.66
[2021-06-18 16:52:19.802] [jointLog] [info] iteration 11, adjusting effective lengths to account for biases
[2021-06-18 16:52:21.037] [jointLog] [info] Computed expected counts (for bias correction)
[2021-06-18 16:52:21.037] [jointLog] [info] processed bias for 0.0% of the transcripts
[2021-06-18 16:52:21.809] [jointLog] [info] processed bias for 10.0% of the transcripts
[2021-06-18 16:52:22.604] [jointLog] [info] processed bias for 20.0% of the transcripts
[2021-06-18 16:52:23.493] [jointLog] [info] processed bias for 30.0% of the transcripts
[2021-06-18 16:52:24.371] [jointLog] [info] processed bias for 40.0% of the transcripts
[2021-06-18 16:52:25.128] [jointLog] [info] processed bias for 50.0% of the transcripts
[2021-06-18 16:52:25.924] [jointLog] [info] processed bias for 60.0% of the transcripts
[2021-06-18 16:52:26.659] [jointLog] [info] processed bias for 70.0% of the transcripts
[2021-06-18 16:52:27.463] [jointLog] [info] processed bias for 80.0% of the transcripts
[2021-06-18 16:52:28.211] [jointLog] [info] processed bias for 90.0% of the transcripts
[2021-06-18 16:52:28.909] [jointLog] [info] processed bias for 100.0% of the transcripts
[2021-06-18 16:52:28.912] [jointLog] [info] processed bias for 100.0% of the transcripts
[2021-06-18 16:52:30.117] [jointLog] [info] iteration = 100 | max rel diff. = 18.2872
[2021-06-18 16:52:31.441] [jointLog] [info] iteration = 200 | max rel diff. = 1.48667
[2021-06-18 16:52:32.749] [jointLog] [info] iteration = 300 | max rel diff. = 1.07685
[2021-06-18 16:52:34.054] [jointLog] [info] iteration = 400 | max rel diff. = 0.234854
[2021-06-18 16:52:35.358] [jointLog] [info] iteration = 500 | max rel diff. = 0.311026
[2021-06-18 16:52:36.674] [jointLog] [info] iteration = 600 | max rel diff. = 0.0950056
[2021-06-18 16:52:37.980] [jointLog] [info] iteration = 700 | max rel diff. = 0.0331542
[2021-06-18 16:52:39.291] [jointLog] [info] iteration = 800 | max rel diff. = 0.0593921
[2021-06-18 16:52:40.565] [jointLog] [info] iteration = 900 | max rel diff. = 0.0265896
[2021-06-18 16:52:41.319] [jointLog] [info] iteration = 958 | max rel diff. = 0.00593267
[2021-06-18 16:52:41.357] [jointLog] [info] Finished optimizer
[2021-06-18 16:52:41.357] [jointLog] [info] writing output 

