[2021-06-22 21:48:48.534] [jointLog] [info] setting maxHashResizeThreads to 8
[2021-06-22 21:48:48.534] [jointLog] [info] Fragment incompatibility prior below threshold.  Incompatible fragments will be ignored.
[2021-06-22 21:48:48.534] [jointLog] [info] Usage of --validateMappings implies use of minScoreFraction. Since not explicitly specified, it is being set to 0.65
[2021-06-22 21:48:48.534] [jointLog] [info] Setting consensusSlack to selective-alignment default of 0.35.
[2021-06-22 21:48:48.534] [jointLog] [info] parsing read library format
[2021-06-22 21:48:48.534] [jointLog] [info] There is 1 library.
[2021-06-22 21:48:48.656] [jointLog] [info] Loading pufferfish index
[2021-06-22 21:48:48.670] [jointLog] [info] Loading dense pufferfish index.
[2021-06-22 21:50:16.173] [jointLog] [info] done
[2021-06-22 21:50:16.191] [jointLog] [info] Index contained 140,850 targets
[2021-06-22 21:50:17.478] [jointLog] [info] Number of decoys : 61
[2021-06-22 21:50:17.478] [jointLog] [info] First decoy index : 140,750 
[2021-06-22 21:53:28.483] [jointLog] [info] Thread saw mini-batch with a maximum of 0.12% zero probability fragments
[2021-06-22 21:53:28.493] [jointLog] [info] Thread saw mini-batch with a maximum of 0.12% zero probability fragments
[2021-06-22 21:53:28.510] [jointLog] [info] Thread saw mini-batch with a maximum of 0.14% zero probability fragments
[2021-06-22 21:53:28.549] [jointLog] [info] Thread saw mini-batch with a maximum of 0.14% zero probability fragments
[2021-06-22 21:53:28.649] [jointLog] [info] Thread saw mini-batch with a maximum of 0.14% zero probability fragments
[2021-06-22 21:53:28.666] [jointLog] [info] Thread saw mini-batch with a maximum of 0.12% zero probability fragments
[2021-06-22 21:53:28.669] [jointLog] [info] Thread saw mini-batch with a maximum of 0.12% zero probability fragments
[2021-06-22 21:53:28.788] [jointLog] [info] Thread saw mini-batch with a maximum of 0.14% zero probability fragments
[2021-06-22 21:53:29.037] [fileLog] [info] 
At end of round 0
==================
Observed 20176283 total fragments (20176283 in most recent round)

[2021-06-22 21:53:29.037] [jointLog] [info] Computed 253,353 rich equivalence classes for further processing
[2021-06-22 21:53:29.037] [jointLog] [info] Counted 17,929,015 total reads in the equivalence classes 
[2021-06-22 21:53:29.045] [jointLog] [warning] 0.10555% of fragments were shorter than the k used to build the index.
If this fraction is too large, consider re-building the index with a smaller k.
The minimum read size found was 10.


[2021-06-22 21:53:29.045] [jointLog] [info] Number of orphans recovered using orphan rescue : 620,900
[2021-06-22 21:53:29.045] [jointLog] [info] Number of mappings discarded because of alignment score : 7,900,567
[2021-06-22 21:53:29.045] [jointLog] [info] Number of fragments entirely discarded because of alignment score : 1,047,829
[2021-06-22 21:53:29.045] [jointLog] [info] Number of fragments discarded because they are best-mapped to decoys : 629,895
[2021-06-22 21:53:29.045] [jointLog] [info] Mapping rate = 88.8618%

[2021-06-22 21:53:29.045] [jointLog] [info] finished quantifyLibrary()
[2021-06-22 21:53:29.045] [jointLog] [info] Starting optimizer
[2021-06-22 21:53:31.491] [jointLog] [info] Marked 0 weighted equivalence classes as degenerate
[2021-06-22 21:53:31.506] [jointLog] [info] iteration = 0 | max rel diff. = 8126.87
[2021-06-22 21:53:31.650] [jointLog] [info] iteration 11, adjusting effective lengths to account for biases
[2021-06-22 21:53:33.209] [jointLog] [info] Computed expected counts (for bias correction)
[2021-06-22 21:53:33.209] [jointLog] [info] processed bias for 0.0% of the transcripts
[2021-06-22 21:53:34.289] [jointLog] [info] processed bias for 10.0% of the transcripts
[2021-06-22 21:53:35.502] [jointLog] [info] processed bias for 20.0% of the transcripts
[2021-06-22 21:53:36.697] [jointLog] [info] processed bias for 30.0% of the transcripts
[2021-06-22 21:53:37.763] [jointLog] [info] processed bias for 40.0% of the transcripts
[2021-06-22 21:53:38.882] [jointLog] [info] processed bias for 50.0% of the transcripts
[2021-06-22 21:53:39.944] [jointLog] [info] processed bias for 60.0% of the transcripts
[2021-06-22 21:53:41.089] [jointLog] [info] processed bias for 70.0% of the transcripts
[2021-06-22 21:53:42.252] [jointLog] [info] processed bias for 80.0% of the transcripts
[2021-06-22 21:53:43.340] [jointLog] [info] processed bias for 90.0% of the transcripts
[2021-06-22 21:53:44.316] [jointLog] [info] processed bias for 100.0% of the transcripts
[2021-06-22 21:53:44.319] [jointLog] [info] processed bias for 100.0% of the transcripts
[2021-06-22 21:53:45.557] [jointLog] [info] iteration = 100 | max rel diff. = 16.538
[2021-06-22 21:53:46.898] [jointLog] [info] iteration = 200 | max rel diff. = 4.58243
[2021-06-22 21:53:48.243] [jointLog] [info] iteration = 300 | max rel diff. = 0.684025
[2021-06-22 21:53:49.530] [jointLog] [info] iteration = 400 | max rel diff. = 0.19648
[2021-06-22 21:53:50.805] [jointLog] [info] iteration = 500 | max rel diff. = 0.611785
[2021-06-22 21:53:52.106] [jointLog] [info] iteration = 600 | max rel diff. = 0.573518
[2021-06-22 21:53:53.418] [jointLog] [info] iteration = 700 | max rel diff. = 0.786037
[2021-06-22 21:53:54.748] [jointLog] [info] iteration = 800 | max rel diff. = 0.0313674
[2021-06-22 21:53:56.051] [jointLog] [info] iteration = 900 | max rel diff. = 0.0169702
[2021-06-22 21:53:57.378] [jointLog] [info] iteration = 1,000 | max rel diff. = 0.28542
[2021-06-22 21:53:57.915] [jointLog] [info] iteration = 1,041 | max rel diff. = 0.00728834
[2021-06-22 21:53:57.948] [jointLog] [info] Finished optimizer
[2021-06-22 21:53:57.948] [jointLog] [info] writing output 

