[2021-06-18 16:33:01.844] [jointLog] [info] setting maxHashResizeThreads to 8
[2021-06-18 16:33:01.844] [jointLog] [info] Fragment incompatibility prior below threshold.  Incompatible fragments will be ignored.
[2021-06-18 16:33:01.844] [jointLog] [info] Usage of --validateMappings implies use of minScoreFraction. Since not explicitly specified, it is being set to 0.65
[2021-06-18 16:33:01.844] [jointLog] [info] Setting consensusSlack to selective-alignment default of 0.35.
[2021-06-18 16:33:01.844] [jointLog] [info] parsing read library format
[2021-06-18 16:33:01.844] [jointLog] [info] There is 1 library.
[2021-06-18 16:33:01.960] [jointLog] [info] Loading pufferfish index
[2021-06-18 16:33:01.960] [jointLog] [info] Loading dense pufferfish index.
[2021-06-18 16:33:39.793] [jointLog] [info] done
[2021-06-18 16:33:39.793] [jointLog] [info] Index contained 140,850 targets
[2021-06-18 16:33:40.320] [jointLog] [info] Number of decoys : 61
[2021-06-18 16:33:40.320] [jointLog] [info] First decoy index : 140,750 
[2021-06-18 16:34:09.048] [jointLog] [info] Computed 217,349 rich equivalence classes for further processing
[2021-06-18 16:34:09.048] [jointLog] [info] Counted 5,248,122 total reads in the equivalence classes 
[2021-06-18 16:34:09.057] [jointLog] [info] Number of mappings discarded because of alignment score : 2,688,789
[2021-06-18 16:34:09.057] [jointLog] [info] Number of fragments entirely discarded because of alignment score : 204,474
[2021-06-18 16:34:09.057] [jointLog] [info] Number of fragments discarded because they are best-mapped to decoys : 126,343
[2021-06-18 16:34:09.057] [jointLog] [info] Number of fragments discarded because they have only dovetail (discordant) mappings to valid targets : 0
[2021-06-18 16:34:09.057] [jointLog] [info] Mapping rate = 87.6332%

[2021-06-18 16:34:09.057] [jointLog] [info] finished quantifyLibrary()
[2021-06-18 16:34:09.057] [jointLog] [info] Starting optimizer
[2021-06-18 16:34:09.162] [jointLog] [info] Marked 0 weighted equivalence classes as degenerate
[2021-06-18 16:34:09.178] [jointLog] [info] iteration = 0 | max rel diff. = 3322.18
[2021-06-18 16:34:09.328] [jointLog] [info] iteration 11, adjusting effective lengths to account for biases
[2021-06-18 16:34:09.049] [fileLog] [info] 
At end of round 0
==================
Observed 5988740 total fragments (5988740 in most recent round)

[2021-06-18 16:34:10.643] [jointLog] [info] Computed expected counts (for bias correction)
[2021-06-18 16:34:10.644] [jointLog] [info] processed bias for 0.0% of the transcripts
[2021-06-18 16:34:11.459] [jointLog] [info] processed bias for 10.0% of the transcripts
[2021-06-18 16:34:12.405] [jointLog] [info] processed bias for 20.0% of the transcripts
[2021-06-18 16:34:13.323] [jointLog] [info] processed bias for 30.0% of the transcripts
[2021-06-18 16:34:14.165] [jointLog] [info] processed bias for 40.0% of the transcripts
[2021-06-18 16:34:15.010] [jointLog] [info] processed bias for 50.0% of the transcripts
[2021-06-18 16:34:15.833] [jointLog] [info] processed bias for 60.0% of the transcripts
[2021-06-18 16:34:16.700] [jointLog] [info] processed bias for 70.0% of the transcripts
[2021-06-18 16:34:17.570] [jointLog] [info] processed bias for 80.0% of the transcripts
[2021-06-18 16:34:18.298] [jointLog] [info] processed bias for 90.0% of the transcripts
[2021-06-18 16:34:19.156] [jointLog] [info] processed bias for 100.0% of the transcripts
[2021-06-18 16:34:19.157] [jointLog] [info] processed bias for 100.0% of the transcripts
[2021-06-18 16:34:20.374] [jointLog] [info] iteration = 100 | max rel diff. = 15.0479
[2021-06-18 16:34:21.744] [jointLog] [info] iteration = 200 | max rel diff. = 10.5955
[2021-06-18 16:34:23.077] [jointLog] [info] iteration = 300 | max rel diff. = 9.14896
[2021-06-18 16:34:24.367] [jointLog] [info] iteration = 400 | max rel diff. = 6.35433
[2021-06-18 16:34:25.614] [jointLog] [info] iteration = 500 | max rel diff. = 0.665652
[2021-06-18 16:34:26.861] [jointLog] [info] iteration = 600 | max rel diff. = 4.03241
[2021-06-18 16:34:28.297] [jointLog] [info] iteration = 700 | max rel diff. = 0.587097
[2021-06-18 16:34:29.584] [jointLog] [info] iteration = 800 | max rel diff. = 0.0965592
[2021-06-18 16:34:30.984] [jointLog] [info] iteration = 900 | max rel diff. = 0.0858376
[2021-06-18 16:34:32.311] [jointLog] [info] iteration = 1,000 | max rel diff. = 0.138718
[2021-06-18 16:34:33.547] [jointLog] [info] iteration = 1,100 | max rel diff. = 0.0660306
[2021-06-18 16:34:34.483] [jointLog] [info] iteration = 1,181 | max rel diff. = 0.00718568
[2021-06-18 16:34:34.519] [jointLog] [info] Finished optimizer
[2021-06-18 16:34:34.519] [jointLog] [info] writing output 

