[2021-06-18 14:24:17.681] [jointLog] [info] setting maxHashResizeThreads to 8
[2021-06-18 14:24:17.681] [jointLog] [info] Fragment incompatibility prior below threshold.  Incompatible fragments will be ignored.
[2021-06-18 14:24:17.681] [jointLog] [info] Usage of --validateMappings implies use of minScoreFraction. Since not explicitly specified, it is being set to 0.65
[2021-06-18 14:24:17.681] [jointLog] [info] Setting consensusSlack to selective-alignment default of 0.35.
[2021-06-18 14:24:17.681] [jointLog] [info] parsing read library format
[2021-06-18 14:24:17.681] [jointLog] [info] There is 1 library.
[2021-06-18 14:24:17.786] [jointLog] [info] Loading pufferfish index
[2021-06-18 14:24:17.786] [jointLog] [info] Loading dense pufferfish index.
[2021-06-18 14:24:57.588] [jointLog] [info] done
[2021-06-18 14:24:57.588] [jointLog] [info] Index contained 140,850 targets
[2021-06-18 14:24:58.133] [jointLog] [info] Number of decoys : 61
[2021-06-18 14:24:58.133] [jointLog] [info] First decoy index : 140,750 
[2021-06-18 14:27:10.720] [jointLog] [info] Thread saw mini-batch with a maximum of 0.12% zero probability fragments
[2021-06-18 14:27:10.802] [jointLog] [info] Thread saw mini-batch with a maximum of 0.14% zero probability fragments
[2021-06-18 14:27:10.828] [jointLog] [info] Thread saw mini-batch with a maximum of 0.10% zero probability fragments
[2021-06-18 14:27:10.843] [jointLog] [info] Thread saw mini-batch with a maximum of 0.12% zero probability fragments
[2021-06-18 14:27:10.892] [jointLog] [info] Thread saw mini-batch with a maximum of 0.14% zero probability fragments
[2021-06-18 14:27:10.898] [jointLog] [info] Thread saw mini-batch with a maximum of 0.12% zero probability fragments
[2021-06-18 14:27:10.913] [jointLog] [info] Thread saw mini-batch with a maximum of 0.12% zero probability fragments
[2021-06-18 14:27:10.919] [jointLog] [info] Thread saw mini-batch with a maximum of 0.10% zero probability fragments
[2021-06-18 14:27:11.172] [fileLog] [info] 
At end of round 0
==================
Observed 16533800 total fragments (16533800 in most recent round)

[2021-06-18 14:27:11.171] [jointLog] [info] Computed 189,193 rich equivalence classes for further processing
[2021-06-18 14:27:11.171] [jointLog] [info] Counted 14,861,795 total reads in the equivalence classes 
[2021-06-18 14:27:11.183] [jointLog] [info] Number of orphans recovered using orphan rescue : 362,436
[2021-06-18 14:27:11.183] [jointLog] [info] Number of mappings discarded because of alignment score : 5,572,189
[2021-06-18 14:27:11.183] [jointLog] [info] Number of fragments entirely discarded because of alignment score : 878,076
[2021-06-18 14:27:11.183] [jointLog] [info] Number of fragments discarded because they are best-mapped to decoys : 562,685
[2021-06-18 14:27:11.183] [jointLog] [info] Mapping rate = 89.8874%

[2021-06-18 14:27:11.183] [jointLog] [info] finished quantifyLibrary()
[2021-06-18 14:27:11.184] [jointLog] [info] Starting optimizer
[2021-06-18 14:27:11.309] [jointLog] [info] Marked 0 weighted equivalence classes as degenerate
[2021-06-18 14:27:11.327] [jointLog] [info] iteration = 0 | max rel diff. = 7308.01
[2021-06-18 14:27:11.483] [jointLog] [info] iteration 11, adjusting effective lengths to account for biases
[2021-06-18 14:27:12.818] [jointLog] [info] Computed expected counts (for bias correction)
[2021-06-18 14:27:12.818] [jointLog] [info] processed bias for 0.0% of the transcripts
[2021-06-18 14:27:13.673] [jointLog] [info] processed bias for 10.0% of the transcripts
[2021-06-18 14:27:14.622] [jointLog] [info] processed bias for 20.0% of the transcripts
[2021-06-18 14:27:15.505] [jointLog] [info] processed bias for 30.0% of the transcripts
[2021-06-18 14:27:16.406] [jointLog] [info] processed bias for 40.0% of the transcripts
[2021-06-18 14:27:17.275] [jointLog] [info] processed bias for 50.0% of the transcripts
[2021-06-18 14:27:18.139] [jointLog] [info] processed bias for 60.0% of the transcripts
[2021-06-18 14:27:18.936] [jointLog] [info] processed bias for 70.0% of the transcripts
[2021-06-18 14:27:19.744] [jointLog] [info] processed bias for 80.0% of the transcripts
[2021-06-18 14:27:20.443] [jointLog] [info] processed bias for 90.0% of the transcripts
[2021-06-18 14:27:21.276] [jointLog] [info] processed bias for 100.0% of the transcripts
[2021-06-18 14:27:21.278] [jointLog] [info] processed bias for 100.0% of the transcripts
[2021-06-18 14:27:22.290] [jointLog] [info] iteration = 100 | max rel diff. = 11.8889
[2021-06-18 14:27:23.420] [jointLog] [info] iteration = 200 | max rel diff. = 3.47796
[2021-06-18 14:27:24.556] [jointLog] [info] iteration = 300 | max rel diff. = 9.09281
[2021-06-18 14:27:25.675] [jointLog] [info] iteration = 400 | max rel diff. = 6.44569
[2021-06-18 14:27:26.793] [jointLog] [info] iteration = 500 | max rel diff. = 0.55927
[2021-06-18 14:27:27.907] [jointLog] [info] iteration = 600 | max rel diff. = 0.321785
[2021-06-18 14:27:29.017] [jointLog] [info] iteration = 700 | max rel diff. = 0.123858
[2021-06-18 14:27:30.166] [jointLog] [info] iteration = 800 | max rel diff. = 0.107442
[2021-06-18 14:27:31.310] [jointLog] [info] iteration = 900 | max rel diff. = 0.0856392
[2021-06-18 14:27:32.534] [jointLog] [info] iteration = 1,000 | max rel diff. = 0.0186047
[2021-06-18 14:27:33.819] [jointLog] [info] iteration = 1,100 | max rel diff. = 0.0506355
[2021-06-18 14:27:35.082] [jointLog] [info] iteration = 1,200 | max rel diff. = 0.0254839
[2021-06-18 14:27:36.345] [jointLog] [info] iteration = 1,300 | max rel diff. = 0.445389
[2021-06-18 14:27:37.671] [jointLog] [info] iteration = 1,400 | max rel diff. = 0.0286861
[2021-06-18 14:27:38.855] [jointLog] [info] iteration = 1,500 | max rel diff. = 0.00354758
[2021-06-18 14:27:38.855] [jointLog] [info] iteration = 1,501 | max rel diff. = 0.00354758
[2021-06-18 14:27:38.887] [jointLog] [info] Finished optimizer
[2021-06-18 14:27:38.887] [jointLog] [info] writing output 

