[2021-06-18 16:35:33.580] [jointLog] [info] setting maxHashResizeThreads to 8
[2021-06-18 16:35:33.580] [jointLog] [info] Fragment incompatibility prior below threshold.  Incompatible fragments will be ignored.
[2021-06-18 16:35:33.580] [jointLog] [info] Usage of --validateMappings implies use of minScoreFraction. Since not explicitly specified, it is being set to 0.65
[2021-06-18 16:35:33.580] [jointLog] [info] Setting consensusSlack to selective-alignment default of 0.35.
[2021-06-18 16:35:33.580] [jointLog] [info] parsing read library format
[2021-06-18 16:35:33.580] [jointLog] [info] There is 1 library.
[2021-06-18 16:35:33.680] [jointLog] [info] Loading pufferfish index
[2021-06-18 16:35:33.680] [jointLog] [info] Loading dense pufferfish index.
[2021-06-18 16:36:11.818] [jointLog] [info] done
[2021-06-18 16:36:11.818] [jointLog] [info] Index contained 140,850 targets
[2021-06-18 16:36:12.319] [jointLog] [info] Number of decoys : 61
[2021-06-18 16:36:12.319] [jointLog] [info] First decoy index : 140,750 
[2021-06-18 16:36:31.343] [fileLog] [info] 
At end of round 0
==================
Observed 4471126 total fragments (4471126 in most recent round)

[2021-06-18 16:36:31.343] [jointLog] [info] Computed 192,708 rich equivalence classes for further processing
[2021-06-18 16:36:31.343] [jointLog] [info] Counted 4,061,224 total reads in the equivalence classes 
[2021-06-18 16:36:31.352] [jointLog] [info] Number of mappings discarded because of alignment score : 1,967,404
[2021-06-18 16:36:31.352] [jointLog] [info] Number of fragments entirely discarded because of alignment score : 130,933
[2021-06-18 16:36:31.352] [jointLog] [info] Number of fragments discarded because they are best-mapped to decoys : 73,213
[2021-06-18 16:36:31.352] [jointLog] [info] Number of fragments discarded because they have only dovetail (discordant) mappings to valid targets : 0
[2021-06-18 16:36:31.385] [jointLog] [warning] Only 4061224 fragments were mapped, but the number of burn-in fragments was set to 5000000.
The effective lengths have been computed using the observed mappings.

[2021-06-18 16:36:31.385] [jointLog] [info] Mapping rate = 90.8322%

[2021-06-18 16:36:31.385] [jointLog] [info] finished quantifyLibrary()
[2021-06-18 16:36:31.386] [jointLog] [info] Starting optimizer
[2021-06-18 16:36:31.481] [jointLog] [info] Marked 0 weighted equivalence classes as degenerate
[2021-06-18 16:36:31.499] [jointLog] [info] iteration = 0 | max rel diff. = 2612.43
[2021-06-18 16:36:31.651] [jointLog] [info] iteration 11, adjusting effective lengths to account for biases
[2021-06-18 16:36:32.816] [jointLog] [info] Computed expected counts (for bias correction)
[2021-06-18 16:36:32.816] [jointLog] [info] processed bias for 0.0% of the transcripts
[2021-06-18 16:36:33.539] [jointLog] [info] processed bias for 10.0% of the transcripts
[2021-06-18 16:36:34.305] [jointLog] [info] processed bias for 20.0% of the transcripts
[2021-06-18 16:36:35.071] [jointLog] [info] processed bias for 30.0% of the transcripts
[2021-06-18 16:36:35.865] [jointLog] [info] processed bias for 40.0% of the transcripts
[2021-06-18 16:36:36.598] [jointLog] [info] processed bias for 50.0% of the transcripts
[2021-06-18 16:36:37.270] [jointLog] [info] processed bias for 60.0% of the transcripts
[2021-06-18 16:36:37.910] [jointLog] [info] processed bias for 70.0% of the transcripts
[2021-06-18 16:36:38.601] [jointLog] [info] processed bias for 80.1% of the transcripts
[2021-06-18 16:36:39.205] [jointLog] [info] processed bias for 90.0% of the transcripts
[2021-06-18 16:36:39.898] [jointLog] [info] processed bias for 100.0% of the transcripts
[2021-06-18 16:36:39.900] [jointLog] [info] processed bias for 100.0% of the transcripts
[2021-06-18 16:36:40.957] [jointLog] [info] iteration = 100 | max rel diff. = 15.3669
[2021-06-18 16:36:42.110] [jointLog] [info] iteration = 200 | max rel diff. = 16.8041
[2021-06-18 16:36:43.298] [jointLog] [info] iteration = 300 | max rel diff. = 17.7747
[2021-06-18 16:36:44.508] [jointLog] [info] iteration = 400 | max rel diff. = 0.589138
[2021-06-18 16:36:45.697] [jointLog] [info] iteration = 500 | max rel diff. = 1.77527
[2021-06-18 16:36:46.847] [jointLog] [info] iteration = 600 | max rel diff. = 0.476843
[2021-06-18 16:36:47.945] [jointLog] [info] iteration = 700 | max rel diff. = 0.231509
[2021-06-18 16:36:49.066] [jointLog] [info] iteration = 800 | max rel diff. = 0.0890351
[2021-06-18 16:36:50.227] [jointLog] [info] iteration = 900 | max rel diff. = 0.133436
[2021-06-18 16:36:51.368] [jointLog] [info] iteration = 1,000 | max rel diff. = 0.366836
[2021-06-18 16:36:52.529] [jointLog] [info] iteration = 1,100 | max rel diff. = 0.076773
[2021-06-18 16:36:53.658] [jointLog] [info] iteration = 1,200 | max rel diff. = 0.00710434
[2021-06-18 16:36:53.658] [jointLog] [info] iteration = 1,201 | max rel diff. = 0.00710434
[2021-06-18 16:36:53.694] [jointLog] [info] Finished optimizer
[2021-06-18 16:36:53.694] [jointLog] [info] writing output 

