[2021-06-18 16:39:52.814] [jointLog] [info] setting maxHashResizeThreads to 8
[2021-06-18 16:39:52.814] [jointLog] [info] Fragment incompatibility prior below threshold.  Incompatible fragments will be ignored.
[2021-06-18 16:39:52.814] [jointLog] [info] Usage of --validateMappings implies use of minScoreFraction. Since not explicitly specified, it is being set to 0.65
[2021-06-18 16:39:52.815] [jointLog] [info] Setting consensusSlack to selective-alignment default of 0.35.
[2021-06-18 16:39:52.815] [jointLog] [info] parsing read library format
[2021-06-18 16:39:52.815] [jointLog] [info] There is 1 library.
[2021-06-18 16:39:52.920] [jointLog] [info] Loading pufferfish index
[2021-06-18 16:39:52.920] [jointLog] [info] Loading dense pufferfish index.
[2021-06-18 16:40:32.074] [jointLog] [info] done
[2021-06-18 16:40:32.074] [jointLog] [info] Index contained 140,850 targets
[2021-06-18 16:40:32.550] [jointLog] [info] Number of decoys : 61
[2021-06-18 16:40:32.550] [jointLog] [info] First decoy index : 140,750 
[2021-06-18 16:40:57.729] [fileLog] [info] 
At end of round 0
==================
Observed 6932102 total fragments (6932102 in most recent round)

[2021-06-18 16:40:57.728] [jointLog] [info] Computed 183,356 rich equivalence classes for further processing
[2021-06-18 16:40:57.728] [jointLog] [info] Counted 6,358,826 total reads in the equivalence classes 
[2021-06-18 16:40:57.738] [jointLog] [info] Number of mappings discarded because of alignment score : 2,747,249
[2021-06-18 16:40:57.738] [jointLog] [info] Number of fragments entirely discarded because of alignment score : 190,038
[2021-06-18 16:40:57.738] [jointLog] [info] Number of fragments discarded because they are best-mapped to decoys : 110,544
[2021-06-18 16:40:57.738] [jointLog] [info] Number of fragments discarded because they have only dovetail (discordant) mappings to valid targets : 0
[2021-06-18 16:40:57.738] [jointLog] [info] Mapping rate = 91.7301%

[2021-06-18 16:40:57.738] [jointLog] [info] finished quantifyLibrary()
[2021-06-18 16:40:57.738] [jointLog] [info] Starting optimizer
[2021-06-18 16:40:57.860] [jointLog] [info] Marked 0 weighted equivalence classes as degenerate
[2021-06-18 16:40:57.879] [jointLog] [info] iteration = 0 | max rel diff. = 3938.47
[2021-06-18 16:40:58.035] [jointLog] [info] iteration 11, adjusting effective lengths to account for biases
[2021-06-18 16:40:59.081] [jointLog] [info] Computed expected counts (for bias correction)
[2021-06-18 16:40:59.081] [jointLog] [info] processed bias for 0.0% of the transcripts
[2021-06-18 16:40:59.726] [jointLog] [info] processed bias for 10.0% of the transcripts
[2021-06-18 16:41:00.440] [jointLog] [info] processed bias for 20.0% of the transcripts
[2021-06-18 16:41:01.152] [jointLog] [info] processed bias for 30.0% of the transcripts
[2021-06-18 16:41:01.898] [jointLog] [info] processed bias for 40.0% of the transcripts
[2021-06-18 16:41:02.590] [jointLog] [info] processed bias for 50.0% of the transcripts
[2021-06-18 16:41:03.245] [jointLog] [info] processed bias for 60.0% of the transcripts
[2021-06-18 16:41:03.894] [jointLog] [info] processed bias for 70.0% of the transcripts
[2021-06-18 16:41:04.602] [jointLog] [info] processed bias for 80.0% of the transcripts
[2021-06-18 16:41:05.258] [jointLog] [info] processed bias for 90.0% of the transcripts
[2021-06-18 16:41:05.907] [jointLog] [info] processed bias for 100.0% of the transcripts
[2021-06-18 16:41:05.908] [jointLog] [info] processed bias for 100.0% of the transcripts
[2021-06-18 16:41:07.026] [jointLog] [info] iteration = 100 | max rel diff. = 5.97994
[2021-06-18 16:41:08.241] [jointLog] [info] iteration = 200 | max rel diff. = 4.7237
[2021-06-18 16:41:09.481] [jointLog] [info] iteration = 300 | max rel diff. = 0.977613
[2021-06-18 16:41:10.681] [jointLog] [info] iteration = 400 | max rel diff. = 0.138189
[2021-06-18 16:41:11.858] [jointLog] [info] iteration = 500 | max rel diff. = 0.14092
[2021-06-18 16:41:13.176] [jointLog] [info] iteration = 600 | max rel diff. = 0.422555
[2021-06-18 16:41:14.418] [jointLog] [info] iteration = 700 | max rel diff. = 0.0819995
[2021-06-18 16:41:15.680] [jointLog] [info] iteration = 800 | max rel diff. = 0.0320909
[2021-06-18 16:41:16.922] [jointLog] [info] iteration = 900 | max rel diff. = 0.0307615
[2021-06-18 16:41:18.129] [jointLog] [info] iteration = 1,000 | max rel diff. = 0.0415165
[2021-06-18 16:41:19.338] [jointLog] [info] iteration = 1,100 | max rel diff. = 0.0215567
[2021-06-18 16:41:20.587] [jointLog] [info] iteration = 1,200 | max rel diff. = 0.205376
[2021-06-18 16:41:21.812] [jointLog] [info] iteration = 1,300 | max rel diff. = 0.0219191
[2021-06-18 16:41:22.378] [jointLog] [info] iteration = 1,346 | max rel diff. = 0.00730686
[2021-06-18 16:41:22.414] [jointLog] [info] Finished optimizer
[2021-06-18 16:41:22.414] [jointLog] [info] writing output 

