[2021-06-18 14:07:29.362] [jointLog] [info] setting maxHashResizeThreads to 8
[2021-06-18 14:07:29.362] [jointLog] [info] Fragment incompatibility prior below threshold.  Incompatible fragments will be ignored.
[2021-06-18 14:07:29.362] [jointLog] [info] Usage of --validateMappings implies use of minScoreFraction. Since not explicitly specified, it is being set to 0.65
[2021-06-18 14:07:29.362] [jointLog] [info] Setting consensusSlack to selective-alignment default of 0.35.
[2021-06-18 14:07:29.362] [jointLog] [info] parsing read library format
[2021-06-18 14:07:29.362] [jointLog] [info] There is 1 library.
[2021-06-18 14:07:29.491] [jointLog] [info] Loading pufferfish index
[2021-06-18 14:07:29.515] [jointLog] [info] Loading dense pufferfish index.
[2021-06-18 14:08:54.019] [jointLog] [info] done
[2021-06-18 14:08:54.019] [jointLog] [info] Index contained 140,850 targets
[2021-06-18 14:08:54.713] [jointLog] [info] Number of decoys : 61
[2021-06-18 14:08:54.713] [jointLog] [info] First decoy index : 140,750 
[2021-06-18 14:10:59.694] [jointLog] [info] Thread saw mini-batch with a maximum of 0.12% zero probability fragments
[2021-06-18 14:10:59.756] [jointLog] [info] Thread saw mini-batch with a maximum of 0.14% zero probability fragments
[2021-06-18 14:10:59.791] [jointLog] [info] Thread saw mini-batch with a maximum of 0.12% zero probability fragments
[2021-06-18 14:10:59.850] [jointLog] [info] Thread saw mini-batch with a maximum of 0.10% zero probability fragments
[2021-06-18 14:10:59.956] [jointLog] [info] Thread saw mini-batch with a maximum of 0.10% zero probability fragments
[2021-06-18 14:10:59.958] [jointLog] [info] Thread saw mini-batch with a maximum of 0.10% zero probability fragments
[2021-06-18 14:10:59.958] [jointLog] [info] Thread saw mini-batch with a maximum of 0.12% zero probability fragments
[2021-06-18 14:10:59.959] [jointLog] [info] Thread saw mini-batch with a maximum of 0.12% zero probability fragments
[2021-06-18 14:11:00.184] [jointLog] [info] Computed 204,900 rich equivalence classes for further processing
[2021-06-18 14:11:00.184] [jointLog] [info] Counted 11,498,063 total reads in the equivalence classes 
[2021-06-18 14:11:00.192] [jointLog] [info] Number of orphans recovered using orphan rescue : 347,928
[2021-06-18 14:11:00.192] [jointLog] [info] Number of mappings discarded because of alignment score : 4,866,976
[2021-06-18 14:11:00.192] [jointLog] [info] Number of fragments entirely discarded because of alignment score : 822,439
[2021-06-18 14:11:00.192] [jointLog] [info] Number of fragments discarded because they are best-mapped to decoys : 539,044
[2021-06-18 14:11:00.192] [jointLog] [info] Mapping rate = 87.2694%

[2021-06-18 14:11:00.192] [jointLog] [info] finished quantifyLibrary()
[2021-06-18 14:11:00.193] [jointLog] [info] Starting optimizer
[2021-06-18 14:11:00.303] [jointLog] [info] Marked 0 weighted equivalence classes as degenerate
[2021-06-18 14:11:00.319] [jointLog] [info] iteration = 0 | max rel diff. = 6265
[2021-06-18 14:11:00.468] [jointLog] [info] iteration 11, adjusting effective lengths to account for biases
[2021-06-18 14:11:00.184] [fileLog] [info] 
At end of round 0
==================
Observed 13175366 total fragments (13175366 in most recent round)

[2021-06-18 14:11:01.899] [jointLog] [info] Computed expected counts (for bias correction)
[2021-06-18 14:11:01.899] [jointLog] [info] processed bias for 0.0% of the transcripts
[2021-06-18 14:11:02.855] [jointLog] [info] processed bias for 10.0% of the transcripts
[2021-06-18 14:11:03.866] [jointLog] [info] processed bias for 20.0% of the transcripts
[2021-06-18 14:11:04.920] [jointLog] [info] processed bias for 30.0% of the transcripts
[2021-06-18 14:11:05.880] [jointLog] [info] processed bias for 40.0% of the transcripts
[2021-06-18 14:11:06.852] [jointLog] [info] processed bias for 50.0% of the transcripts
[2021-06-18 14:11:07.766] [jointLog] [info] processed bias for 60.0% of the transcripts
[2021-06-18 14:11:08.658] [jointLog] [info] processed bias for 70.0% of the transcripts
[2021-06-18 14:11:09.607] [jointLog] [info] processed bias for 80.0% of the transcripts
[2021-06-18 14:11:10.555] [jointLog] [info] processed bias for 90.0% of the transcripts
[2021-06-18 14:11:11.400] [jointLog] [info] processed bias for 100.0% of the transcripts
[2021-06-18 14:11:11.404] [jointLog] [info] processed bias for 100.0% of the transcripts
[2021-06-18 14:11:12.463] [jointLog] [info] iteration = 100 | max rel diff. = 13.8416
[2021-06-18 14:11:13.621] [jointLog] [info] iteration = 200 | max rel diff. = 10.7338
[2021-06-18 14:11:14.771] [jointLog] [info] iteration = 300 | max rel diff. = 3.20857
[2021-06-18 14:11:15.900] [jointLog] [info] iteration = 400 | max rel diff. = 8.64443
[2021-06-18 14:11:16.999] [jointLog] [info] iteration = 500 | max rel diff. = 0.176559
[2021-06-18 14:11:18.106] [jointLog] [info] iteration = 600 | max rel diff. = 0.250131
[2021-06-18 14:11:19.199] [jointLog] [info] iteration = 700 | max rel diff. = 0.0707313
[2021-06-18 14:11:20.273] [jointLog] [info] iteration = 800 | max rel diff. = 0.161713
[2021-06-18 14:11:21.347] [jointLog] [info] iteration = 900 | max rel diff. = 0.122126
[2021-06-18 14:11:22.423] [jointLog] [info] iteration = 1,000 | max rel diff. = 0.0937984
[2021-06-18 14:11:23.495] [jointLog] [info] iteration = 1,100 | max rel diff. = 0.0575811
[2021-06-18 14:11:24.573] [jointLog] [info] iteration = 1,200 | max rel diff. = 0.307029
[2021-06-18 14:11:25.712] [jointLog] [info] iteration = 1,300 | max rel diff. = 0.0438246
[2021-06-18 14:11:26.697] [jointLog] [info] iteration = 1,388 | max rel diff. = 0.00321672
[2021-06-18 14:11:26.728] [jointLog] [info] Finished optimizer
[2021-06-18 14:11:26.728] [jointLog] [info] writing output 

