[2021-06-18 16:48:21.673] [jointLog] [info] setting maxHashResizeThreads to 8
[2021-06-18 16:48:21.673] [jointLog] [info] Fragment incompatibility prior below threshold.  Incompatible fragments will be ignored.
[2021-06-18 16:48:21.673] [jointLog] [info] Usage of --validateMappings implies use of minScoreFraction. Since not explicitly specified, it is being set to 0.65
[2021-06-18 16:48:21.673] [jointLog] [info] Setting consensusSlack to selective-alignment default of 0.35.
[2021-06-18 16:48:21.673] [jointLog] [info] parsing read library format
[2021-06-18 16:48:21.673] [jointLog] [info] There is 1 library.
[2021-06-18 16:48:21.753] [jointLog] [info] Loading pufferfish index
[2021-06-18 16:48:21.753] [jointLog] [info] Loading dense pufferfish index.
[2021-06-18 16:49:03.342] [jointLog] [info] done
[2021-06-18 16:49:03.342] [jointLog] [info] Index contained 140,850 targets
[2021-06-18 16:49:04.002] [jointLog] [info] Number of decoys : 61
[2021-06-18 16:49:04.002] [jointLog] [info] First decoy index : 140,750 
[2021-06-18 16:49:32.112] [jointLog] [info] Computed 210,631 rich equivalence classes for further processing
[2021-06-18 16:49:32.112] [jointLog] [info] Counted 5,255,856 total reads in the equivalence classes 
[2021-06-18 16:49:32.123] [jointLog] [info] Number of mappings discarded because of alignment score : 2,681,870
[2021-06-18 16:49:32.123] [jointLog] [info] Number of fragments entirely discarded because of alignment score : 187,240
[2021-06-18 16:49:32.123] [jointLog] [info] Number of fragments discarded because they are best-mapped to decoys : 110,971
[2021-06-18 16:49:32.123] [jointLog] [info] Number of fragments discarded because they have only dovetail (discordant) mappings to valid targets : 0
[2021-06-18 16:49:32.123] [jointLog] [info] Mapping rate = 89.2703%

[2021-06-18 16:49:32.123] [jointLog] [info] finished quantifyLibrary()
[2021-06-18 16:49:32.123] [jointLog] [info] Starting optimizer
[2021-06-18 16:49:32.246] [jointLog] [info] Marked 0 weighted equivalence classes as degenerate
[2021-06-18 16:49:32.263] [jointLog] [info] iteration = 0 | max rel diff. = 3188.11
[2021-06-18 16:49:32.113] [fileLog] [info] 
At end of round 0
==================
Observed 5887574 total fragments (5887574 in most recent round)

[2021-06-18 16:49:32.417] [jointLog] [info] iteration 11, adjusting effective lengths to account for biases
[2021-06-18 16:49:33.728] [jointLog] [info] Computed expected counts (for bias correction)
[2021-06-18 16:49:33.728] [jointLog] [info] processed bias for 0.0% of the transcripts
[2021-06-18 16:49:34.553] [jointLog] [info] processed bias for 10.0% of the transcripts
[2021-06-18 16:49:35.456] [jointLog] [info] processed bias for 20.0% of the transcripts
[2021-06-18 16:49:36.352] [jointLog] [info] processed bias for 30.0% of the transcripts
[2021-06-18 16:49:37.238] [jointLog] [info] processed bias for 40.0% of the transcripts
[2021-06-18 16:49:38.105] [jointLog] [info] processed bias for 50.0% of the transcripts
[2021-06-18 16:49:38.928] [jointLog] [info] processed bias for 60.0% of the transcripts
[2021-06-18 16:49:39.745] [jointLog] [info] processed bias for 70.0% of the transcripts
[2021-06-18 16:49:40.556] [jointLog] [info] processed bias for 80.0% of the transcripts
[2021-06-18 16:49:41.304] [jointLog] [info] processed bias for 90.0% of the transcripts
[2021-06-18 16:49:42.034] [jointLog] [info] processed bias for 100.0% of the transcripts
[2021-06-18 16:49:42.035] [jointLog] [info] processed bias for 100.0% of the transcripts
[2021-06-18 16:49:43.287] [jointLog] [info] iteration = 100 | max rel diff. = 14.3421
[2021-06-18 16:49:44.647] [jointLog] [info] iteration = 200 | max rel diff. = 5.2246
[2021-06-18 16:49:46.004] [jointLog] [info] iteration = 300 | max rel diff. = 3.38426
[2021-06-18 16:49:47.381] [jointLog] [info] iteration = 400 | max rel diff. = 0.336254
[2021-06-18 16:49:48.755] [jointLog] [info] iteration = 500 | max rel diff. = 0.792018
[2021-06-18 16:49:50.064] [jointLog] [info] iteration = 600 | max rel diff. = 1.02361
[2021-06-18 16:49:51.389] [jointLog] [info] iteration = 700 | max rel diff. = 0.130534
[2021-06-18 16:49:52.657] [jointLog] [info] iteration = 800 | max rel diff. = 0.144824
[2021-06-18 16:49:53.985] [jointLog] [info] iteration = 900 | max rel diff. = 0.699529
[2021-06-18 16:49:55.285] [jointLog] [info] iteration = 1,000 | max rel diff. = 0.187672
[2021-06-18 16:49:56.561] [jointLog] [info] iteration = 1,100 | max rel diff. = 0.013332
[2021-06-18 16:49:57.813] [jointLog] [info] iteration = 1,200 | max rel diff. = 0.0732094
[2021-06-18 16:49:58.125] [jointLog] [info] iteration = 1,227 | max rel diff. = 0.00850589
[2021-06-18 16:49:58.163] [jointLog] [info] Finished optimizer
[2021-06-18 16:49:58.163] [jointLog] [info] writing output 

