                                 Started job on |	Jun 06 01:32:24
                             Started mapping on |	Jun 06 01:32:45
                                    Finished on |	Jun 06 04:30:31
       Mapping speed, Million of reads per hour |	224.15

                          Number of input reads |	664112225
                      Average input read length |	294
                                    UNIQUE READS:
                   Uniquely mapped reads number |	620297933
                        Uniquely mapped reads % |	93.40%
                          Average mapped length |	293.42
                       Number of splices: Total |	748197520
            Number of splices: Annotated (sjdb) |	743770567
                       Number of splices: GT/AG |	742655384
                       Number of splices: GC/AG |	5061140
                       Number of splices: AT/AC |	480996
               Number of splices: Non-canonical |	0
                      Mismatch rate per base, % |	0.32%
                         Deletion rate per base |	0.01%
                        Deletion average length |	2.42
                        Insertion rate per base |	0.01%
                       Insertion average length |	1.95
                             MULTI-MAPPING READS:
        Number of reads mapped to multiple loci |	29309342
             % of reads mapped to multiple loci |	4.41%
        Number of reads mapped to too many loci |	1069637
             % of reads mapped to too many loci |	0.16%
                                  UNMAPPED READS:
  Number of reads unmapped: too many mismatches |	0
       % of reads unmapped: too many mismatches |	0.00%
            Number of reads unmapped: too short |	12897164
                 % of reads unmapped: too short |	1.94%
                Number of reads unmapped: other |	538149
                     % of reads unmapped: other |	0.08%
                                  CHIMERIC READS:
                       Number of chimeric reads |	4867864
                            % of chimeric reads |	0.73%
