[2021-06-18 14:24:55.202] [jointLog] [info] setting maxHashResizeThreads to 8
[2021-06-18 14:24:55.202] [jointLog] [info] Fragment incompatibility prior below threshold.  Incompatible fragments will be ignored.
[2021-06-18 14:24:55.202] [jointLog] [info] Usage of --validateMappings implies use of minScoreFraction. Since not explicitly specified, it is being set to 0.65
[2021-06-18 14:24:55.202] [jointLog] [info] Setting consensusSlack to selective-alignment default of 0.35.
[2021-06-18 14:24:55.202] [jointLog] [info] parsing read library format
[2021-06-18 14:24:55.202] [jointLog] [info] There is 1 library.
[2021-06-18 14:24:55.308] [jointLog] [info] Loading pufferfish index
[2021-06-18 14:24:55.308] [jointLog] [info] Loading dense pufferfish index.
[2021-06-18 14:25:34.039] [jointLog] [info] done
[2021-06-18 14:25:34.039] [jointLog] [info] Index contained 140,850 targets
[2021-06-18 14:25:34.589] [jointLog] [info] Number of decoys : 61
[2021-06-18 14:25:34.589] [jointLog] [info] First decoy index : 140,750 
[2021-06-18 14:27:43.502] [jointLog] [info] Thread saw mini-batch with a maximum of 0.10% zero probability fragments
[2021-06-18 14:27:43.556] [jointLog] [info] Thread saw mini-batch with a maximum of 0.10% zero probability fragments
[2021-06-18 14:27:43.566] [jointLog] [info] Thread saw mini-batch with a maximum of 0.10% zero probability fragments
[2021-06-18 14:27:43.580] [jointLog] [info] Thread saw mini-batch with a maximum of 0.10% zero probability fragments
[2021-06-18 14:27:43.658] [jointLog] [info] Thread saw mini-batch with a maximum of 0.10% zero probability fragments
[2021-06-18 14:27:43.663] [jointLog] [info] Thread saw mini-batch with a maximum of 0.12% zero probability fragments
[2021-06-18 14:27:43.699] [jointLog] [info] Thread saw mini-batch with a maximum of 0.16% zero probability fragments
[2021-06-18 14:27:43.704] [jointLog] [info] Thread saw mini-batch with a maximum of 0.12% zero probability fragments
[2021-06-18 14:27:43.941] [jointLog] [info] Computed 209,954 rich equivalence classes for further processing
[2021-06-18 14:27:43.941] [jointLog] [info] Counted 12,718,564 total reads in the equivalence classes 
[2021-06-18 14:27:43.951] [jointLog] [info] Number of orphans recovered using orphan rescue : 322,971
[2021-06-18 14:27:43.951] [jointLog] [info] Number of mappings discarded because of alignment score : 5,153,505
[2021-06-18 14:27:43.951] [jointLog] [info] Number of fragments entirely discarded because of alignment score : 771,529
[2021-06-18 14:27:43.951] [jointLog] [info] Number of fragments discarded because they are best-mapped to decoys : 460,153
[2021-06-18 14:27:43.951] [jointLog] [info] Mapping rate = 89.6157%

[2021-06-18 14:27:43.951] [jointLog] [info] finished quantifyLibrary()
[2021-06-18 14:27:43.951] [jointLog] [info] Starting optimizer
[2021-06-18 14:27:44.074] [jointLog] [info] Marked 0 weighted equivalence classes as degenerate
[2021-06-18 14:27:44.092] [jointLog] [info] iteration = 0 | max rel diff. = 6719.73
[2021-06-18 14:27:44.249] [jointLog] [info] iteration 11, adjusting effective lengths to account for biases
[2021-06-18 14:27:43.942] [fileLog] [info] 
At end of round 0
==================
Observed 14192339 total fragments (14192339 in most recent round)

[2021-06-18 14:27:45.637] [jointLog] [info] Computed expected counts (for bias correction)
[2021-06-18 14:27:45.637] [jointLog] [info] processed bias for 0.0% of the transcripts
[2021-06-18 14:27:46.618] [jointLog] [info] processed bias for 10.0% of the transcripts
[2021-06-18 14:27:47.708] [jointLog] [info] processed bias for 20.0% of the transcripts
[2021-06-18 14:27:48.744] [jointLog] [info] processed bias for 30.0% of the transcripts
[2021-06-18 14:27:49.688] [jointLog] [info] processed bias for 40.0% of the transcripts
[2021-06-18 14:27:50.678] [jointLog] [info] processed bias for 50.0% of the transcripts
[2021-06-18 14:27:51.626] [jointLog] [info] processed bias for 60.0% of the transcripts
[2021-06-18 14:27:52.515] [jointLog] [info] processed bias for 70.0% of the transcripts
[2021-06-18 14:27:53.384] [jointLog] [info] processed bias for 80.0% of the transcripts
[2021-06-18 14:27:54.343] [jointLog] [info] processed bias for 90.0% of the transcripts
[2021-06-18 14:27:55.191] [jointLog] [info] processed bias for 100.0% of the transcripts
[2021-06-18 14:27:55.193] [jointLog] [info] processed bias for 100.0% of the transcripts
[2021-06-18 14:27:56.261] [jointLog] [info] iteration = 100 | max rel diff. = 16.0408
[2021-06-18 14:27:57.461] [jointLog] [info] iteration = 200 | max rel diff. = 6.76835
[2021-06-18 14:27:58.655] [jointLog] [info] iteration = 300 | max rel diff. = 16.2125
[2021-06-18 14:27:59.830] [jointLog] [info] iteration = 400 | max rel diff. = 2.11117
[2021-06-18 14:28:01.029] [jointLog] [info] iteration = 500 | max rel diff. = 0.0790972
[2021-06-18 14:28:02.187] [jointLog] [info] iteration = 600 | max rel diff. = 0.500625
[2021-06-18 14:28:03.348] [jointLog] [info] iteration = 700 | max rel diff. = 0.0640765
[2021-06-18 14:28:04.530] [jointLog] [info] iteration = 800 | max rel diff. = 0.0563557
[2021-06-18 14:28:05.693] [jointLog] [info] iteration = 900 | max rel diff. = 0.177797
[2021-06-18 14:28:06.865] [jointLog] [info] iteration = 1,000 | max rel diff. = 0.116908
[2021-06-18 14:28:08.057] [jointLog] [info] iteration = 1,100 | max rel diff. = 0.191641
[2021-06-18 14:28:09.290] [jointLog] [info] iteration = 1,200 | max rel diff. = 4.28745
[2021-06-18 14:28:09.303] [jointLog] [info] iteration = 1,202 | max rel diff. = 0.00723372
[2021-06-18 14:28:09.335] [jointLog] [info] Finished optimizer
[2021-06-18 14:28:09.335] [jointLog] [info] writing output 

