[2021-06-18 16:46:49.123] [jointLog] [info] setting maxHashResizeThreads to 8
[2021-06-18 16:46:49.123] [jointLog] [info] Fragment incompatibility prior below threshold.  Incompatible fragments will be ignored.
[2021-06-18 16:46:49.123] [jointLog] [info] Usage of --validateMappings implies use of minScoreFraction. Since not explicitly specified, it is being set to 0.65
[2021-06-18 16:46:49.123] [jointLog] [info] Setting consensusSlack to selective-alignment default of 0.35.
[2021-06-18 16:46:49.123] [jointLog] [info] parsing read library format
[2021-06-18 16:46:49.123] [jointLog] [info] There is 1 library.
[2021-06-18 16:46:49.223] [jointLog] [info] Loading pufferfish index
[2021-06-18 16:46:49.223] [jointLog] [info] Loading dense pufferfish index.
[2021-06-18 16:47:30.588] [jointLog] [info] done
[2021-06-18 16:47:30.588] [jointLog] [info] Index contained 140,850 targets
[2021-06-18 16:47:31.179] [jointLog] [info] Number of decoys : 61
[2021-06-18 16:47:31.179] [jointLog] [info] First decoy index : 140,750 
[2021-06-18 16:47:55.070] [fileLog] [info] 
At end of round 0
==================
Observed 5875075 total fragments (5875075 in most recent round)

[2021-06-18 16:47:55.069] [jointLog] [info] Computed 170,926 rich equivalence classes for further processing
[2021-06-18 16:47:55.069] [jointLog] [info] Counted 5,415,514 total reads in the equivalence classes 
[2021-06-18 16:47:55.079] [jointLog] [info] Number of mappings discarded because of alignment score : 2,473,476
[2021-06-18 16:47:55.079] [jointLog] [info] Number of fragments entirely discarded because of alignment score : 173,678
[2021-06-18 16:47:55.079] [jointLog] [info] Number of fragments discarded because they are best-mapped to decoys : 102,864
[2021-06-18 16:47:55.079] [jointLog] [info] Number of fragments discarded because they have only dovetail (discordant) mappings to valid targets : 0
[2021-06-18 16:47:55.079] [jointLog] [info] Mapping rate = 92.1778%

[2021-06-18 16:47:55.079] [jointLog] [info] finished quantifyLibrary()
[2021-06-18 16:47:55.079] [jointLog] [info] Starting optimizer
[2021-06-18 16:47:55.200] [jointLog] [info] Marked 0 weighted equivalence classes as degenerate
[2021-06-18 16:47:55.216] [jointLog] [info] iteration = 0 | max rel diff. = 3421.84
[2021-06-18 16:47:55.364] [jointLog] [info] iteration 11, adjusting effective lengths to account for biases
[2021-06-18 16:47:56.472] [jointLog] [info] Computed expected counts (for bias correction)
[2021-06-18 16:47:56.472] [jointLog] [info] processed bias for 0.0% of the transcripts
[2021-06-18 16:47:57.229] [jointLog] [info] processed bias for 10.0% of the transcripts
[2021-06-18 16:47:58.019] [jointLog] [info] processed bias for 20.0% of the transcripts
[2021-06-18 16:47:58.748] [jointLog] [info] processed bias for 30.0% of the transcripts
[2021-06-18 16:47:59.549] [jointLog] [info] processed bias for 40.0% of the transcripts
[2021-06-18 16:48:00.307] [jointLog] [info] processed bias for 50.0% of the transcripts
[2021-06-18 16:48:00.947] [jointLog] [info] processed bias for 60.0% of the transcripts
[2021-06-18 16:48:01.612] [jointLog] [info] processed bias for 70.0% of the transcripts
[2021-06-18 16:48:02.329] [jointLog] [info] processed bias for 80.0% of the transcripts
[2021-06-18 16:48:03.083] [jointLog] [info] processed bias for 90.0% of the transcripts
[2021-06-18 16:48:03.736] [jointLog] [info] processed bias for 100.0% of the transcripts
[2021-06-18 16:48:03.738] [jointLog] [info] processed bias for 100.0% of the transcripts
[2021-06-18 16:48:04.857] [jointLog] [info] iteration = 100 | max rel diff. = 8.82693
[2021-06-18 16:48:06.081] [jointLog] [info] iteration = 200 | max rel diff. = 6.26169
[2021-06-18 16:48:07.328] [jointLog] [info] iteration = 300 | max rel diff. = 0.519087
[2021-06-18 16:48:08.576] [jointLog] [info] iteration = 400 | max rel diff. = 0.953673
[2021-06-18 16:48:09.834] [jointLog] [info] iteration = 500 | max rel diff. = 15.8599
[2021-06-18 16:48:11.090] [jointLog] [info] iteration = 600 | max rel diff. = 0.0844359
[2021-06-18 16:48:12.336] [jointLog] [info] iteration = 700 | max rel diff. = 1.94456
[2021-06-18 16:48:13.605] [jointLog] [info] iteration = 800 | max rel diff. = 0.0702559
[2021-06-18 16:48:14.846] [jointLog] [info] iteration = 900 | max rel diff. = 0.209485
[2021-06-18 16:48:16.102] [jointLog] [info] iteration = 1,000 | max rel diff. = 0.0346806
[2021-06-18 16:48:17.343] [jointLog] [info] iteration = 1,100 | max rel diff. = 0.188028
[2021-06-18 16:48:18.007] [jointLog] [info] iteration = 1,155 | max rel diff. = 0.00655738
[2021-06-18 16:48:18.049] [jointLog] [info] Finished optimizer
[2021-06-18 16:48:18.049] [jointLog] [info] writing output 

