[2021-06-18 16:54:28.487] [jointLog] [info] setting maxHashResizeThreads to 8
[2021-06-18 16:54:28.487] [jointLog] [info] Fragment incompatibility prior below threshold.  Incompatible fragments will be ignored.
[2021-06-18 16:54:28.487] [jointLog] [info] Usage of --validateMappings implies use of minScoreFraction. Since not explicitly specified, it is being set to 0.65
[2021-06-18 16:54:28.487] [jointLog] [info] Setting consensusSlack to selective-alignment default of 0.35.
[2021-06-18 16:54:28.487] [jointLog] [info] parsing read library format
[2021-06-18 16:54:28.488] [jointLog] [info] There is 1 library.
[2021-06-18 16:54:28.588] [jointLog] [info] Loading pufferfish index
[2021-06-18 16:54:28.588] [jointLog] [info] Loading dense pufferfish index.
[2021-06-18 16:55:04.357] [jointLog] [info] done
[2021-06-18 16:55:04.357] [jointLog] [info] Index contained 140,850 targets
[2021-06-18 16:55:04.931] [jointLog] [info] Number of decoys : 61
[2021-06-18 16:55:04.931] [jointLog] [info] First decoy index : 140,750 
[2021-06-18 16:55:33.557] [jointLog] [info] Computed 153,304 rich equivalence classes for further processing
[2021-06-18 16:55:33.557] [jointLog] [info] Counted 6,254,942 total reads in the equivalence classes 
[2021-06-18 16:55:33.565] [jointLog] [info] Number of mappings discarded because of alignment score : 2,893,597
[2021-06-18 16:55:33.565] [jointLog] [info] Number of fragments entirely discarded because of alignment score : 201,053
[2021-06-18 16:55:33.565] [jointLog] [info] Number of fragments discarded because they are best-mapped to decoys : 128,853
[2021-06-18 16:55:33.565] [jointLog] [info] Number of fragments discarded because they have only dovetail (discordant) mappings to valid targets : 0
[2021-06-18 16:55:33.565] [jointLog] [info] Mapping rate = 91.3163%

[2021-06-18 16:55:33.565] [jointLog] [info] finished quantifyLibrary()
[2021-06-18 16:55:33.566] [jointLog] [info] Starting optimizer
[2021-06-18 16:55:33.668] [jointLog] [info] Marked 0 weighted equivalence classes as degenerate
[2021-06-18 16:55:33.683] [jointLog] [info] iteration = 0 | max rel diff. = 3847.01
[2021-06-18 16:55:33.557] [fileLog] [info] 
At end of round 0
==================
Observed 6849753 total fragments (6849753 in most recent round)

[2021-06-18 16:55:33.814] [jointLog] [info] iteration 11, adjusting effective lengths to account for biases
[2021-06-18 16:55:34.807] [jointLog] [info] Computed expected counts (for bias correction)
[2021-06-18 16:55:34.807] [jointLog] [info] processed bias for 0.0% of the transcripts
[2021-06-18 16:55:35.446] [jointLog] [info] processed bias for 10.0% of the transcripts
[2021-06-18 16:55:36.098] [jointLog] [info] processed bias for 20.0% of the transcripts
[2021-06-18 16:55:36.763] [jointLog] [info] processed bias for 30.0% of the transcripts
[2021-06-18 16:55:37.430] [jointLog] [info] processed bias for 40.0% of the transcripts
[2021-06-18 16:55:38.047] [jointLog] [info] processed bias for 50.0% of the transcripts
[2021-06-18 16:55:38.670] [jointLog] [info] processed bias for 60.0% of the transcripts
[2021-06-18 16:55:39.388] [jointLog] [info] processed bias for 70.0% of the transcripts
[2021-06-18 16:55:40.052] [jointLog] [info] processed bias for 80.0% of the transcripts
[2021-06-18 16:55:40.674] [jointLog] [info] processed bias for 90.0% of the transcripts
[2021-06-18 16:55:41.281] [jointLog] [info] processed bias for 100.0% of the transcripts
[2021-06-18 16:55:41.288] [jointLog] [info] processed bias for 100.0% of the transcripts
[2021-06-18 16:55:42.272] [jointLog] [info] iteration = 100 | max rel diff. = 6.69554
[2021-06-18 16:55:43.373] [jointLog] [info] iteration = 200 | max rel diff. = 8.00265
[2021-06-18 16:55:44.473] [jointLog] [info] iteration = 300 | max rel diff. = 0.696142
[2021-06-18 16:55:45.539] [jointLog] [info] iteration = 400 | max rel diff. = 0.514035
[2021-06-18 16:55:46.596] [jointLog] [info] iteration = 500 | max rel diff. = 0.157843
[2021-06-18 16:55:47.710] [jointLog] [info] iteration = 600 | max rel diff. = 0.275571
[2021-06-18 16:55:48.771] [jointLog] [info] iteration = 700 | max rel diff. = 0.0448019
[2021-06-18 16:55:49.828] [jointLog] [info] iteration = 800 | max rel diff. = 0.0529231
[2021-06-18 16:55:50.886] [jointLog] [info] iteration = 900 | max rel diff. = 6.50911
[2021-06-18 16:55:51.961] [jointLog] [info] iteration = 1,000 | max rel diff. = 0.0545907
[2021-06-18 16:55:53.049] [jointLog] [info] iteration = 1,100 | max rel diff. = 0.0194921
[2021-06-18 16:55:53.502] [jointLog] [info] iteration = 1,143 | max rel diff. = 0.0076158
[2021-06-18 16:55:53.536] [jointLog] [info] Finished optimizer
[2021-06-18 16:55:53.536] [jointLog] [info] writing output 

