[2021-06-18 14:11:30.254] [jointLog] [info] setting maxHashResizeThreads to 8
[2021-06-18 14:11:30.254] [jointLog] [info] Fragment incompatibility prior below threshold.  Incompatible fragments will be ignored.
[2021-06-18 14:11:30.254] [jointLog] [info] Usage of --validateMappings implies use of minScoreFraction. Since not explicitly specified, it is being set to 0.65
[2021-06-18 14:11:30.254] [jointLog] [info] Setting consensusSlack to selective-alignment default of 0.35.
[2021-06-18 14:11:30.254] [jointLog] [info] parsing read library format
[2021-06-18 14:11:30.254] [jointLog] [info] There is 1 library.
[2021-06-18 14:11:30.346] [jointLog] [info] Loading pufferfish index
[2021-06-18 14:11:30.346] [jointLog] [info] Loading dense pufferfish index.
[2021-06-18 14:12:06.072] [jointLog] [info] done
[2021-06-18 14:12:06.072] [jointLog] [info] Index contained 140,850 targets
[2021-06-18 14:12:06.611] [jointLog] [info] Number of decoys : 61
[2021-06-18 14:12:06.611] [jointLog] [info] First decoy index : 140,750 
[2021-06-18 14:13:54.316] [jointLog] [info] Thread saw mini-batch with a maximum of 0.10% zero probability fragments
[2021-06-18 14:13:54.340] [jointLog] [info] Thread saw mini-batch with a maximum of 0.10% zero probability fragments
[2021-06-18 14:13:54.376] [jointLog] [info] Thread saw mini-batch with a maximum of 0.12% zero probability fragments
[2021-06-18 14:13:54.401] [jointLog] [info] Thread saw mini-batch with a maximum of 0.10% zero probability fragments
[2021-06-18 14:13:54.465] [jointLog] [info] Thread saw mini-batch with a maximum of 0.12% zero probability fragments
[2021-06-18 14:13:54.482] [jointLog] [info] Thread saw mini-batch with a maximum of 0.14% zero probability fragments
[2021-06-18 14:13:54.509] [jointLog] [info] Thread saw mini-batch with a maximum of 0.10% zero probability fragments
[2021-06-18 14:13:54.574] [jointLog] [info] Thread saw mini-batch with a maximum of 0.08% zero probability fragments
[2021-06-18 14:13:54.793] [fileLog] [info] 
At end of round 0
==================
Observed 13309748 total fragments (13309748 in most recent round)

[2021-06-18 14:13:54.792] [jointLog] [info] Computed 202,729 rich equivalence classes for further processing
[2021-06-18 14:13:54.792] [jointLog] [info] Counted 12,379,434 total reads in the equivalence classes 
[2021-06-18 14:13:54.801] [jointLog] [info] Number of orphans recovered using orphan rescue : 240,941
[2021-06-18 14:13:54.801] [jointLog] [info] Number of mappings discarded because of alignment score : 4,821,706
[2021-06-18 14:13:54.801] [jointLog] [info] Number of fragments entirely discarded because of alignment score : 581,244
[2021-06-18 14:13:54.801] [jointLog] [info] Number of fragments discarded because they are best-mapped to decoys : 307,919
[2021-06-18 14:13:54.801] [jointLog] [info] Mapping rate = 93.0103%

[2021-06-18 14:13:54.801] [jointLog] [info] finished quantifyLibrary()
[2021-06-18 14:13:54.802] [jointLog] [info] Starting optimizer
[2021-06-18 14:13:54.912] [jointLog] [info] Marked 0 weighted equivalence classes as degenerate
[2021-06-18 14:13:54.927] [jointLog] [info] iteration = 0 | max rel diff. = 6574.92
[2021-06-18 14:13:55.067] [jointLog] [info] iteration 11, adjusting effective lengths to account for biases
[2021-06-18 14:13:56.398] [jointLog] [info] Computed expected counts (for bias correction)
[2021-06-18 14:13:56.398] [jointLog] [info] processed bias for 0.0% of the transcripts
[2021-06-18 14:13:57.319] [jointLog] [info] processed bias for 10.0% of the transcripts
[2021-06-18 14:13:58.228] [jointLog] [info] processed bias for 20.0% of the transcripts
[2021-06-18 14:13:59.132] [jointLog] [info] processed bias for 30.1% of the transcripts
[2021-06-18 14:14:00.063] [jointLog] [info] processed bias for 40.0% of the transcripts
[2021-06-18 14:14:00.857] [jointLog] [info] processed bias for 50.0% of the transcripts
[2021-06-18 14:14:01.694] [jointLog] [info] processed bias for 60.0% of the transcripts
[2021-06-18 14:14:02.571] [jointLog] [info] processed bias for 70.0% of the transcripts
[2021-06-18 14:14:03.496] [jointLog] [info] processed bias for 80.0% of the transcripts
[2021-06-18 14:14:04.392] [jointLog] [info] processed bias for 90.0% of the transcripts
[2021-06-18 14:14:05.180] [jointLog] [info] processed bias for 100.0% of the transcripts
[2021-06-18 14:14:05.182] [jointLog] [info] processed bias for 100.0% of the transcripts
[2021-06-18 14:14:06.219] [jointLog] [info] iteration = 100 | max rel diff. = 17.8812
[2021-06-18 14:14:07.337] [jointLog] [info] iteration = 200 | max rel diff. = 0.617777
[2021-06-18 14:14:08.454] [jointLog] [info] iteration = 300 | max rel diff. = 2.60533
[2021-06-18 14:14:09.580] [jointLog] [info] iteration = 400 | max rel diff. = 1.1687
[2021-06-18 14:14:10.724] [jointLog] [info] iteration = 500 | max rel diff. = 3.37809
[2021-06-18 14:14:11.840] [jointLog] [info] iteration = 600 | max rel diff. = 0.294864
[2021-06-18 14:14:12.957] [jointLog] [info] iteration = 700 | max rel diff. = 5.30542
[2021-06-18 14:14:14.079] [jointLog] [info] iteration = 800 | max rel diff. = 0.202002
[2021-06-18 14:14:15.211] [jointLog] [info] iteration = 900 | max rel diff. = 0.0761779
[2021-06-18 14:14:16.354] [jointLog] [info] iteration = 1,000 | max rel diff. = 0.108325
[2021-06-18 14:14:17.490] [jointLog] [info] iteration = 1,100 | max rel diff. = 1.05142
[2021-06-18 14:14:17.831] [jointLog] [info] iteration = 1,131 | max rel diff. = 0.00638894
[2021-06-18 14:14:17.864] [jointLog] [info] Finished optimizer
[2021-06-18 14:14:17.864] [jointLog] [info] writing output 

