[2021-06-18 16:39:04.260] [jointLog] [info] setting maxHashResizeThreads to 8
[2021-06-18 16:39:04.260] [jointLog] [info] Fragment incompatibility prior below threshold.  Incompatible fragments will be ignored.
[2021-06-18 16:39:04.260] [jointLog] [info] Usage of --validateMappings implies use of minScoreFraction. Since not explicitly specified, it is being set to 0.65
[2021-06-18 16:39:04.260] [jointLog] [info] Setting consensusSlack to selective-alignment default of 0.35.
[2021-06-18 16:39:04.260] [jointLog] [info] parsing read library format
[2021-06-18 16:39:04.260] [jointLog] [info] There is 1 library.
[2021-06-18 16:39:04.360] [jointLog] [info] Loading pufferfish index
[2021-06-18 16:39:04.360] [jointLog] [info] Loading dense pufferfish index.
[2021-06-18 16:39:41.240] [jointLog] [info] done
[2021-06-18 16:39:41.240] [jointLog] [info] Index contained 140,850 targets
[2021-06-18 16:39:41.702] [jointLog] [info] Number of decoys : 61
[2021-06-18 16:39:41.702] [jointLog] [info] First decoy index : 140,750 
[2021-06-18 16:40:09.615] [jointLog] [info] Computed 185,053 rich equivalence classes for further processing
[2021-06-18 16:40:09.615] [jointLog] [info] Counted 6,419,332 total reads in the equivalence classes 
[2021-06-18 16:40:09.623] [jointLog] [info] Number of mappings discarded because of alignment score : 2,934,765
[2021-06-18 16:40:09.623] [jointLog] [info] Number of fragments entirely discarded because of alignment score : 221,712
[2021-06-18 16:40:09.623] [jointLog] [info] Number of fragments discarded because they are best-mapped to decoys : 136,632
[2021-06-18 16:40:09.623] [jointLog] [info] Number of fragments discarded because they have only dovetail (discordant) mappings to valid targets : 0
[2021-06-18 16:40:09.623] [jointLog] [info] Mapping rate = 86.5287%

[2021-06-18 16:40:09.623] [jointLog] [info] finished quantifyLibrary()
[2021-06-18 16:40:09.624] [jointLog] [info] Starting optimizer
[2021-06-18 16:40:09.727] [jointLog] [info] Marked 0 weighted equivalence classes as degenerate
[2021-06-18 16:40:09.743] [jointLog] [info] iteration = 0 | max rel diff. = 3916.36
[2021-06-18 16:40:09.894] [jointLog] [info] iteration 11, adjusting effective lengths to account for biases
[2021-06-18 16:40:09.616] [fileLog] [info] 
At end of round 0
==================
Observed 7418735 total fragments (7418735 in most recent round)

[2021-06-18 16:40:11.043] [jointLog] [info] Computed expected counts (for bias correction)
[2021-06-18 16:40:11.044] [jointLog] [info] processed bias for 0.1% of the transcripts
[2021-06-18 16:40:11.754] [jointLog] [info] processed bias for 10.0% of the transcripts
[2021-06-18 16:40:12.520] [jointLog] [info] processed bias for 20.0% of the transcripts
[2021-06-18 16:40:13.266] [jointLog] [info] processed bias for 30.0% of the transcripts
[2021-06-18 16:40:14.065] [jointLog] [info] processed bias for 40.0% of the transcripts
[2021-06-18 16:40:14.875] [jointLog] [info] processed bias for 50.0% of the transcripts
[2021-06-18 16:40:15.642] [jointLog] [info] processed bias for 60.0% of the transcripts
[2021-06-18 16:40:16.439] [jointLog] [info] processed bias for 70.0% of the transcripts
[2021-06-18 16:40:17.192] [jointLog] [info] processed bias for 80.0% of the transcripts
[2021-06-18 16:40:17.968] [jointLog] [info] processed bias for 90.0% of the transcripts
[2021-06-18 16:40:18.636] [jointLog] [info] processed bias for 100.0% of the transcripts
[2021-06-18 16:40:18.637] [jointLog] [info] processed bias for 100.0% of the transcripts
[2021-06-18 16:40:19.745] [jointLog] [info] iteration = 100 | max rel diff. = 18.5689
[2021-06-18 16:40:20.847] [jointLog] [info] iteration = 200 | max rel diff. = 20.5444
[2021-06-18 16:40:21.950] [jointLog] [info] iteration = 300 | max rel diff. = 0.880711
[2021-06-18 16:40:23.062] [jointLog] [info] iteration = 400 | max rel diff. = 0.179689
[2021-06-18 16:40:24.158] [jointLog] [info] iteration = 500 | max rel diff. = 0.835422
[2021-06-18 16:40:25.280] [jointLog] [info] iteration = 600 | max rel diff. = 0.106865
[2021-06-18 16:40:26.460] [jointLog] [info] iteration = 700 | max rel diff. = 0.541604
[2021-06-18 16:40:27.636] [jointLog] [info] iteration = 800 | max rel diff. = 0.58301
[2021-06-18 16:40:28.819] [jointLog] [info] iteration = 900 | max rel diff. = 1.33078
[2021-06-18 16:40:29.149] [jointLog] [info] iteration = 928 | max rel diff. = 0.00469397
[2021-06-18 16:40:29.183] [jointLog] [info] Finished optimizer
[2021-06-18 16:40:29.183] [jointLog] [info] writing output 

