[2021-06-18 16:40:48.149] [jointLog] [info] setting maxHashResizeThreads to 8
[2021-06-18 16:40:48.149] [jointLog] [info] Fragment incompatibility prior below threshold.  Incompatible fragments will be ignored.
[2021-06-18 16:40:48.149] [jointLog] [info] Usage of --validateMappings implies use of minScoreFraction. Since not explicitly specified, it is being set to 0.65
[2021-06-18 16:40:48.149] [jointLog] [info] Setting consensusSlack to selective-alignment default of 0.35.
[2021-06-18 16:40:48.149] [jointLog] [info] parsing read library format
[2021-06-18 16:40:48.149] [jointLog] [info] There is 1 library.
[2021-06-18 16:40:48.251] [jointLog] [info] Loading pufferfish index
[2021-06-18 16:40:48.251] [jointLog] [info] Loading dense pufferfish index.
[2021-06-18 16:41:26.706] [jointLog] [info] done
[2021-06-18 16:41:26.706] [jointLog] [info] Index contained 140,850 targets
[2021-06-18 16:41:27.274] [jointLog] [info] Number of decoys : 61
[2021-06-18 16:41:27.274] [jointLog] [info] First decoy index : 140,750 
[2021-06-18 16:41:57.152] [fileLog] [info] 
At end of round 0
==================
Observed 7876468 total fragments (7876468 in most recent round)

[2021-06-18 16:41:57.152] [jointLog] [info] Computed 199,276 rich equivalence classes for further processing
[2021-06-18 16:41:57.152] [jointLog] [info] Counted 6,972,309 total reads in the equivalence classes 
[2021-06-18 16:41:57.161] [jointLog] [info] Number of mappings discarded because of alignment score : 3,199,292
[2021-06-18 16:41:57.161] [jointLog] [info] Number of fragments entirely discarded because of alignment score : 249,141
[2021-06-18 16:41:57.161] [jointLog] [info] Number of fragments discarded because they are best-mapped to decoys : 162,434
[2021-06-18 16:41:57.161] [jointLog] [info] Number of fragments discarded because they have only dovetail (discordant) mappings to valid targets : 0
[2021-06-18 16:41:57.161] [jointLog] [info] Mapping rate = 88.5208%

[2021-06-18 16:41:57.161] [jointLog] [info] finished quantifyLibrary()
[2021-06-18 16:41:57.161] [jointLog] [info] Starting optimizer
[2021-06-18 16:41:57.274] [jointLog] [info] Marked 0 weighted equivalence classes as degenerate
[2021-06-18 16:41:57.290] [jointLog] [info] iteration = 0 | max rel diff. = 4147.97
[2021-06-18 16:41:57.443] [jointLog] [info] iteration 11, adjusting effective lengths to account for biases
[2021-06-18 16:41:58.571] [jointLog] [info] Computed expected counts (for bias correction)
[2021-06-18 16:41:58.571] [jointLog] [info] processed bias for 0.0% of the transcripts
[2021-06-18 16:41:59.328] [jointLog] [info] processed bias for 10.0% of the transcripts
[2021-06-18 16:42:00.164] [jointLog] [info] processed bias for 20.0% of the transcripts
[2021-06-18 16:42:00.998] [jointLog] [info] processed bias for 30.0% of the transcripts
[2021-06-18 16:42:01.786] [jointLog] [info] processed bias for 40.0% of the transcripts
[2021-06-18 16:42:02.586] [jointLog] [info] processed bias for 50.0% of the transcripts
[2021-06-18 16:42:03.383] [jointLog] [info] processed bias for 60.0% of the transcripts
[2021-06-18 16:42:04.111] [jointLog] [info] processed bias for 70.0% of the transcripts
[2021-06-18 16:42:04.775] [jointLog] [info] processed bias for 80.0% of the transcripts
[2021-06-18 16:42:05.501] [jointLog] [info] processed bias for 90.0% of the transcripts
[2021-06-18 16:42:06.283] [jointLog] [info] processed bias for 100.0% of the transcripts
[2021-06-18 16:42:06.284] [jointLog] [info] processed bias for 100.0% of the transcripts
[2021-06-18 16:42:07.429] [jointLog] [info] iteration = 100 | max rel diff. = 10.2351
[2021-06-18 16:42:08.683] [jointLog] [info] iteration = 200 | max rel diff. = 16.7392
[2021-06-18 16:42:09.900] [jointLog] [info] iteration = 300 | max rel diff. = 0.738563
[2021-06-18 16:42:11.149] [jointLog] [info] iteration = 400 | max rel diff. = 2.3832
[2021-06-18 16:42:12.344] [jointLog] [info] iteration = 500 | max rel diff. = 0.455485
[2021-06-18 16:42:13.537] [jointLog] [info] iteration = 600 | max rel diff. = 2.31016
[2021-06-18 16:42:14.701] [jointLog] [info] iteration = 700 | max rel diff. = 0.14144
[2021-06-18 16:42:15.849] [jointLog] [info] iteration = 800 | max rel diff. = 0.257102
[2021-06-18 16:42:16.986] [jointLog] [info] iteration = 900 | max rel diff. = 0.016017
[2021-06-18 16:42:17.968] [jointLog] [info] iteration = 986 | max rel diff. = 0.00992688
[2021-06-18 16:42:18.002] [jointLog] [info] Finished optimizer
[2021-06-18 16:42:18.002] [jointLog] [info] writing output 

