[2021-06-18 14:48:09.761] [jointLog] [info] setting maxHashResizeThreads to 8
[2021-06-18 14:48:09.761] [jointLog] [info] Fragment incompatibility prior below threshold.  Incompatible fragments will be ignored.
[2021-06-18 14:48:09.761] [jointLog] [info] Usage of --validateMappings implies use of minScoreFraction. Since not explicitly specified, it is being set to 0.65
[2021-06-18 14:48:09.761] [jointLog] [info] Setting consensusSlack to selective-alignment default of 0.35.
[2021-06-18 14:48:09.761] [jointLog] [info] parsing read library format
[2021-06-18 14:48:09.761] [jointLog] [info] There is 1 library.
[2021-06-18 14:48:09.865] [jointLog] [info] Loading pufferfish index
[2021-06-18 14:48:09.865] [jointLog] [info] Loading dense pufferfish index.
[2021-06-18 14:48:51.197] [jointLog] [info] done
[2021-06-18 14:48:51.197] [jointLog] [info] Index contained 140,850 targets
[2021-06-18 14:48:51.734] [jointLog] [info] Number of decoys : 61
[2021-06-18 14:48:51.734] [jointLog] [info] First decoy index : 140,750 
[2021-06-18 14:50:55.932] [jointLog] [info] Thread saw mini-batch with a maximum of 0.10% zero probability fragments
[2021-06-18 14:50:55.942] [jointLog] [info] Thread saw mini-batch with a maximum of 0.10% zero probability fragments
[2021-06-18 14:50:55.957] [jointLog] [info] Thread saw mini-batch with a maximum of 0.12% zero probability fragments
[2021-06-18 14:50:55.986] [jointLog] [info] Thread saw mini-batch with a maximum of 0.12% zero probability fragments
[2021-06-18 14:50:55.996] [jointLog] [info] Thread saw mini-batch with a maximum of 0.12% zero probability fragments
[2021-06-18 14:50:56.257] [jointLog] [info] Thread saw mini-batch with a maximum of 0.12% zero probability fragments
[2021-06-18 14:50:56.281] [jointLog] [info] Thread saw mini-batch with a maximum of 0.12% zero probability fragments
[2021-06-18 14:50:56.283] [jointLog] [info] Thread saw mini-batch with a maximum of 0.12% zero probability fragments
[2021-06-18 14:50:56.502] [jointLog] [info] Computed 199,102 rich equivalence classes for further processing
[2021-06-18 14:50:56.502] [jointLog] [info] Counted 11,019,862 total reads in the equivalence classes 
[2021-06-18 14:50:56.511] [jointLog] [info] Number of orphans recovered using orphan rescue : 348,223
[2021-06-18 14:50:56.511] [jointLog] [info] Number of mappings discarded because of alignment score : 4,681,249
[2021-06-18 14:50:56.511] [jointLog] [info] Number of fragments entirely discarded because of alignment score : 829,625
[2021-06-18 14:50:56.511] [jointLog] [info] Number of fragments discarded because they are best-mapped to decoys : 546,462
[2021-06-18 14:50:56.511] [jointLog] [info] Mapping rate = 86.3617%

[2021-06-18 14:50:56.511] [jointLog] [info] finished quantifyLibrary()
[2021-06-18 14:50:56.512] [jointLog] [info] Starting optimizer
[2021-06-18 14:50:56.502] [fileLog] [info] 
At end of round 0
==================
Observed 12760129 total fragments (12760129 in most recent round)

[2021-06-18 14:50:57.853] [jointLog] [info] Marked 0 weighted equivalence classes as degenerate
[2021-06-18 14:50:57.867] [jointLog] [info] iteration = 0 | max rel diff. = 6029.44
[2021-06-18 14:50:57.999] [jointLog] [info] iteration 11, adjusting effective lengths to account for biases
[2021-06-18 14:50:59.451] [jointLog] [info] Computed expected counts (for bias correction)
[2021-06-18 14:50:59.451] [jointLog] [info] processed bias for 0.0% of the transcripts
[2021-06-18 14:51:00.369] [jointLog] [info] processed bias for 10.0% of the transcripts
[2021-06-18 14:51:01.367] [jointLog] [info] processed bias for 20.0% of the transcripts
[2021-06-18 14:51:02.371] [jointLog] [info] processed bias for 30.0% of the transcripts
[2021-06-18 14:51:03.399] [jointLog] [info] processed bias for 40.0% of the transcripts
[2021-06-18 14:51:04.378] [jointLog] [info] processed bias for 50.0% of the transcripts
[2021-06-18 14:51:05.309] [jointLog] [info] processed bias for 60.0% of the transcripts
[2021-06-18 14:51:06.235] [jointLog] [info] processed bias for 70.0% of the transcripts
[2021-06-18 14:51:07.122] [jointLog] [info] processed bias for 80.0% of the transcripts
[2021-06-18 14:51:08.117] [jointLog] [info] processed bias for 90.0% of the transcripts
[2021-06-18 14:51:08.955] [jointLog] [info] processed bias for 100.0% of the transcripts
[2021-06-18 14:51:08.955] [jointLog] [info] processed bias for 100.0% of the transcripts
[2021-06-18 14:51:10.006] [jointLog] [info] iteration = 100 | max rel diff. = 17.5003
[2021-06-18 14:51:11.129] [jointLog] [info] iteration = 200 | max rel diff. = 17.2547
[2021-06-18 14:51:12.248] [jointLog] [info] iteration = 300 | max rel diff. = 0.158672
[2021-06-18 14:51:13.375] [jointLog] [info] iteration = 400 | max rel diff. = 13.5514
[2021-06-18 14:51:14.535] [jointLog] [info] iteration = 500 | max rel diff. = 5.57661
[2021-06-18 14:51:15.757] [jointLog] [info] iteration = 600 | max rel diff. = 0.166472
[2021-06-18 14:51:16.964] [jointLog] [info] iteration = 700 | max rel diff. = 0.248024
[2021-06-18 14:51:18.136] [jointLog] [info] iteration = 800 | max rel diff. = 0.0989681
[2021-06-18 14:51:19.324] [jointLog] [info] iteration = 900 | max rel diff. = 0.10604
[2021-06-18 14:51:20.473] [jointLog] [info] iteration = 994 | max rel diff. = 0.00927903
[2021-06-18 14:51:20.506] [jointLog] [info] Finished optimizer
[2021-06-18 14:51:20.506] [jointLog] [info] writing output 

