[2021-06-18 14:07:29.360] [jointLog] [info] setting maxHashResizeThreads to 8
[2021-06-18 14:07:29.360] [jointLog] [info] Fragment incompatibility prior below threshold.  Incompatible fragments will be ignored.
[2021-06-18 14:07:29.360] [jointLog] [info] Usage of --validateMappings implies use of minScoreFraction. Since not explicitly specified, it is being set to 0.65
[2021-06-18 14:07:29.360] [jointLog] [info] Setting consensusSlack to selective-alignment default of 0.35.
[2021-06-18 14:07:29.360] [jointLog] [info] parsing read library format
[2021-06-18 14:07:29.360] [jointLog] [info] There is 1 library.
[2021-06-18 14:07:29.491] [jointLog] [info] Loading pufferfish index
[2021-06-18 14:07:29.515] [jointLog] [info] Loading dense pufferfish index.
[2021-06-18 14:08:54.019] [jointLog] [info] done
[2021-06-18 14:08:54.019] [jointLog] [info] Index contained 140,850 targets
[2021-06-18 14:08:54.736] [jointLog] [info] Number of decoys : 61
[2021-06-18 14:08:54.736] [jointLog] [info] First decoy index : 140,750 
[2021-06-18 14:10:45.629] [jointLog] [info] Thread saw mini-batch with a maximum of 0.08% zero probability fragments
[2021-06-18 14:10:45.667] [jointLog] [info] Thread saw mini-batch with a maximum of 0.08% zero probability fragments
[2021-06-18 14:10:45.746] [jointLog] [info] Thread saw mini-batch with a maximum of 0.10% zero probability fragments
[2021-06-18 14:10:45.752] [jointLog] [info] Thread saw mini-batch with a maximum of 0.10% zero probability fragments
[2021-06-18 14:10:45.770] [jointLog] [info] Thread saw mini-batch with a maximum of 0.10% zero probability fragments
[2021-06-18 14:10:45.848] [jointLog] [info] Thread saw mini-batch with a maximum of 0.12% zero probability fragments
[2021-06-18 14:10:45.885] [jointLog] [info] Thread saw mini-batch with a maximum of 0.14% zero probability fragments
[2021-06-18 14:10:45.913] [jointLog] [info] Thread saw mini-batch with a maximum of 0.12% zero probability fragments
[2021-06-18 14:10:46.119] [jointLog] [info] Computed 177,306 rich equivalence classes for further processing
[2021-06-18 14:10:46.119] [jointLog] [info] Counted 12,432,649 total reads in the equivalence classes 
[2021-06-18 14:10:46.129] [jointLog] [info] Number of orphans recovered using orphan rescue : 262,932
[2021-06-18 14:10:46.129] [jointLog] [info] Number of mappings discarded because of alignment score : 4,459,166
[2021-06-18 14:10:46.129] [jointLog] [info] Number of fragments entirely discarded because of alignment score : 689,321
[2021-06-18 14:10:46.129] [jointLog] [info] Number of fragments discarded because they are best-mapped to decoys : 442,552
[2021-06-18 14:10:46.129] [jointLog] [info] Mapping rate = 91.1181%

[2021-06-18 14:10:46.129] [jointLog] [info] finished quantifyLibrary()
[2021-06-18 14:10:46.131] [jointLog] [info] Starting optimizer
[2021-06-18 14:10:46.229] [jointLog] [info] Marked 0 weighted equivalence classes as degenerate
[2021-06-18 14:10:46.244] [jointLog] [info] iteration = 0 | max rel diff. = 6614.83
[2021-06-18 14:10:46.383] [jointLog] [info] iteration 11, adjusting effective lengths to account for biases
[2021-06-18 14:10:46.120] [fileLog] [info] 
At end of round 0
==================
Observed 13644537 total fragments (13644537 in most recent round)

[2021-06-18 14:10:47.669] [jointLog] [info] Computed expected counts (for bias correction)
[2021-06-18 14:10:47.670] [jointLog] [info] processed bias for 0.0% of the transcripts
[2021-06-18 14:10:48.495] [jointLog] [info] processed bias for 10.0% of the transcripts
[2021-06-18 14:10:49.417] [jointLog] [info] processed bias for 20.0% of the transcripts
[2021-06-18 14:10:50.294] [jointLog] [info] processed bias for 30.0% of the transcripts
[2021-06-18 14:10:51.252] [jointLog] [info] processed bias for 40.0% of the transcripts
[2021-06-18 14:10:52.119] [jointLog] [info] processed bias for 50.0% of the transcripts
[2021-06-18 14:10:52.977] [jointLog] [info] processed bias for 60.0% of the transcripts
[2021-06-18 14:10:53.733] [jointLog] [info] processed bias for 70.0% of the transcripts
[2021-06-18 14:10:54.562] [jointLog] [info] processed bias for 80.0% of the transcripts
[2021-06-18 14:10:55.260] [jointLog] [info] processed bias for 90.0% of the transcripts
[2021-06-18 14:10:56.134] [jointLog] [info] processed bias for 100.0% of the transcripts
[2021-06-18 14:10:56.138] [jointLog] [info] processed bias for 100.0% of the transcripts
[2021-06-18 14:10:57.255] [jointLog] [info] iteration = 100 | max rel diff. = 17.0416
[2021-06-18 14:10:58.502] [jointLog] [info] iteration = 200 | max rel diff. = 2.94149
[2021-06-18 14:10:59.751] [jointLog] [info] iteration = 300 | max rel diff. = 9.20682
[2021-06-18 14:11:00.987] [jointLog] [info] iteration = 400 | max rel diff. = 0.922613
[2021-06-18 14:11:02.200] [jointLog] [info] iteration = 500 | max rel diff. = 1.16434
[2021-06-18 14:11:03.362] [jointLog] [info] iteration = 600 | max rel diff. = 0.187159
[2021-06-18 14:11:04.549] [jointLog] [info] iteration = 700 | max rel diff. = 0.178183
[2021-06-18 14:11:05.700] [jointLog] [info] iteration = 800 | max rel diff. = 0.0870063
[2021-06-18 14:11:06.853] [jointLog] [info] iteration = 900 | max rel diff. = 0.355872
[2021-06-18 14:11:08.062] [jointLog] [info] iteration = 1,000 | max rel diff. = 1.90117
[2021-06-18 14:11:09.223] [jointLog] [info] iteration = 1,100 | max rel diff. = 0.0540659
[2021-06-18 14:11:10.426] [jointLog] [info] iteration = 1,200 | max rel diff. = 0.0259339
[2021-06-18 14:11:11.581] [jointLog] [info] iteration = 1,300 | max rel diff. = 0.0567367
[2021-06-18 14:11:12.805] [jointLog] [info] iteration = 1,400 | max rel diff. = 0.0363686
[2021-06-18 14:11:13.159] [jointLog] [info] iteration = 1,430 | max rel diff. = 0.0023224
[2021-06-18 14:11:13.193] [jointLog] [info] Finished optimizer
[2021-06-18 14:11:13.193] [jointLog] [info] writing output 

