[2021-06-22 22:48:22.190] [jointLog] [info] setting maxHashResizeThreads to 8
[2021-06-22 22:48:22.190] [jointLog] [info] Fragment incompatibility prior below threshold.  Incompatible fragments will be ignored.
[2021-06-22 22:48:22.190] [jointLog] [info] Usage of --validateMappings implies use of minScoreFraction. Since not explicitly specified, it is being set to 0.65
[2021-06-22 22:48:22.190] [jointLog] [info] Setting consensusSlack to selective-alignment default of 0.35.
[2021-06-22 22:48:22.190] [jointLog] [info] parsing read library format
[2021-06-22 22:48:22.190] [jointLog] [info] There is 1 library.
[2021-06-22 22:48:22.292] [jointLog] [info] Loading pufferfish index
[2021-06-22 22:48:22.292] [jointLog] [info] Loading dense pufferfish index.
[2021-06-22 22:49:01.747] [jointLog] [info] done
[2021-06-22 22:49:01.747] [jointLog] [info] Index contained 140,850 targets
[2021-06-22 22:49:02.268] [jointLog] [info] Number of decoys : 61
[2021-06-22 22:49:02.268] [jointLog] [info] First decoy index : 140,750 
[2021-06-22 22:51:57.191] [jointLog] [info] Thread saw mini-batch with a maximum of 0.14% zero probability fragments
[2021-06-22 22:51:57.211] [jointLog] [info] Thread saw mini-batch with a maximum of 0.12% zero probability fragments
[2021-06-22 22:51:57.296] [jointLog] [info] Thread saw mini-batch with a maximum of 0.14% zero probability fragments
[2021-06-22 22:51:57.309] [jointLog] [info] Thread saw mini-batch with a maximum of 0.12% zero probability fragments
[2021-06-22 22:51:57.315] [jointLog] [info] Thread saw mini-batch with a maximum of 0.14% zero probability fragments
[2021-06-22 22:51:57.350] [jointLog] [info] Thread saw mini-batch with a maximum of 0.14% zero probability fragments
[2021-06-22 22:51:57.369] [jointLog] [info] Thread saw mini-batch with a maximum of 0.16% zero probability fragments
[2021-06-22 22:51:57.428] [jointLog] [info] Thread saw mini-batch with a maximum of 0.12% zero probability fragments
[2021-06-22 22:51:57.668] [fileLog] [info] 
At end of round 0
==================
Observed 19232574 total fragments (19232574 in most recent round)

[2021-06-22 22:51:57.667] [jointLog] [info] Computed 241,502 rich equivalence classes for further processing
[2021-06-22 22:51:57.667] [jointLog] [info] Counted 17,338,154 total reads in the equivalence classes 
[2021-06-22 22:51:57.674] [jointLog] [warning] 0.104469% of fragments were shorter than the k used to build the index.
If this fraction is too large, consider re-building the index with a smaller k.
The minimum read size found was 10.


[2021-06-22 22:51:57.674] [jointLog] [info] Number of orphans recovered using orphan rescue : 571,664
[2021-06-22 22:51:57.674] [jointLog] [info] Number of mappings discarded because of alignment score : 7,669,301
[2021-06-22 22:51:57.674] [jointLog] [info] Number of fragments entirely discarded because of alignment score : 928,823
[2021-06-22 22:51:57.674] [jointLog] [info] Number of fragments discarded because they are best-mapped to decoys : 533,451
[2021-06-22 22:51:57.674] [jointLog] [info] Mapping rate = 90.1499%

[2021-06-22 22:51:57.674] [jointLog] [info] finished quantifyLibrary()
[2021-06-22 22:51:57.675] [jointLog] [info] Starting optimizer
[2021-06-22 22:51:57.775] [jointLog] [info] Marked 0 weighted equivalence classes as degenerate
[2021-06-22 22:51:57.792] [jointLog] [info] iteration = 0 | max rel diff. = 7909.52
[2021-06-22 22:51:57.937] [jointLog] [info] iteration 11, adjusting effective lengths to account for biases
[2021-06-22 22:51:59.422] [jointLog] [info] Computed expected counts (for bias correction)
[2021-06-22 22:51:59.422] [jointLog] [info] processed bias for 0.0% of the transcripts
[2021-06-22 22:52:00.435] [jointLog] [info] processed bias for 10.0% of the transcripts
[2021-06-22 22:52:01.511] [jointLog] [info] processed bias for 20.0% of the transcripts
[2021-06-22 22:52:02.622] [jointLog] [info] processed bias for 30.0% of the transcripts
[2021-06-22 22:52:03.711] [jointLog] [info] processed bias for 40.0% of the transcripts
[2021-06-22 22:52:04.762] [jointLog] [info] processed bias for 50.0% of the transcripts
[2021-06-22 22:52:05.885] [jointLog] [info] processed bias for 60.0% of the transcripts
[2021-06-22 22:52:07.025] [jointLog] [info] processed bias for 70.0% of the transcripts
[2021-06-22 22:52:08.037] [jointLog] [info] processed bias for 80.0% of the transcripts
[2021-06-22 22:52:09.001] [jointLog] [info] processed bias for 90.0% of the transcripts
[2021-06-22 22:52:10.063] [jointLog] [info] processed bias for 100.0% of the transcripts
[2021-06-22 22:52:10.065] [jointLog] [info] processed bias for 100.0% of the transcripts
[2021-06-22 22:52:11.257] [jointLog] [info] iteration = 100 | max rel diff. = 20.1149
[2021-06-22 22:52:12.572] [jointLog] [info] iteration = 200 | max rel diff. = 2.57365
[2021-06-22 22:52:13.889] [jointLog] [info] iteration = 300 | max rel diff. = 0.326106
[2021-06-22 22:52:15.212] [jointLog] [info] iteration = 400 | max rel diff. = 0.366531
[2021-06-22 22:52:16.548] [jointLog] [info] iteration = 500 | max rel diff. = 3.59741
[2021-06-22 22:52:17.863] [jointLog] [info] iteration = 600 | max rel diff. = 0.53775
[2021-06-22 22:52:19.165] [jointLog] [info] iteration = 700 | max rel diff. = 0.156952
[2021-06-22 22:52:20.490] [jointLog] [info] iteration = 800 | max rel diff. = 0.357794
[2021-06-22 22:52:21.822] [jointLog] [info] iteration = 900 | max rel diff. = 0.261056
[2021-06-22 22:52:22.804] [jointLog] [info] iteration = 975 | max rel diff. = 0.00772356
[2021-06-22 22:52:22.836] [jointLog] [info] Finished optimizer
[2021-06-22 22:52:22.836] [jointLog] [info] writing output 

