[2021-06-18 14:26:47.749] [jointLog] [info] setting maxHashResizeThreads to 8
[2021-06-18 14:26:47.749] [jointLog] [info] Fragment incompatibility prior below threshold.  Incompatible fragments will be ignored.
[2021-06-18 14:26:47.749] [jointLog] [info] Usage of --validateMappings implies use of minScoreFraction. Since not explicitly specified, it is being set to 0.65
[2021-06-18 14:26:47.749] [jointLog] [info] Setting consensusSlack to selective-alignment default of 0.35.
[2021-06-18 14:26:47.749] [jointLog] [info] parsing read library format
[2021-06-18 14:26:47.749] [jointLog] [info] There is 1 library.
[2021-06-18 14:26:47.852] [jointLog] [info] Loading pufferfish index
[2021-06-18 14:26:47.852] [jointLog] [info] Loading dense pufferfish index.
[2021-06-18 14:27:28.204] [jointLog] [info] done
[2021-06-18 14:27:28.204] [jointLog] [info] Index contained 140,850 targets
[2021-06-18 14:27:28.745] [jointLog] [info] Number of decoys : 61
[2021-06-18 14:27:28.745] [jointLog] [info] First decoy index : 140,750 
[2021-06-18 14:29:18.584] [jointLog] [info] Thread saw mini-batch with a maximum of 0.10% zero probability fragments
[2021-06-18 14:29:18.625] [jointLog] [info] Thread saw mini-batch with a maximum of 0.08% zero probability fragments
[2021-06-18 14:29:18.635] [jointLog] [info] Thread saw mini-batch with a maximum of 0.08% zero probability fragments
[2021-06-18 14:29:18.665] [jointLog] [info] Thread saw mini-batch with a maximum of 0.10% zero probability fragments
[2021-06-18 14:29:18.711] [jointLog] [info] Thread saw mini-batch with a maximum of 0.10% zero probability fragments
[2021-06-18 14:29:18.730] [jointLog] [info] Thread saw mini-batch with a maximum of 0.08% zero probability fragments
[2021-06-18 14:29:18.754] [jointLog] [info] Thread saw mini-batch with a maximum of 0.08% zero probability fragments
[2021-06-18 14:29:18.776] [jointLog] [info] Thread saw mini-batch with a maximum of 0.10% zero probability fragments
[2021-06-18 14:29:19.037] [jointLog] [info] Computed 178,843 rich equivalence classes for further processing
[2021-06-18 14:29:19.037] [jointLog] [info] Counted 13,929,312 total reads in the equivalence classes 
[2021-06-18 14:29:19.048] [jointLog] [info] Number of orphans recovered using orphan rescue : 274,148
[2021-06-18 14:29:19.048] [jointLog] [info] Number of mappings discarded because of alignment score : 4,877,870
[2021-06-18 14:29:19.048] [jointLog] [info] Number of fragments entirely discarded because of alignment score : 664,458
[2021-06-18 14:29:19.048] [jointLog] [info] Number of fragments discarded because they are best-mapped to decoys : 396,869
[2021-06-18 14:29:19.048] [jointLog] [info] Mapping rate = 92.9138%

[2021-06-18 14:29:19.048] [jointLog] [info] finished quantifyLibrary()
[2021-06-18 14:29:19.048] [jointLog] [info] Starting optimizer
[2021-06-18 14:29:19.184] [jointLog] [info] Marked 0 weighted equivalence classes as degenerate
[2021-06-18 14:29:19.202] [jointLog] [info] iteration = 0 | max rel diff. = 6881.34
[2021-06-18 14:29:19.360] [jointLog] [info] iteration 11, adjusting effective lengths to account for biases
[2021-06-18 14:29:19.037] [fileLog] [info] 
At end of round 0
==================
Observed 14991653 total fragments (14991653 in most recent round)

[2021-06-18 14:29:20.550] [jointLog] [info] Computed expected counts (for bias correction)
[2021-06-18 14:29:20.550] [jointLog] [info] processed bias for 0.1% of the transcripts
[2021-06-18 14:29:21.271] [jointLog] [info] processed bias for 10.0% of the transcripts
[2021-06-18 14:29:22.048] [jointLog] [info] processed bias for 20.0% of the transcripts
[2021-06-18 14:29:22.804] [jointLog] [info] processed bias for 30.0% of the transcripts
[2021-06-18 14:29:23.672] [jointLog] [info] processed bias for 40.0% of the transcripts
[2021-06-18 14:29:24.519] [jointLog] [info] processed bias for 50.0% of the transcripts
[2021-06-18 14:29:25.384] [jointLog] [info] processed bias for 60.0% of the transcripts
[2021-06-18 14:29:26.146] [jointLog] [info] processed bias for 70.0% of the transcripts
[2021-06-18 14:29:26.963] [jointLog] [info] processed bias for 80.0% of the transcripts
[2021-06-18 14:29:27.807] [jointLog] [info] processed bias for 90.0% of the transcripts
[2021-06-18 14:29:28.500] [jointLog] [info] processed bias for 100.0% of the transcripts
[2021-06-18 14:29:28.502] [jointLog] [info] processed bias for 100.0% of the transcripts
[2021-06-18 14:29:29.651] [jointLog] [info] iteration = 100 | max rel diff. = 9.49387
[2021-06-18 14:29:30.924] [jointLog] [info] iteration = 200 | max rel diff. = 2.752
[2021-06-18 14:29:32.179] [jointLog] [info] iteration = 300 | max rel diff. = 0.34116
[2021-06-18 14:29:33.409] [jointLog] [info] iteration = 400 | max rel diff. = 0.171347
[2021-06-18 14:29:34.647] [jointLog] [info] iteration = 500 | max rel diff. = 0.202754
[2021-06-18 14:29:35.886] [jointLog] [info] iteration = 600 | max rel diff. = 10.2827
[2021-06-18 14:29:37.146] [jointLog] [info] iteration = 700 | max rel diff. = 0.0215697
[2021-06-18 14:29:38.403] [jointLog] [info] iteration = 800 | max rel diff. = 0.0429367
[2021-06-18 14:29:39.658] [jointLog] [info] iteration = 900 | max rel diff. = 0.0468963
[2021-06-18 14:29:40.921] [jointLog] [info] iteration = 1,000 | max rel diff. = 0.0823767
[2021-06-18 14:29:42.173] [jointLog] [info] iteration = 1,100 | max rel diff. = 1.26067
[2021-06-18 14:29:43.424] [jointLog] [info] iteration = 1,200 | max rel diff. = 0.0303064
[2021-06-18 14:29:44.310] [jointLog] [info] iteration = 1,272 | max rel diff. = 0.00649115
[2021-06-18 14:29:44.348] [jointLog] [info] Finished optimizer
[2021-06-18 14:29:44.348] [jointLog] [info] writing output 

