[2021-06-22 22:20:56.264] [jointLog] [info] setting maxHashResizeThreads to 8
[2021-06-22 22:20:56.264] [jointLog] [info] Fragment incompatibility prior below threshold.  Incompatible fragments will be ignored.
[2021-06-22 22:20:56.264] [jointLog] [info] Usage of --validateMappings implies use of minScoreFraction. Since not explicitly specified, it is being set to 0.65
[2021-06-22 22:20:56.264] [jointLog] [info] Setting consensusSlack to selective-alignment default of 0.35.
[2021-06-22 22:20:56.264] [jointLog] [info] parsing read library format
[2021-06-22 22:20:56.264] [jointLog] [info] There is 1 library.
[2021-06-22 22:20:56.370] [jointLog] [info] Loading pufferfish index
[2021-06-22 22:20:56.370] [jointLog] [info] Loading dense pufferfish index.
[2021-06-22 22:21:36.779] [jointLog] [info] done
[2021-06-22 22:21:36.779] [jointLog] [info] Index contained 140,850 targets
[2021-06-22 22:21:37.334] [jointLog] [info] Number of decoys : 61
[2021-06-22 22:21:37.334] [jointLog] [info] First decoy index : 140,750 
[2021-06-22 22:24:30.846] [jointLog] [info] Thread saw mini-batch with a maximum of 0.12% zero probability fragments
[2021-06-22 22:24:30.865] [jointLog] [info] Thread saw mini-batch with a maximum of 0.12% zero probability fragments
[2021-06-22 22:24:30.875] [jointLog] [info] Thread saw mini-batch with a maximum of 0.12% zero probability fragments
[2021-06-22 22:24:30.958] [jointLog] [info] Thread saw mini-batch with a maximum of 0.12% zero probability fragments
[2021-06-22 22:24:31.001] [jointLog] [info] Thread saw mini-batch with a maximum of 0.12% zero probability fragments
[2021-06-22 22:24:31.004] [jointLog] [info] Thread saw mini-batch with a maximum of 0.10% zero probability fragments
[2021-06-22 22:24:31.013] [jointLog] [info] Thread saw mini-batch with a maximum of 0.14% zero probability fragments
[2021-06-22 22:24:31.036] [jointLog] [info] Thread saw mini-batch with a maximum of 0.14% zero probability fragments
[2021-06-22 22:24:31.340] [fileLog] [info] 
At end of round 0
==================
Observed 19839482 total fragments (19839482 in most recent round)

[2021-06-22 22:24:31.339] [jointLog] [info] Computed 250,445 rich equivalence classes for further processing
[2021-06-22 22:24:31.339] [jointLog] [info] Counted 17,937,251 total reads in the equivalence classes 
[2021-06-22 22:24:31.349] [jointLog] [warning] 0.103894% of fragments were shorter than the k used to build the index.
If this fraction is too large, consider re-building the index with a smaller k.
The minimum read size found was 10.


[2021-06-22 22:24:31.349] [jointLog] [info] Number of orphans recovered using orphan rescue : 580,558
[2021-06-22 22:24:31.349] [jointLog] [info] Number of mappings discarded because of alignment score : 7,718,287
[2021-06-22 22:24:31.349] [jointLog] [info] Number of fragments entirely discarded because of alignment score : 941,686
[2021-06-22 22:24:31.349] [jointLog] [info] Number of fragments discarded because they are best-mapped to decoys : 539,917
[2021-06-22 22:24:31.349] [jointLog] [info] Mapping rate = 90.4119%

[2021-06-22 22:24:31.349] [jointLog] [info] finished quantifyLibrary()
[2021-06-22 22:24:31.350] [jointLog] [info] Starting optimizer
[2021-06-22 22:24:31.486] [jointLog] [info] Marked 0 weighted equivalence classes as degenerate
[2021-06-22 22:24:31.505] [jointLog] [info] iteration = 0 | max rel diff. = 8098.21
[2021-06-22 22:24:31.676] [jointLog] [info] iteration 11, adjusting effective lengths to account for biases
[2021-06-22 22:24:33.178] [jointLog] [info] Computed expected counts (for bias correction)
[2021-06-22 22:24:33.178] [jointLog] [info] processed bias for 0.0% of the transcripts
[2021-06-22 22:24:34.322] [jointLog] [info] processed bias for 10.0% of the transcripts
[2021-06-22 22:24:35.491] [jointLog] [info] processed bias for 20.0% of the transcripts
[2021-06-22 22:24:36.590] [jointLog] [info] processed bias for 30.0% of the transcripts
[2021-06-22 22:24:37.706] [jointLog] [info] processed bias for 40.0% of the transcripts
[2021-06-22 22:24:38.810] [jointLog] [info] processed bias for 50.0% of the transcripts
[2021-06-22 22:24:39.929] [jointLog] [info] processed bias for 60.0% of the transcripts
[2021-06-22 22:24:41.023] [jointLog] [info] processed bias for 70.0% of the transcripts
[2021-06-22 22:24:42.125] [jointLog] [info] processed bias for 80.0% of the transcripts
[2021-06-22 22:24:43.244] [jointLog] [info] processed bias for 90.0% of the transcripts
[2021-06-22 22:24:44.202] [jointLog] [info] processed bias for 100.0% of the transcripts
[2021-06-22 22:24:45.538] [jointLog] [info] iteration = 100 | max rel diff. = 13.4983
[2021-06-22 22:24:47.036] [jointLog] [info] iteration = 200 | max rel diff. = 5.36794
[2021-06-22 22:24:48.521] [jointLog] [info] iteration = 300 | max rel diff. = 10.7842
[2021-06-22 22:24:50.051] [jointLog] [info] iteration = 400 | max rel diff. = 11.1056
[2021-06-22 22:24:51.530] [jointLog] [info] iteration = 500 | max rel diff. = 0.255296
[2021-06-22 22:24:53.055] [jointLog] [info] iteration = 600 | max rel diff. = 0.1397
[2021-06-22 22:24:54.572] [jointLog] [info] iteration = 700 | max rel diff. = 0.314438
[2021-06-22 22:24:56.137] [jointLog] [info] iteration = 800 | max rel diff. = 0.405622
[2021-06-22 22:24:57.641] [jointLog] [info] iteration = 900 | max rel diff. = 0.0177557
[2021-06-22 22:24:59.065] [jointLog] [info] iteration = 1,000 | max rel diff. = 0.112753
[2021-06-22 22:24:59.604] [jointLog] [info] iteration = 1,039 | max rel diff. = 0.00577307
[2021-06-22 22:24:59.646] [jointLog] [info] Finished optimizer
[2021-06-22 22:24:59.646] [jointLog] [info] writing output 

