[2021-06-18 16:48:28.024] [jointLog] [info] setting maxHashResizeThreads to 8
[2021-06-18 16:48:28.024] [jointLog] [info] Fragment incompatibility prior below threshold.  Incompatible fragments will be ignored.
[2021-06-18 16:48:28.024] [jointLog] [info] Usage of --validateMappings implies use of minScoreFraction. Since not explicitly specified, it is being set to 0.65
[2021-06-18 16:48:28.024] [jointLog] [info] Setting consensusSlack to selective-alignment default of 0.35.
[2021-06-18 16:48:28.024] [jointLog] [info] parsing read library format
[2021-06-18 16:48:28.025] [jointLog] [info] There is 1 library.
[2021-06-18 16:48:28.118] [jointLog] [info] Loading pufferfish index
[2021-06-18 16:48:28.118] [jointLog] [info] Loading dense pufferfish index.
[2021-06-18 16:49:03.592] [jointLog] [info] done
[2021-06-18 16:49:03.592] [jointLog] [info] Index contained 140,850 targets
[2021-06-18 16:49:04.075] [jointLog] [info] Number of decoys : 61
[2021-06-18 16:49:04.075] [jointLog] [info] First decoy index : 140,750 
[2021-06-18 16:49:29.556] [fileLog] [info] 
At end of round 0
==================
Observed 6843301 total fragments (6843301 in most recent round)

[2021-06-18 16:49:29.556] [jointLog] [info] Computed 175,998 rich equivalence classes for further processing
[2021-06-18 16:49:29.556] [jointLog] [info] Counted 6,118,358 total reads in the equivalence classes 
[2021-06-18 16:49:29.565] [jointLog] [info] Number of mappings discarded because of alignment score : 2,669,674
[2021-06-18 16:49:29.565] [jointLog] [info] Number of fragments entirely discarded because of alignment score : 178,784
[2021-06-18 16:49:29.565] [jointLog] [info] Number of fragments discarded because they are best-mapped to decoys : 103,585
[2021-06-18 16:49:29.565] [jointLog] [info] Number of fragments discarded because they have only dovetail (discordant) mappings to valid targets : 0
[2021-06-18 16:49:29.565] [jointLog] [info] Mapping rate = 89.4065%

[2021-06-18 16:49:29.565] [jointLog] [info] finished quantifyLibrary()
[2021-06-18 16:49:29.565] [jointLog] [info] Starting optimizer
[2021-06-18 16:49:29.674] [jointLog] [info] Marked 0 weighted equivalence classes as degenerate
[2021-06-18 16:49:29.692] [jointLog] [info] iteration = 0 | max rel diff. = 3786.38
[2021-06-18 16:49:29.843] [jointLog] [info] iteration 11, adjusting effective lengths to account for biases
[2021-06-18 16:49:30.950] [jointLog] [info] Computed expected counts (for bias correction)
[2021-06-18 16:49:30.950] [jointLog] [info] processed bias for 0.0% of the transcripts
[2021-06-18 16:49:31.638] [jointLog] [info] processed bias for 10.0% of the transcripts
[2021-06-18 16:49:32.410] [jointLog] [info] processed bias for 20.0% of the transcripts
[2021-06-18 16:49:33.150] [jointLog] [info] processed bias for 30.0% of the transcripts
[2021-06-18 16:49:33.932] [jointLog] [info] processed bias for 40.0% of the transcripts
[2021-06-18 16:49:34.669] [jointLog] [info] processed bias for 50.0% of the transcripts
[2021-06-18 16:49:35.320] [jointLog] [info] processed bias for 60.0% of the transcripts
[2021-06-18 16:49:36.005] [jointLog] [info] processed bias for 70.0% of the transcripts
[2021-06-18 16:49:36.675] [jointLog] [info] processed bias for 80.0% of the transcripts
[2021-06-18 16:49:37.303] [jointLog] [info] processed bias for 90.0% of the transcripts
[2021-06-18 16:49:37.999] [jointLog] [info] processed bias for 100.0% of the transcripts
[2021-06-18 16:49:38.001] [jointLog] [info] processed bias for 100.0% of the transcripts
[2021-06-18 16:49:39.005] [jointLog] [info] iteration = 100 | max rel diff. = 11.195
[2021-06-18 16:49:40.115] [jointLog] [info] iteration = 200 | max rel diff. = 1.72613
[2021-06-18 16:49:41.206] [jointLog] [info] iteration = 300 | max rel diff. = 5.93113
[2021-06-18 16:49:42.319] [jointLog] [info] iteration = 400 | max rel diff. = 0.413076
[2021-06-18 16:49:43.467] [jointLog] [info] iteration = 500 | max rel diff. = 0.606044
[2021-06-18 16:49:44.607] [jointLog] [info] iteration = 600 | max rel diff. = 1.22829
[2021-06-18 16:49:45.746] [jointLog] [info] iteration = 700 | max rel diff. = 0.0235402
[2021-06-18 16:49:46.882] [jointLog] [info] iteration = 800 | max rel diff. = 9.67487
[2021-06-18 16:49:48.007] [jointLog] [info] iteration = 900 | max rel diff. = 0.0305826
[2021-06-18 16:49:49.154] [jointLog] [info] iteration = 1,000 | max rel diff. = 0.314443
[2021-06-18 16:49:49.413] [jointLog] [info] iteration = 1,024 | max rel diff. = 0.00738282
[2021-06-18 16:49:49.444] [jointLog] [info] Finished optimizer
[2021-06-18 16:49:49.444] [jointLog] [info] writing output 

