[2021-06-22 22:02:01.337] [jointLog] [info] setting maxHashResizeThreads to 8
[2021-06-22 22:02:01.337] [jointLog] [info] Fragment incompatibility prior below threshold.  Incompatible fragments will be ignored.
[2021-06-22 22:02:01.337] [jointLog] [info] Usage of --validateMappings implies use of minScoreFraction. Since not explicitly specified, it is being set to 0.65
[2021-06-22 22:02:01.337] [jointLog] [info] Setting consensusSlack to selective-alignment default of 0.35.
[2021-06-22 22:02:01.337] [jointLog] [info] parsing read library format
[2021-06-22 22:02:01.337] [jointLog] [info] There is 1 library.
[2021-06-22 22:02:01.437] [jointLog] [info] Loading pufferfish index
[2021-06-22 22:02:01.437] [jointLog] [info] Loading dense pufferfish index.
[2021-06-22 22:02:41.593] [jointLog] [info] done
[2021-06-22 22:02:41.593] [jointLog] [info] Index contained 140,850 targets
[2021-06-22 22:02:42.222] [jointLog] [info] Number of decoys : 61
[2021-06-22 22:02:42.222] [jointLog] [info] First decoy index : 140,750 
[2021-06-22 22:05:24.639] [jointLog] [info] Thread saw mini-batch with a maximum of 0.16% zero probability fragments
[2021-06-22 22:05:24.707] [jointLog] [info] Thread saw mini-batch with a maximum of 0.10% zero probability fragments
[2021-06-22 22:05:24.764] [jointLog] [info] Thread saw mini-batch with a maximum of 0.12% zero probability fragments
[2021-06-22 22:05:24.819] [jointLog] [info] Thread saw mini-batch with a maximum of 0.12% zero probability fragments
[2021-06-22 22:05:24.834] [jointLog] [info] Thread saw mini-batch with a maximum of 0.14% zero probability fragments
[2021-06-22 22:05:24.836] [jointLog] [info] Thread saw mini-batch with a maximum of 0.12% zero probability fragments
[2021-06-22 22:05:24.848] [jointLog] [info] Thread saw mini-batch with a maximum of 0.12% zero probability fragments
[2021-06-22 22:05:24.874] [jointLog] [info] Thread saw mini-batch with a maximum of 0.14% zero probability fragments
[2021-06-22 22:05:25.130] [jointLog] [info] Computed 240,743 rich equivalence classes for further processing
[2021-06-22 22:05:25.130] [jointLog] [info] Counted 18,618,924 total reads in the equivalence classes 
[2021-06-22 22:05:25.138] [jointLog] [warning] 0.0941371% of fragments were shorter than the k used to build the index.
If this fraction is too large, consider re-building the index with a smaller k.
The minimum read size found was 10.


[2021-06-22 22:05:25.138] [jointLog] [info] Number of orphans recovered using orphan rescue : 553,106
[2021-06-22 22:05:25.138] [jointLog] [info] Number of mappings discarded because of alignment score : 7,669,122
[2021-06-22 22:05:25.138] [jointLog] [info] Number of fragments entirely discarded because of alignment score : 831,950
[2021-06-22 22:05:25.138] [jointLog] [info] Number of fragments discarded because they are best-mapped to decoys : 428,944
[2021-06-22 22:05:25.138] [jointLog] [info] Mapping rate = 92.4973%

[2021-06-22 22:05:25.138] [jointLog] [info] finished quantifyLibrary()
[2021-06-22 22:05:25.139] [jointLog] [info] Starting optimizer
[2021-06-22 22:05:25.246] [jointLog] [info] Marked 0 weighted equivalence classes as degenerate
[2021-06-22 22:05:25.264] [jointLog] [info] iteration = 0 | max rel diff. = 8108.21
[2021-06-22 22:05:25.422] [jointLog] [info] iteration 11, adjusting effective lengths to account for biases
[2021-06-22 22:05:25.131] [fileLog] [info] 
At end of round 0
==================
Observed 20129159 total fragments (20129159 in most recent round)

[2021-06-22 22:05:26.884] [jointLog] [info] Computed expected counts (for bias correction)
[2021-06-22 22:05:26.884] [jointLog] [info] processed bias for 0.0% of the transcripts
[2021-06-22 22:05:27.922] [jointLog] [info] processed bias for 10.0% of the transcripts
[2021-06-22 22:05:29.018] [jointLog] [info] processed bias for 20.0% of the transcripts
[2021-06-22 22:05:30.141] [jointLog] [info] processed bias for 30.0% of the transcripts
[2021-06-22 22:05:31.243] [jointLog] [info] processed bias for 40.0% of the transcripts
[2021-06-22 22:05:32.282] [jointLog] [info] processed bias for 50.0% of the transcripts
[2021-06-22 22:05:33.271] [jointLog] [info] processed bias for 60.0% of the transcripts
[2021-06-22 22:05:34.214] [jointLog] [info] processed bias for 70.0% of the transcripts
[2021-06-22 22:05:35.255] [jointLog] [info] processed bias for 80.0% of the transcripts
[2021-06-22 22:05:36.307] [jointLog] [info] processed bias for 90.0% of the transcripts
[2021-06-22 22:05:37.206] [jointLog] [info] processed bias for 100.0% of the transcripts
[2021-06-22 22:05:37.207] [jointLog] [info] processed bias for 100.0% of the transcripts
[2021-06-22 22:05:38.400] [jointLog] [info] iteration = 100 | max rel diff. = 17.8886
[2021-06-22 22:05:39.696] [jointLog] [info] iteration = 200 | max rel diff. = 8.425
[2021-06-22 22:05:40.984] [jointLog] [info] iteration = 300 | max rel diff. = 14.0183
[2021-06-22 22:05:42.290] [jointLog] [info] iteration = 400 | max rel diff. = 8.8771
[2021-06-22 22:05:43.585] [jointLog] [info] iteration = 500 | max rel diff. = 1.23955
[2021-06-22 22:05:44.877] [jointLog] [info] iteration = 600 | max rel diff. = 0.0813451
[2021-06-22 22:05:46.198] [jointLog] [info] iteration = 700 | max rel diff. = 0.504749
[2021-06-22 22:05:47.510] [jointLog] [info] iteration = 800 | max rel diff. = 0.083339
[2021-06-22 22:05:48.823] [jointLog] [info] iteration = 900 | max rel diff. = 0.0585464
[2021-06-22 22:05:50.128] [jointLog] [info] iteration = 1,000 | max rel diff. = 2.65156
[2021-06-22 22:05:51.442] [jointLog] [info] iteration = 1,100 | max rel diff. = 0.189333
[2021-06-22 22:05:52.743] [jointLog] [info] iteration = 1,200 | max rel diff. = 0.0376078
[2021-06-22 22:05:54.051] [jointLog] [info] iteration = 1,300 | max rel diff. = 0.0416989
[2021-06-22 22:05:55.359] [jointLog] [info] iteration = 1,400 | max rel diff. = 0.0648642
[2021-06-22 22:05:56.666] [jointLog] [info] iteration = 1,500 | max rel diff. = 0.163421
[2021-06-22 22:05:57.974] [jointLog] [info] iteration = 1,600 | max rel diff. = 0.371082
[2021-06-22 22:05:59.286] [jointLog] [info] iteration = 1,700 | max rel diff. = 0.0359623
[2021-06-22 22:06:00.603] [jointLog] [info] iteration = 1,800 | max rel diff. = 0.0353427
[2021-06-22 22:06:01.828] [jointLog] [info] iteration = 1,894 | max rel diff. = 0.00554292
[2021-06-22 22:06:01.860] [jointLog] [info] Finished optimizer
[2021-06-22 22:06:01.860] [jointLog] [info] writing output 

