[2021-06-18 14:18:09.059] [jointLog] [info] setting maxHashResizeThreads to 8
[2021-06-18 14:18:09.059] [jointLog] [info] Fragment incompatibility prior below threshold.  Incompatible fragments will be ignored.
[2021-06-18 14:18:09.059] [jointLog] [info] Usage of --validateMappings implies use of minScoreFraction. Since not explicitly specified, it is being set to 0.65
[2021-06-18 14:18:09.059] [jointLog] [info] Setting consensusSlack to selective-alignment default of 0.35.
[2021-06-18 14:18:09.059] [jointLog] [info] parsing read library format
[2021-06-18 14:18:09.059] [jointLog] [info] There is 1 library.
[2021-06-18 14:18:09.155] [jointLog] [info] Loading pufferfish index
[2021-06-18 14:18:09.155] [jointLog] [info] Loading dense pufferfish index.
[2021-06-18 14:18:50.082] [jointLog] [info] done
[2021-06-18 14:18:50.082] [jointLog] [info] Index contained 140,850 targets
[2021-06-18 14:18:50.630] [jointLog] [info] Number of decoys : 61
[2021-06-18 14:18:50.630] [jointLog] [info] First decoy index : 140,750 
[2021-06-18 14:20:45.720] [jointLog] [info] Thread saw mini-batch with a maximum of 0.12% zero probability fragments
[2021-06-18 14:20:45.733] [jointLog] [info] Thread saw mini-batch with a maximum of 0.16% zero probability fragments
[2021-06-18 14:20:45.773] [jointLog] [info] Thread saw mini-batch with a maximum of 0.14% zero probability fragments
[2021-06-18 14:20:45.823] [jointLog] [info] Thread saw mini-batch with a maximum of 0.16% zero probability fragments
[2021-06-18 14:20:45.950] [jointLog] [info] Thread saw mini-batch with a maximum of 0.12% zero probability fragments
[2021-06-18 14:20:45.988] [jointLog] [info] Thread saw mini-batch with a maximum of 0.12% zero probability fragments
[2021-06-18 14:20:46.032] [jointLog] [info] Thread saw mini-batch with a maximum of 0.10% zero probability fragments
[2021-06-18 14:20:46.128] [jointLog] [info] Thread saw mini-batch with a maximum of 0.14% zero probability fragments
[2021-06-18 14:20:46.411] [fileLog] [info] 
At end of round 0
==================
Observed 14490735 total fragments (14490735 in most recent round)

[2021-06-18 14:20:46.411] [jointLog] [info] Computed 207,168 rich equivalence classes for further processing
[2021-06-18 14:20:46.411] [jointLog] [info] Counted 13,408,539 total reads in the equivalence classes 
[2021-06-18 14:20:46.423] [jointLog] [info] Number of orphans recovered using orphan rescue : 264,394
[2021-06-18 14:20:46.423] [jointLog] [info] Number of mappings discarded because of alignment score : 5,279,294
[2021-06-18 14:20:46.423] [jointLog] [info] Number of fragments entirely discarded because of alignment score : 651,173
[2021-06-18 14:20:46.423] [jointLog] [info] Number of fragments discarded because they are best-mapped to decoys : 345,560
[2021-06-18 14:20:46.423] [jointLog] [info] Mapping rate = 92.5318%

[2021-06-18 14:20:46.423] [jointLog] [info] finished quantifyLibrary()
[2021-06-18 14:20:46.423] [jointLog] [info] Starting optimizer
[2021-06-18 14:20:46.576] [jointLog] [info] Marked 0 weighted equivalence classes as degenerate
[2021-06-18 14:20:46.595] [jointLog] [info] iteration = 0 | max rel diff. = 6771.43
[2021-06-18 14:20:46.758] [jointLog] [info] iteration 11, adjusting effective lengths to account for biases
[2021-06-18 14:20:48.160] [jointLog] [info] Computed expected counts (for bias correction)
[2021-06-18 14:20:48.160] [jointLog] [info] processed bias for 0.0% of the transcripts
[2021-06-18 14:20:49.088] [jointLog] [info] processed bias for 10.0% of the transcripts
[2021-06-18 14:20:50.052] [jointLog] [info] processed bias for 20.0% of the transcripts
[2021-06-18 14:20:51.012] [jointLog] [info] processed bias for 30.0% of the transcripts
[2021-06-18 14:20:51.984] [jointLog] [info] processed bias for 40.0% of the transcripts
[2021-06-18 14:20:52.959] [jointLog] [info] processed bias for 50.0% of the transcripts
[2021-06-18 14:20:53.815] [jointLog] [info] processed bias for 60.0% of the transcripts
[2021-06-18 14:20:54.720] [jointLog] [info] processed bias for 70.0% of the transcripts
[2021-06-18 14:20:55.649] [jointLog] [info] processed bias for 80.0% of the transcripts
[2021-06-18 14:20:56.545] [jointLog] [info] processed bias for 90.0% of the transcripts
[2021-06-18 14:20:57.360] [jointLog] [info] processed bias for 100.0% of the transcripts
[2021-06-18 14:20:57.363] [jointLog] [info] processed bias for 100.0% of the transcripts
[2021-06-18 14:20:58.527] [jointLog] [info] iteration = 100 | max rel diff. = 14.3925
[2021-06-18 14:20:59.905] [jointLog] [info] iteration = 200 | max rel diff. = 4.92705
[2021-06-18 14:21:01.130] [jointLog] [info] iteration = 300 | max rel diff. = 5.20211
[2021-06-18 14:21:02.382] [jointLog] [info] iteration = 400 | max rel diff. = 0.409287
[2021-06-18 14:21:03.618] [jointLog] [info] iteration = 500 | max rel diff. = 0.764416
[2021-06-18 14:21:04.872] [jointLog] [info] iteration = 600 | max rel diff. = 0.116485
[2021-06-18 14:21:06.090] [jointLog] [info] iteration = 700 | max rel diff. = 0.506714
[2021-06-18 14:21:07.315] [jointLog] [info] iteration = 800 | max rel diff. = 0.732787
[2021-06-18 14:21:08.544] [jointLog] [info] iteration = 900 | max rel diff. = 4.3045
[2021-06-18 14:21:09.798] [jointLog] [info] iteration = 1,000 | max rel diff. = 0.0209493
[2021-06-18 14:21:10.452] [jointLog] [info] iteration = 1,055 | max rel diff. = 0.00894207
[2021-06-18 14:21:10.483] [jointLog] [info] Finished optimizer
[2021-06-18 14:21:10.483] [jointLog] [info] writing output 

