[2021-06-18 16:36:08.146] [jointLog] [info] setting maxHashResizeThreads to 8
[2021-06-18 16:36:08.146] [jointLog] [info] Fragment incompatibility prior below threshold.  Incompatible fragments will be ignored.
[2021-06-18 16:36:08.146] [jointLog] [info] Usage of --validateMappings implies use of minScoreFraction. Since not explicitly specified, it is being set to 0.65
[2021-06-18 16:36:08.146] [jointLog] [info] Setting consensusSlack to selective-alignment default of 0.35.
[2021-06-18 16:36:08.146] [jointLog] [info] parsing read library format
[2021-06-18 16:36:08.146] [jointLog] [info] There is 1 library.
[2021-06-18 16:36:08.247] [jointLog] [info] Loading pufferfish index
[2021-06-18 16:36:08.247] [jointLog] [info] Loading dense pufferfish index.
[2021-06-18 16:36:46.742] [jointLog] [info] done
[2021-06-18 16:36:46.742] [jointLog] [info] Index contained 140,850 targets
[2021-06-18 16:36:47.251] [jointLog] [info] Number of decoys : 61
[2021-06-18 16:36:47.251] [jointLog] [info] First decoy index : 140,750 
[2021-06-18 16:37:11.240] [fileLog] [info] 
At end of round 0
==================
Observed 5525613 total fragments (5525613 in most recent round)

[2021-06-18 16:37:11.239] [jointLog] [info] Computed 143,554 rich equivalence classes for further processing
[2021-06-18 16:37:11.239] [jointLog] [info] Counted 4,955,522 total reads in the equivalence classes 
[2021-06-18 16:37:11.247] [jointLog] [info] Number of mappings discarded because of alignment score : 2,425,893
[2021-06-18 16:37:11.247] [jointLog] [info] Number of fragments entirely discarded because of alignment score : 172,534
[2021-06-18 16:37:11.247] [jointLog] [info] Number of fragments discarded because they are best-mapped to decoys : 113,461
[2021-06-18 16:37:11.247] [jointLog] [info] Number of fragments discarded because they have only dovetail (discordant) mappings to valid targets : 0
[2021-06-18 16:37:11.267] [jointLog] [warning] Only 4955522 fragments were mapped, but the number of burn-in fragments was set to 5000000.
The effective lengths have been computed using the observed mappings.

[2021-06-18 16:37:11.267] [jointLog] [info] Mapping rate = 89.6828%

[2021-06-18 16:37:11.267] [jointLog] [info] finished quantifyLibrary()
[2021-06-18 16:37:11.267] [jointLog] [info] Starting optimizer
[2021-06-18 16:37:11.356] [jointLog] [info] Marked 0 weighted equivalence classes as degenerate
[2021-06-18 16:37:11.372] [jointLog] [info] iteration = 0 | max rel diff. = 3126.59
[2021-06-18 16:37:11.513] [jointLog] [info] iteration 11, adjusting effective lengths to account for biases
[2021-06-18 16:37:12.582] [jointLog] [info] Computed expected counts (for bias correction)
[2021-06-18 16:37:12.582] [jointLog] [info] processed bias for 0.0% of the transcripts
[2021-06-18 16:37:13.263] [jointLog] [info] processed bias for 10.0% of the transcripts
[2021-06-18 16:37:13.961] [jointLog] [info] processed bias for 20.0% of the transcripts
[2021-06-18 16:37:14.626] [jointLog] [info] processed bias for 30.0% of the transcripts
[2021-06-18 16:37:15.311] [jointLog] [info] processed bias for 40.0% of the transcripts
[2021-06-18 16:37:15.974] [jointLog] [info] processed bias for 50.0% of the transcripts
[2021-06-18 16:37:16.616] [jointLog] [info] processed bias for 60.0% of the transcripts
[2021-06-18 16:37:17.272] [jointLog] [info] processed bias for 70.0% of the transcripts
[2021-06-18 16:37:17.917] [jointLog] [info] processed bias for 80.0% of the transcripts
[2021-06-18 16:37:18.606] [jointLog] [info] processed bias for 90.0% of the transcripts
[2021-06-18 16:37:19.204] [jointLog] [info] processed bias for 100.0% of the transcripts
[2021-06-18 16:37:19.205] [jointLog] [info] processed bias for 100.0% of the transcripts
[2021-06-18 16:37:20.187] [jointLog] [info] iteration = 100 | max rel diff. = 8.79502
[2021-06-18 16:37:21.323] [jointLog] [info] iteration = 200 | max rel diff. = 6.27339
[2021-06-18 16:37:22.352] [jointLog] [info] iteration = 300 | max rel diff. = 14.6685
[2021-06-18 16:37:23.373] [jointLog] [info] iteration = 400 | max rel diff. = 5.90393
[2021-06-18 16:37:24.369] [jointLog] [info] iteration = 500 | max rel diff. = 0.430319
[2021-06-18 16:37:25.383] [jointLog] [info] iteration = 600 | max rel diff. = 0.151141
[2021-06-18 16:37:26.397] [jointLog] [info] iteration = 700 | max rel diff. = 0.265863
[2021-06-18 16:37:27.438] [jointLog] [info] iteration = 800 | max rel diff. = 0.152398
[2021-06-18 16:37:28.480] [jointLog] [info] iteration = 900 | max rel diff. = 0.0345837
[2021-06-18 16:37:28.814] [jointLog] [info] iteration = 934 | max rel diff. = 0.00514182
[2021-06-18 16:37:28.845] [jointLog] [info] Finished optimizer
[2021-06-18 16:37:28.845] [jointLog] [info] writing output 

