[2021-06-18 14:28:12.780] [jointLog] [info] setting maxHashResizeThreads to 8
[2021-06-18 14:28:12.780] [jointLog] [info] Fragment incompatibility prior below threshold.  Incompatible fragments will be ignored.
[2021-06-18 14:28:12.780] [jointLog] [info] Usage of --validateMappings implies use of minScoreFraction. Since not explicitly specified, it is being set to 0.65
[2021-06-18 14:28:12.780] [jointLog] [info] Setting consensusSlack to selective-alignment default of 0.35.
[2021-06-18 14:28:12.780] [jointLog] [info] parsing read library format
[2021-06-18 14:28:12.780] [jointLog] [info] There is 1 library.
[2021-06-18 14:28:12.868] [jointLog] [info] Loading pufferfish index
[2021-06-18 14:28:12.868] [jointLog] [info] Loading dense pufferfish index.
[2021-06-18 14:28:51.915] [jointLog] [info] done
[2021-06-18 14:28:51.915] [jointLog] [info] Index contained 140,850 targets
[2021-06-18 14:28:52.456] [jointLog] [info] Number of decoys : 61
[2021-06-18 14:28:52.456] [jointLog] [info] First decoy index : 140,750 
[2021-06-18 14:30:10.481] [jointLog] [info] Thread saw mini-batch with a maximum of 0.10% zero probability fragments
[2021-06-18 14:30:10.530] [jointLog] [info] Thread saw mini-batch with a maximum of 0.10% zero probability fragments
[2021-06-18 14:30:10.536] [jointLog] [info] Thread saw mini-batch with a maximum of 0.10% zero probability fragments
[2021-06-18 14:30:10.556] [jointLog] [info] Thread saw mini-batch with a maximum of 0.08% zero probability fragments
[2021-06-18 14:30:10.580] [jointLog] [info] Thread saw mini-batch with a maximum of 0.08% zero probability fragments
[2021-06-18 14:30:10.632] [jointLog] [info] Thread saw mini-batch with a maximum of 0.16% zero probability fragments
[2021-06-18 14:30:10.651] [jointLog] [info] Thread saw mini-batch with a maximum of 0.08% zero probability fragments
[2021-06-18 14:30:10.702] [jointLog] [info] Thread saw mini-batch with a maximum of 0.08% zero probability fragments
[2021-06-18 14:30:10.929] [fileLog] [info] 
At end of round 0
==================
Observed 10651539 total fragments (10651539 in most recent round)

[2021-06-18 14:30:10.929] [jointLog] [info] Computed 154,479 rich equivalence classes for further processing
[2021-06-18 14:30:10.929] [jointLog] [info] Counted 9,932,972 total reads in the equivalence classes 
[2021-06-18 14:30:10.939] [jointLog] [info] Number of orphans recovered using orphan rescue : 183,939
[2021-06-18 14:30:10.939] [jointLog] [info] Number of mappings discarded because of alignment score : 3,420,330
[2021-06-18 14:30:10.939] [jointLog] [info] Number of fragments entirely discarded because of alignment score : 455,701
[2021-06-18 14:30:10.939] [jointLog] [info] Number of fragments discarded because they are best-mapped to decoys : 268,380
[2021-06-18 14:30:10.939] [jointLog] [info] Mapping rate = 93.2539%

[2021-06-18 14:30:10.939] [jointLog] [info] finished quantifyLibrary()
[2021-06-18 14:30:10.940] [jointLog] [info] Starting optimizer
[2021-06-18 14:30:11.061] [jointLog] [info] Marked 0 weighted equivalence classes as degenerate
[2021-06-18 14:30:11.078] [jointLog] [info] iteration = 0 | max rel diff. = 5635.85
[2021-06-18 14:30:11.224] [jointLog] [info] iteration 11, adjusting effective lengths to account for biases
[2021-06-18 14:30:12.417] [jointLog] [info] Computed expected counts (for bias correction)
[2021-06-18 14:30:12.417] [jointLog] [info] processed bias for 0.0% of the transcripts
[2021-06-18 14:30:13.175] [jointLog] [info] processed bias for 10.0% of the transcripts
[2021-06-18 14:30:14.006] [jointLog] [info] processed bias for 20.0% of the transcripts
[2021-06-18 14:30:14.785] [jointLog] [info] processed bias for 30.0% of the transcripts
[2021-06-18 14:30:15.588] [jointLog] [info] processed bias for 40.0% of the transcripts
[2021-06-18 14:30:16.347] [jointLog] [info] processed bias for 50.0% of the transcripts
[2021-06-18 14:30:17.044] [jointLog] [info] processed bias for 60.0% of the transcripts
[2021-06-18 14:30:17.770] [jointLog] [info] processed bias for 70.0% of the transcripts
[2021-06-18 14:30:18.422] [jointLog] [info] processed bias for 80.0% of the transcripts
[2021-06-18 14:30:19.059] [jointLog] [info] processed bias for 90.0% of the transcripts
[2021-06-18 14:30:19.788] [jointLog] [info] processed bias for 100.0% of the transcripts
[2021-06-18 14:30:19.790] [jointLog] [info] processed bias for 100.0% of the transcripts
[2021-06-18 14:30:20.755] [jointLog] [info] iteration = 100 | max rel diff. = 15.2517
[2021-06-18 14:30:21.782] [jointLog] [info] iteration = 200 | max rel diff. = 19.8536
[2021-06-18 14:30:22.844] [jointLog] [info] iteration = 300 | max rel diff. = 0.838997
[2021-06-18 14:30:23.903] [jointLog] [info] iteration = 400 | max rel diff. = 5.03404
[2021-06-18 14:30:24.964] [jointLog] [info] iteration = 500 | max rel diff. = 0.102941
[2021-06-18 14:30:26.068] [jointLog] [info] iteration = 600 | max rel diff. = 0.40943
[2021-06-18 14:30:27.170] [jointLog] [info] iteration = 700 | max rel diff. = 0.0406638
[2021-06-18 14:30:28.254] [jointLog] [info] iteration = 800 | max rel diff. = 2.12025
[2021-06-18 14:30:29.305] [jointLog] [info] iteration = 900 | max rel diff. = 0.046311
[2021-06-18 14:30:30.296] [jointLog] [info] iteration = 994 | max rel diff. = 0.00638215
[2021-06-18 14:30:30.328] [jointLog] [info] Finished optimizer
[2021-06-18 14:30:30.328] [jointLog] [info] writing output 

