[2021-06-18 16:37:44.333] [jointLog] [info] setting maxHashResizeThreads to 8
[2021-06-18 16:37:44.333] [jointLog] [info] Fragment incompatibility prior below threshold.  Incompatible fragments will be ignored.
[2021-06-18 16:37:44.333] [jointLog] [info] Usage of --validateMappings implies use of minScoreFraction. Since not explicitly specified, it is being set to 0.65
[2021-06-18 16:37:44.333] [jointLog] [info] Setting consensusSlack to selective-alignment default of 0.35.
[2021-06-18 16:37:44.333] [jointLog] [info] parsing read library format
[2021-06-18 16:37:44.333] [jointLog] [info] There is 1 library.
[2021-06-18 16:37:44.419] [jointLog] [info] Loading pufferfish index
[2021-06-18 16:37:44.419] [jointLog] [info] Loading dense pufferfish index.
[2021-06-18 16:38:23.974] [jointLog] [info] done
[2021-06-18 16:38:23.974] [jointLog] [info] Index contained 140,850 targets
[2021-06-18 16:38:24.532] [jointLog] [info] Number of decoys : 61
[2021-06-18 16:38:24.532] [jointLog] [info] First decoy index : 140,750 
[2021-06-18 16:38:48.008] [fileLog] [info] 
At end of round 0
==================
Observed 5751836 total fragments (5751836 in most recent round)

[2021-06-18 16:38:48.007] [jointLog] [info] Computed 208,025 rich equivalence classes for further processing
[2021-06-18 16:38:48.007] [jointLog] [info] Counted 5,304,535 total reads in the equivalence classes 
[2021-06-18 16:38:48.014] [jointLog] [info] Number of mappings discarded because of alignment score : 2,517,132
[2021-06-18 16:38:48.014] [jointLog] [info] Number of fragments entirely discarded because of alignment score : 157,598
[2021-06-18 16:38:48.014] [jointLog] [info] Number of fragments discarded because they are best-mapped to decoys : 81,399
[2021-06-18 16:38:48.014] [jointLog] [info] Number of fragments discarded because they have only dovetail (discordant) mappings to valid targets : 0
[2021-06-18 16:38:48.014] [jointLog] [info] Mapping rate = 92.2233%

[2021-06-18 16:38:48.014] [jointLog] [info] finished quantifyLibrary()
[2021-06-18 16:38:48.015] [jointLog] [info] Starting optimizer
[2021-06-18 16:38:48.104] [jointLog] [info] Marked 0 weighted equivalence classes as degenerate
[2021-06-18 16:38:48.122] [jointLog] [info] iteration = 0 | max rel diff. = 3273.39
[2021-06-18 16:38:48.275] [jointLog] [info] iteration 11, adjusting effective lengths to account for biases
[2021-06-18 16:38:49.477] [jointLog] [info] Computed expected counts (for bias correction)
[2021-06-18 16:38:49.478] [jointLog] [info] processed bias for 0.0% of the transcripts
[2021-06-18 16:38:50.281] [jointLog] [info] processed bias for 10.0% of the transcripts
[2021-06-18 16:38:51.163] [jointLog] [info] processed bias for 20.0% of the transcripts
[2021-06-18 16:38:51.985] [jointLog] [info] processed bias for 30.0% of the transcripts
[2021-06-18 16:38:52.739] [jointLog] [info] processed bias for 40.0% of the transcripts
[2021-06-18 16:38:53.509] [jointLog] [info] processed bias for 50.0% of the transcripts
[2021-06-18 16:38:54.227] [jointLog] [info] processed bias for 60.0% of the transcripts
[2021-06-18 16:38:54.986] [jointLog] [info] processed bias for 70.0% of the transcripts
[2021-06-18 16:38:55.754] [jointLog] [info] processed bias for 80.0% of the transcripts
[2021-06-18 16:38:56.517] [jointLog] [info] processed bias for 90.0% of the transcripts
[2021-06-18 16:38:57.169] [jointLog] [info] processed bias for 100.0% of the transcripts
[2021-06-18 16:38:58.211] [jointLog] [info] iteration = 100 | max rel diff. = 11.1647
[2021-06-18 16:38:59.376] [jointLog] [info] iteration = 200 | max rel diff. = 14.4885
[2021-06-18 16:39:00.765] [jointLog] [info] iteration = 300 | max rel diff. = 14.9635
[2021-06-18 16:39:02.024] [jointLog] [info] iteration = 400 | max rel diff. = 3.04901
[2021-06-18 16:39:03.205] [jointLog] [info] iteration = 500 | max rel diff. = 0.0950065
[2021-06-18 16:39:04.423] [jointLog] [info] iteration = 600 | max rel diff. = 0.114503
[2021-06-18 16:39:05.596] [jointLog] [info] iteration = 700 | max rel diff. = 0.0685648
[2021-06-18 16:39:06.812] [jointLog] [info] iteration = 800 | max rel diff. = 0.0737097
[2021-06-18 16:39:07.992] [jointLog] [info] iteration = 900 | max rel diff. = 0.0877034
[2021-06-18 16:39:09.187] [jointLog] [info] iteration = 1,000 | max rel diff. = 0.0479027
[2021-06-18 16:39:10.335] [jointLog] [info] iteration = 1,100 | max rel diff. = 0.0893905
[2021-06-18 16:39:11.491] [jointLog] [info] iteration = 1,200 | max rel diff. = 0.0942368
[2021-06-18 16:39:12.005] [jointLog] [info] iteration = 1,245 | max rel diff. = 0.00582412
[2021-06-18 16:39:12.036] [jointLog] [info] Finished optimizer
[2021-06-18 16:39:12.036] [jointLog] [info] writing output 

