[2021-06-22 22:54:36.606] [jointLog] [info] setting maxHashResizeThreads to 8
[2021-06-22 22:54:36.606] [jointLog] [info] Fragment incompatibility prior below threshold.  Incompatible fragments will be ignored.
[2021-06-22 22:54:36.606] [jointLog] [info] Usage of --validateMappings implies use of minScoreFraction. Since not explicitly specified, it is being set to 0.65
[2021-06-22 22:54:36.606] [jointLog] [info] Setting consensusSlack to selective-alignment default of 0.35.
[2021-06-22 22:54:36.606] [jointLog] [info] parsing read library format
[2021-06-22 22:54:36.606] [jointLog] [info] There is 1 library.
[2021-06-22 22:54:36.705] [jointLog] [info] Loading pufferfish index
[2021-06-22 22:54:36.705] [jointLog] [info] Loading dense pufferfish index.
[2021-06-22 22:55:17.126] [jointLog] [info] done
[2021-06-22 22:55:17.126] [jointLog] [info] Index contained 140,850 targets
[2021-06-22 22:55:17.684] [jointLog] [info] Number of decoys : 61
[2021-06-22 22:55:17.684] [jointLog] [info] First decoy index : 140,750 
[2021-06-22 22:58:24.499] [jointLog] [info] Thread saw mini-batch with a maximum of 0.12% zero probability fragments
[2021-06-22 22:58:24.567] [jointLog] [info] Thread saw mini-batch with a maximum of 0.10% zero probability fragments
[2021-06-22 22:58:24.642] [jointLog] [info] Thread saw mini-batch with a maximum of 0.16% zero probability fragments
[2021-06-22 22:58:24.647] [jointLog] [info] Thread saw mini-batch with a maximum of 0.10% zero probability fragments
[2021-06-22 22:58:24.671] [jointLog] [info] Thread saw mini-batch with a maximum of 0.10% zero probability fragments
[2021-06-22 22:58:24.757] [jointLog] [info] Thread saw mini-batch with a maximum of 0.10% zero probability fragments
[2021-06-22 22:58:24.761] [jointLog] [info] Thread saw mini-batch with a maximum of 0.10% zero probability fragments
[2021-06-22 22:58:24.763] [jointLog] [info] Thread saw mini-batch with a maximum of 0.12% zero probability fragments
[2021-06-22 22:58:24.908] [jointLog] [info] Computed 201,899 rich equivalence classes for further processing
[2021-06-22 22:58:24.908] [jointLog] [info] Counted 22,305,102 total reads in the equivalence classes 
[2021-06-22 22:58:24.915] [jointLog] [warning] 0.0908045% of fragments were shorter than the k used to build the index.
If this fraction is too large, consider re-building the index with a smaller k.
The minimum read size found was 10.


[2021-06-22 22:58:24.915] [jointLog] [info] Number of orphans recovered using orphan rescue : 621,929
[2021-06-22 22:58:24.915] [jointLog] [info] Number of mappings discarded because of alignment score : 8,428,671
[2021-06-22 22:58:24.915] [jointLog] [info] Number of fragments entirely discarded because of alignment score : 944,628
[2021-06-22 22:58:24.915] [jointLog] [info] Number of fragments discarded because they are best-mapped to decoys : 541,343
[2021-06-22 22:58:24.915] [jointLog] [info] Mapping rate = 92.6874%

[2021-06-22 22:58:24.915] [jointLog] [info] finished quantifyLibrary()
[2021-06-22 22:58:24.916] [jointLog] [info] Starting optimizer
[2021-06-22 22:58:24.999] [jointLog] [info] Marked 0 weighted equivalence classes as degenerate
[2021-06-22 22:58:25.014] [jointLog] [info] iteration = 0 | max rel diff. = 8771.25
[2021-06-22 22:58:25.146] [jointLog] [info] iteration 11, adjusting effective lengths to account for biases
[2021-06-22 22:58:24.909] [fileLog] [info] 
At end of round 0
==================
Observed 24064879 total fragments (24064879 in most recent round)

[2021-06-22 22:58:26.418] [jointLog] [info] Computed expected counts (for bias correction)
[2021-06-22 22:58:26.418] [jointLog] [info] processed bias for 0.0% of the transcripts
[2021-06-22 22:58:27.239] [jointLog] [info] processed bias for 10.0% of the transcripts
[2021-06-22 22:58:28.143] [jointLog] [info] processed bias for 20.0% of the transcripts
[2021-06-22 22:58:29.074] [jointLog] [info] processed bias for 30.0% of the transcripts
[2021-06-22 22:58:30.002] [jointLog] [info] processed bias for 40.0% of the transcripts
[2021-06-22 22:58:30.926] [jointLog] [info] processed bias for 50.0% of the transcripts
[2021-06-22 22:58:31.742] [jointLog] [info] processed bias for 60.0% of the transcripts
[2021-06-22 22:58:32.536] [jointLog] [info] processed bias for 70.0% of the transcripts
[2021-06-22 22:58:33.404] [jointLog] [info] processed bias for 80.0% of the transcripts
[2021-06-22 22:58:34.278] [jointLog] [info] processed bias for 90.0% of the transcripts
[2021-06-22 22:58:35.186] [jointLog] [info] processed bias for 100.0% of the transcripts
[2021-06-22 22:58:35.190] [jointLog] [info] processed bias for 100.0% of the transcripts
[2021-06-22 22:58:36.321] [jointLog] [info] iteration = 100 | max rel diff. = 8.12175
[2021-06-22 22:58:37.583] [jointLog] [info] iteration = 200 | max rel diff. = 19.6466
[2021-06-22 22:58:38.800] [jointLog] [info] iteration = 300 | max rel diff. = 0.747227
[2021-06-22 22:58:40.029] [jointLog] [info] iteration = 400 | max rel diff. = 0.461252
[2021-06-22 22:58:41.276] [jointLog] [info] iteration = 500 | max rel diff. = 0.726538
[2021-06-22 22:58:42.511] [jointLog] [info] iteration = 600 | max rel diff. = 0.219376
[2021-06-22 22:58:43.750] [jointLog] [info] iteration = 700 | max rel diff. = 0.104678
[2021-06-22 22:58:44.993] [jointLog] [info] iteration = 800 | max rel diff. = 1.92871
[2021-06-22 22:58:46.211] [jointLog] [info] iteration = 900 | max rel diff. = 0.0624562
[2021-06-22 22:58:47.419] [jointLog] [info] iteration = 1,000 | max rel diff. = 0.0901147
[2021-06-22 22:58:48.643] [jointLog] [info] iteration = 1,100 | max rel diff. = 3.67117
[2021-06-22 22:58:49.897] [jointLog] [info] iteration = 1,200 | max rel diff. = 0.183246
[2021-06-22 22:58:51.147] [jointLog] [info] iteration = 1,300 | max rel diff. = 0.142549
[2021-06-22 22:58:52.420] [jointLog] [info] iteration = 1,400 | max rel diff. = 0.254621
[2021-06-22 22:58:53.671] [jointLog] [info] iteration = 1,500 | max rel diff. = 0.284185
[2021-06-22 22:58:54.375] [jointLog] [info] iteration = 1,557 | max rel diff. = 0.0085382
[2021-06-22 22:58:54.408] [jointLog] [info] Finished optimizer
[2021-06-22 22:58:54.408] [jointLog] [info] writing output 

