[2021-06-18 14:39:23.605] [jointLog] [info] setting maxHashResizeThreads to 8
[2021-06-18 14:39:23.605] [jointLog] [info] Fragment incompatibility prior below threshold.  Incompatible fragments will be ignored.
[2021-06-18 14:39:23.605] [jointLog] [info] Usage of --validateMappings implies use of minScoreFraction. Since not explicitly specified, it is being set to 0.65
[2021-06-18 14:39:23.605] [jointLog] [info] Setting consensusSlack to selective-alignment default of 0.35.
[2021-06-18 14:39:23.605] [jointLog] [info] parsing read library format
[2021-06-18 14:39:23.605] [jointLog] [info] There is 1 library.
[2021-06-18 14:39:23.707] [jointLog] [info] Loading pufferfish index
[2021-06-18 14:39:23.707] [jointLog] [info] Loading dense pufferfish index.
[2021-06-18 14:40:02.960] [jointLog] [info] done
[2021-06-18 14:40:02.960] [jointLog] [info] Index contained 140,850 targets
[2021-06-18 14:40:03.514] [jointLog] [info] Number of decoys : 61
[2021-06-18 14:40:03.514] [jointLog] [info] First decoy index : 140,750 
[2021-06-18 14:41:56.401] [jointLog] [info] Thread saw mini-batch with a maximum of 0.18% zero probability fragments
[2021-06-18 14:41:56.411] [jointLog] [info] Thread saw mini-batch with a maximum of 0.12% zero probability fragments
[2021-06-18 14:41:56.440] [jointLog] [info] Thread saw mini-batch with a maximum of 0.20% zero probability fragments
[2021-06-18 14:41:56.541] [jointLog] [info] Thread saw mini-batch with a maximum of 0.12% zero probability fragments
[2021-06-18 14:41:56.570] [jointLog] [info] Thread saw mini-batch with a maximum of 0.12% zero probability fragments
[2021-06-18 14:41:56.572] [jointLog] [info] Thread saw mini-batch with a maximum of 0.12% zero probability fragments
[2021-06-18 14:41:56.601] [jointLog] [info] Thread saw mini-batch with a maximum of 0.08% zero probability fragments
[2021-06-18 14:41:56.614] [jointLog] [info] Thread saw mini-batch with a maximum of 0.10% zero probability fragments
[2021-06-18 14:41:57.234] [fileLog] [info] 
At end of round 0
==================
Observed 14884662 total fragments (14884662 in most recent round)

[2021-06-18 14:41:57.233] [jointLog] [info] Computed 176,540 rich equivalence classes for further processing
[2021-06-18 14:41:57.233] [jointLog] [info] Counted 13,763,338 total reads in the equivalence classes 
[2021-06-18 14:41:57.242] [jointLog] [info] Number of orphans recovered using orphan rescue : 260,634
[2021-06-18 14:41:57.242] [jointLog] [info] Number of mappings discarded because of alignment score : 4,913,812
[2021-06-18 14:41:57.242] [jointLog] [info] Number of fragments entirely discarded because of alignment score : 664,407
[2021-06-18 14:41:57.242] [jointLog] [info] Number of fragments discarded because they are best-mapped to decoys : 381,247
[2021-06-18 14:41:57.242] [jointLog] [info] Mapping rate = 92.4666%

[2021-06-18 14:41:57.242] [jointLog] [info] finished quantifyLibrary()
[2021-06-18 14:41:57.243] [jointLog] [info] Starting optimizer
[2021-06-18 14:41:57.355] [jointLog] [info] Marked 0 weighted equivalence classes as degenerate
[2021-06-18 14:41:57.370] [jointLog] [info] iteration = 0 | max rel diff. = 7077.63
[2021-06-18 14:41:57.508] [jointLog] [info] iteration 11, adjusting effective lengths to account for biases
[2021-06-18 14:41:58.670] [jointLog] [info] Computed expected counts (for bias correction)
[2021-06-18 14:41:58.670] [jointLog] [info] processed bias for 0.0% of the transcripts
[2021-06-18 14:41:59.417] [jointLog] [info] processed bias for 10.0% of the transcripts
[2021-06-18 14:42:00.232] [jointLog] [info] processed bias for 20.0% of the transcripts
[2021-06-18 14:42:01.038] [jointLog] [info] processed bias for 30.0% of the transcripts
[2021-06-18 14:42:01.876] [jointLog] [info] processed bias for 40.0% of the transcripts
[2021-06-18 14:42:02.698] [jointLog] [info] processed bias for 50.0% of the transcripts
[2021-06-18 14:42:03.486] [jointLog] [info] processed bias for 60.0% of the transcripts
[2021-06-18 14:42:04.246] [jointLog] [info] processed bias for 70.0% of the transcripts
[2021-06-18 14:42:04.916] [jointLog] [info] processed bias for 80.0% of the transcripts
[2021-06-18 14:42:05.661] [jointLog] [info] processed bias for 90.0% of the transcripts
[2021-06-18 14:42:06.485] [jointLog] [info] processed bias for 100.0% of the transcripts
[2021-06-18 14:42:06.486] [jointLog] [info] processed bias for 100.0% of the transcripts
[2021-06-18 14:42:07.621] [jointLog] [info] iteration = 100 | max rel diff. = 9.67756
[2021-06-18 14:42:08.836] [jointLog] [info] iteration = 200 | max rel diff. = 15.0788
[2021-06-18 14:42:10.017] [jointLog] [info] iteration = 300 | max rel diff. = 6.52648
[2021-06-18 14:42:11.165] [jointLog] [info] iteration = 400 | max rel diff. = 0.61062
[2021-06-18 14:42:12.313] [jointLog] [info] iteration = 500 | max rel diff. = 1.33972
[2021-06-18 14:42:13.393] [jointLog] [info] iteration = 600 | max rel diff. = 0.158954
[2021-06-18 14:42:14.563] [jointLog] [info] iteration = 700 | max rel diff. = 0.0747744
[2021-06-18 14:42:15.718] [jointLog] [info] iteration = 800 | max rel diff. = 0.178722
[2021-06-18 14:42:16.818] [jointLog] [info] iteration = 900 | max rel diff. = 0.348125
[2021-06-18 14:42:17.918] [jointLog] [info] iteration = 1,000 | max rel diff. = 0.370785
[2021-06-18 14:42:19.019] [jointLog] [info] iteration = 1,100 | max rel diff. = 0.0976834
[2021-06-18 14:42:20.150] [jointLog] [info] iteration = 1,200 | max rel diff. = 3.58984
[2021-06-18 14:42:20.629] [jointLog] [info] iteration = 1,245 | max rel diff. = 0.00929024
[2021-06-18 14:42:20.670] [jointLog] [info] Finished optimizer
[2021-06-18 14:42:20.670] [jointLog] [info] writing output 

