[2021-06-22 22:19:24.981] [jointLog] [info] setting maxHashResizeThreads to 8
[2021-06-22 22:19:24.981] [jointLog] [info] Fragment incompatibility prior below threshold.  Incompatible fragments will be ignored.
[2021-06-22 22:19:24.981] [jointLog] [info] Usage of --validateMappings implies use of minScoreFraction. Since not explicitly specified, it is being set to 0.65
[2021-06-22 22:19:24.981] [jointLog] [info] Setting consensusSlack to selective-alignment default of 0.35.
[2021-06-22 22:19:24.981] [jointLog] [info] parsing read library format
[2021-06-22 22:19:24.981] [jointLog] [info] There is 1 library.
[2021-06-22 22:19:25.068] [jointLog] [info] Loading pufferfish index
[2021-06-22 22:19:25.068] [jointLog] [info] Loading dense pufferfish index.
[2021-06-22 22:20:04.642] [jointLog] [info] done
[2021-06-22 22:20:04.642] [jointLog] [info] Index contained 140,850 targets
[2021-06-22 22:20:05.258] [jointLog] [info] Number of decoys : 61
[2021-06-22 22:20:05.258] [jointLog] [info] First decoy index : 140,750 
[2021-06-22 22:22:50.779] [jointLog] [info] Thread saw mini-batch with a maximum of 0.16% zero probability fragments
[2021-06-22 22:22:50.837] [jointLog] [info] Thread saw mini-batch with a maximum of 0.12% zero probability fragments
[2021-06-22 22:22:50.880] [jointLog] [info] Thread saw mini-batch with a maximum of 0.12% zero probability fragments
[2021-06-22 22:22:50.884] [jointLog] [info] Thread saw mini-batch with a maximum of 0.14% zero probability fragments
[2021-06-22 22:22:50.913] [jointLog] [info] Thread saw mini-batch with a maximum of 0.14% zero probability fragments
[2021-06-22 22:22:50.938] [jointLog] [info] Thread saw mini-batch with a maximum of 0.10% zero probability fragments
[2021-06-22 22:22:50.941] [jointLog] [info] Thread saw mini-batch with a maximum of 0.12% zero probability fragments
[2021-06-22 22:22:51.010] [jointLog] [info] Thread saw mini-batch with a maximum of 0.12% zero probability fragments
[2021-06-22 22:22:51.306] [jointLog] [info] Computed 203,512 rich equivalence classes for further processing
[2021-06-22 22:22:51.306] [jointLog] [info] Counted 20,111,106 total reads in the equivalence classes 
[2021-06-22 22:22:51.316] [jointLog] [warning] 0.100552% of fragments were shorter than the k used to build the index.
If this fraction is too large, consider re-building the index with a smaller k.
The minimum read size found was 10.


[2021-06-22 22:22:51.316] [jointLog] [info] Number of orphans recovered using orphan rescue : 607,477
[2021-06-22 22:22:51.316] [jointLog] [info] Number of mappings discarded because of alignment score : 7,627,443
[2021-06-22 22:22:51.316] [jointLog] [info] Number of fragments entirely discarded because of alignment score : 895,425
[2021-06-22 22:22:51.316] [jointLog] [info] Number of fragments discarded because they are best-mapped to decoys : 509,336
[2021-06-22 22:22:51.316] [jointLog] [info] Mapping rate = 92.5371%

[2021-06-22 22:22:51.316] [jointLog] [info] finished quantifyLibrary()
[2021-06-22 22:22:51.317] [jointLog] [info] Starting optimizer
[2021-06-22 22:22:51.428] [jointLog] [info] Marked 0 weighted equivalence classes as degenerate
[2021-06-22 22:22:51.445] [jointLog] [info] iteration = 0 | max rel diff. = 8000.28
[2021-06-22 22:22:51.592] [jointLog] [info] iteration 11, adjusting effective lengths to account for biases
[2021-06-22 22:22:51.306] [fileLog] [info] 
At end of round 0
==================
Observed 21733022 total fragments (21733022 in most recent round)

[2021-06-22 22:22:52.938] [jointLog] [info] Computed expected counts (for bias correction)
[2021-06-22 22:22:52.939] [jointLog] [info] processed bias for 0.0% of the transcripts
[2021-06-22 22:22:53.769] [jointLog] [info] processed bias for 10.0% of the transcripts
[2021-06-22 22:22:54.683] [jointLog] [info] processed bias for 20.0% of the transcripts
[2021-06-22 22:22:55.605] [jointLog] [info] processed bias for 30.0% of the transcripts
[2021-06-22 22:22:56.500] [jointLog] [info] processed bias for 40.0% of the transcripts
[2021-06-22 22:22:57.393] [jointLog] [info] processed bias for 50.0% of the transcripts
[2021-06-22 22:22:58.302] [jointLog] [info] processed bias for 60.0% of the transcripts
[2021-06-22 22:22:59.282] [jointLog] [info] processed bias for 70.0% of the transcripts
[2021-06-22 22:23:00.189] [jointLog] [info] processed bias for 80.0% of the transcripts
[2021-06-22 22:23:00.970] [jointLog] [info] processed bias for 90.0% of the transcripts
[2021-06-22 22:23:01.795] [jointLog] [info] processed bias for 100.0% of the transcripts
[2021-06-22 22:23:02.889] [jointLog] [info] iteration = 100 | max rel diff. = 8.84257
[2021-06-22 22:23:04.081] [jointLog] [info] iteration = 200 | max rel diff. = 1.88656
[2021-06-22 22:23:05.327] [jointLog] [info] iteration = 300 | max rel diff. = 1.77896
[2021-06-22 22:23:06.599] [jointLog] [info] iteration = 400 | max rel diff. = 1.03993
[2021-06-22 22:23:07.878] [jointLog] [info] iteration = 500 | max rel diff. = 0.791494
[2021-06-22 22:23:09.130] [jointLog] [info] iteration = 600 | max rel diff. = 0.138216
[2021-06-22 22:23:10.410] [jointLog] [info] iteration = 700 | max rel diff. = 4.21911
[2021-06-22 22:23:11.653] [jointLog] [info] iteration = 800 | max rel diff. = 0.079807
[2021-06-22 22:23:12.890] [jointLog] [info] iteration = 900 | max rel diff. = 0.157639
[2021-06-22 22:23:14.125] [jointLog] [info] iteration = 1,000 | max rel diff. = 0.0907439
[2021-06-22 22:23:15.376] [jointLog] [info] iteration = 1,100 | max rel diff. = 0.0461456
[2021-06-22 22:23:16.642] [jointLog] [info] iteration = 1,200 | max rel diff. = 0.0679155
[2021-06-22 22:23:17.545] [jointLog] [info] iteration = 1,273 | max rel diff. = 0.00692002
[2021-06-22 22:23:17.578] [jointLog] [info] Finished optimizer
[2021-06-22 22:23:17.578] [jointLog] [info] writing output 

