[2021-06-18 14:47:30.265] [jointLog] [info] setting maxHashResizeThreads to 8
[2021-06-18 14:47:30.265] [jointLog] [info] Fragment incompatibility prior below threshold.  Incompatible fragments will be ignored.
[2021-06-18 14:47:30.265] [jointLog] [info] Usage of --validateMappings implies use of minScoreFraction. Since not explicitly specified, it is being set to 0.65
[2021-06-18 14:47:30.265] [jointLog] [info] Setting consensusSlack to selective-alignment default of 0.35.
[2021-06-18 14:47:30.265] [jointLog] [info] parsing read library format
[2021-06-18 14:47:30.265] [jointLog] [info] There is 1 library.
[2021-06-18 14:47:30.369] [jointLog] [info] Loading pufferfish index
[2021-06-18 14:47:30.369] [jointLog] [info] Loading dense pufferfish index.
[2021-06-18 14:48:08.014] [jointLog] [info] done
[2021-06-18 14:48:08.014] [jointLog] [info] Index contained 140,850 targets
[2021-06-18 14:48:08.576] [jointLog] [info] Number of decoys : 61
[2021-06-18 14:48:08.576] [jointLog] [info] First decoy index : 140,750 
[2021-06-18 14:50:03.547] [jointLog] [info] Thread saw mini-batch with a maximum of 0.14% zero probability fragments
[2021-06-18 14:50:03.565] [jointLog] [info] Thread saw mini-batch with a maximum of 0.12% zero probability fragments
[2021-06-18 14:50:03.623] [jointLog] [info] Thread saw mini-batch with a maximum of 0.12% zero probability fragments
[2021-06-18 14:50:03.647] [jointLog] [info] Thread saw mini-batch with a maximum of 0.14% zero probability fragments
[2021-06-18 14:50:03.783] [jointLog] [info] Thread saw mini-batch with a maximum of 0.12% zero probability fragments
[2021-06-18 14:50:03.798] [jointLog] [info] Thread saw mini-batch with a maximum of 0.08% zero probability fragments
[2021-06-18 14:50:03.848] [jointLog] [info] Thread saw mini-batch with a maximum of 0.10% zero probability fragments
[2021-06-18 14:50:03.872] [jointLog] [info] Thread saw mini-batch with a maximum of 0.14% zero probability fragments
[2021-06-18 14:50:04.106] [jointLog] [info] Computed 200,352 rich equivalence classes for further processing
[2021-06-18 14:50:04.106] [jointLog] [info] Counted 11,773,737 total reads in the equivalence classes 
[2021-06-18 14:50:04.114] [jointLog] [info] Number of orphans recovered using orphan rescue : 290,779
[2021-06-18 14:50:04.114] [jointLog] [info] Number of mappings discarded because of alignment score : 4,810,550
[2021-06-18 14:50:04.114] [jointLog] [info] Number of fragments entirely discarded because of alignment score : 718,098
[2021-06-18 14:50:04.114] [jointLog] [info] Number of fragments discarded because they are best-mapped to decoys : 429,579
[2021-06-18 14:50:04.114] [jointLog] [info] Mapping rate = 90.0024%

[2021-06-18 14:50:04.114] [jointLog] [info] finished quantifyLibrary()
[2021-06-18 14:50:04.115] [jointLog] [info] Starting optimizer
[2021-06-18 14:50:04.205] [jointLog] [info] Marked 0 weighted equivalence classes as degenerate
[2021-06-18 14:50:04.220] [jointLog] [info] iteration = 0 | max rel diff. = 6313.44
[2021-06-18 14:50:04.355] [jointLog] [info] iteration 11, adjusting effective lengths to account for biases
[2021-06-18 14:50:04.107] [fileLog] [info] 
At end of round 0
==================
Observed 13081574 total fragments (13081574 in most recent round)

[2021-06-18 14:50:05.723] [jointLog] [info] Computed expected counts (for bias correction)
[2021-06-18 14:50:05.723] [jointLog] [info] processed bias for 0.0% of the transcripts
[2021-06-18 14:50:06.558] [jointLog] [info] processed bias for 10.0% of the transcripts
[2021-06-18 14:50:07.494] [jointLog] [info] processed bias for 20.0% of the transcripts
[2021-06-18 14:50:08.374] [jointLog] [info] processed bias for 30.0% of the transcripts
[2021-06-18 14:50:09.307] [jointLog] [info] processed bias for 40.0% of the transcripts
[2021-06-18 14:50:10.105] [jointLog] [info] processed bias for 50.0% of the transcripts
[2021-06-18 14:50:10.999] [jointLog] [info] processed bias for 60.0% of the transcripts
[2021-06-18 14:50:11.884] [jointLog] [info] processed bias for 70.0% of the transcripts
[2021-06-18 14:50:12.750] [jointLog] [info] processed bias for 80.0% of the transcripts
[2021-06-18 14:50:13.633] [jointLog] [info] processed bias for 90.0% of the transcripts
[2021-06-18 14:50:14.561] [jointLog] [info] processed bias for 100.0% of the transcripts
[2021-06-18 14:50:14.563] [jointLog] [info] processed bias for 100.0% of the transcripts
[2021-06-18 14:50:15.613] [jointLog] [info] iteration = 100 | max rel diff. = 16.9435
[2021-06-18 14:50:16.737] [jointLog] [info] iteration = 200 | max rel diff. = 2.45335
[2021-06-18 14:50:17.847] [jointLog] [info] iteration = 300 | max rel diff. = 14.9909
[2021-06-18 14:50:18.965] [jointLog] [info] iteration = 400 | max rel diff. = 0.871103
[2021-06-18 14:50:20.073] [jointLog] [info] iteration = 500 | max rel diff. = 20.4887
[2021-06-18 14:50:21.171] [jointLog] [info] iteration = 600 | max rel diff. = 0.0553991
[2021-06-18 14:50:22.269] [jointLog] [info] iteration = 700 | max rel diff. = 0.0957675
[2021-06-18 14:50:23.370] [jointLog] [info] iteration = 800 | max rel diff. = 8.53091
[2021-06-18 14:50:24.483] [jointLog] [info] iteration = 900 | max rel diff. = 0.152671
[2021-06-18 14:50:25.591] [jointLog] [info] iteration = 1,000 | max rel diff. = 0.285535
[2021-06-18 14:50:26.713] [jointLog] [info] iteration = 1,100 | max rel diff. = 0.130702
[2021-06-18 14:50:27.825] [jointLog] [info] iteration = 1,200 | max rel diff. = 0.358003
[2021-06-18 14:50:28.931] [jointLog] [info] iteration = 1,300 | max rel diff. = 0.108276
[2021-06-18 14:50:30.036] [jointLog] [info] iteration = 1,400 | max rel diff. = 0.0831906
[2021-06-18 14:50:31.144] [jointLog] [info] iteration = 1,500 | max rel diff. = 0.301088
[2021-06-18 14:50:31.476] [jointLog] [info] iteration = 1,531 | max rel diff. = 0.00732894
[2021-06-18 14:50:31.507] [jointLog] [info] Finished optimizer
[2021-06-18 14:50:31.507] [jointLog] [info] writing output 

