[2021-06-18 16:51:27.824] [jointLog] [info] setting maxHashResizeThreads to 8
[2021-06-18 16:51:27.824] [jointLog] [info] Fragment incompatibility prior below threshold.  Incompatible fragments will be ignored.
[2021-06-18 16:51:27.824] [jointLog] [info] Usage of --validateMappings implies use of minScoreFraction. Since not explicitly specified, it is being set to 0.65
[2021-06-18 16:51:27.824] [jointLog] [info] Setting consensusSlack to selective-alignment default of 0.35.
[2021-06-18 16:51:27.824] [jointLog] [info] parsing read library format
[2021-06-18 16:51:27.824] [jointLog] [info] There is 1 library.
[2021-06-18 16:51:27.940] [jointLog] [info] Loading pufferfish index
[2021-06-18 16:51:27.940] [jointLog] [info] Loading dense pufferfish index.
[2021-06-18 16:52:04.789] [jointLog] [info] done
[2021-06-18 16:52:04.789] [jointLog] [info] Index contained 140,850 targets
[2021-06-18 16:52:05.329] [jointLog] [info] Number of decoys : 61
[2021-06-18 16:52:05.329] [jointLog] [info] First decoy index : 140,750 
[2021-06-18 16:52:33.509] [fileLog] [info] 
At end of round 0
==================
Observed 7163805 total fragments (7163805 in most recent round)

[2021-06-18 16:52:33.509] [jointLog] [info] Computed 154,184 rich equivalence classes for further processing
[2021-06-18 16:52:33.509] [jointLog] [info] Counted 6,600,110 total reads in the equivalence classes 
[2021-06-18 16:52:33.517] [jointLog] [info] Number of mappings discarded because of alignment score : 2,957,578
[2021-06-18 16:52:33.517] [jointLog] [info] Number of fragments entirely discarded because of alignment score : 185,875
[2021-06-18 16:52:33.517] [jointLog] [info] Number of fragments discarded because they are best-mapped to decoys : 106,044
[2021-06-18 16:52:33.517] [jointLog] [info] Number of fragments discarded because they have only dovetail (discordant) mappings to valid targets : 0
[2021-06-18 16:52:33.517] [jointLog] [info] Mapping rate = 92.1313%

[2021-06-18 16:52:33.517] [jointLog] [info] finished quantifyLibrary()
[2021-06-18 16:52:33.517] [jointLog] [info] Starting optimizer
[2021-06-18 16:52:33.654] [jointLog] [info] Marked 0 weighted equivalence classes as degenerate
[2021-06-18 16:52:33.670] [jointLog] [info] iteration = 0 | max rel diff. = 4033.15
[2021-06-18 16:52:33.813] [jointLog] [info] iteration 11, adjusting effective lengths to account for biases
[2021-06-18 16:52:34.822] [jointLog] [info] Computed expected counts (for bias correction)
[2021-06-18 16:52:34.823] [jointLog] [info] processed bias for 0.1% of the transcripts
[2021-06-18 16:52:35.418] [jointLog] [info] processed bias for 10.0% of the transcripts
[2021-06-18 16:52:36.065] [jointLog] [info] processed bias for 20.0% of the transcripts
[2021-06-18 16:52:36.689] [jointLog] [info] processed bias for 30.0% of the transcripts
[2021-06-18 16:52:37.350] [jointLog] [info] processed bias for 40.0% of the transcripts
[2021-06-18 16:52:38.025] [jointLog] [info] processed bias for 50.0% of the transcripts
[2021-06-18 16:52:38.676] [jointLog] [info] processed bias for 60.0% of the transcripts
[2021-06-18 16:52:39.381] [jointLog] [info] processed bias for 70.0% of the transcripts
[2021-06-18 16:52:40.018] [jointLog] [info] processed bias for 80.0% of the transcripts
[2021-06-18 16:52:40.682] [jointLog] [info] processed bias for 90.0% of the transcripts
[2021-06-18 16:52:41.217] [jointLog] [info] processed bias for 100.0% of the transcripts
[2021-06-18 16:52:41.217] [jointLog] [info] processed bias for 100.0% of the transcripts
[2021-06-18 16:52:42.178] [jointLog] [info] iteration = 100 | max rel diff. = 20.5605
[2021-06-18 16:52:43.232] [jointLog] [info] iteration = 200 | max rel diff. = 15.1961
[2021-06-18 16:52:44.269] [jointLog] [info] iteration = 300 | max rel diff. = 4.73346
[2021-06-18 16:52:45.285] [jointLog] [info] iteration = 400 | max rel diff. = 0.135521
[2021-06-18 16:52:46.296] [jointLog] [info] iteration = 500 | max rel diff. = 0.279761
[2021-06-18 16:52:47.317] [jointLog] [info] iteration = 600 | max rel diff. = 0.0717887
[2021-06-18 16:52:48.346] [jointLog] [info] iteration = 700 | max rel diff. = 0.217596
[2021-06-18 16:52:49.375] [jointLog] [info] iteration = 800 | max rel diff. = 0.0503766
[2021-06-18 16:52:50.410] [jointLog] [info] iteration = 900 | max rel diff. = 8.59906
[2021-06-18 16:52:51.428] [jointLog] [info] iteration = 1,000 | max rel diff. = 0.0567458
[2021-06-18 16:52:52.185] [jointLog] [info] iteration = 1,075 | max rel diff. = 0.00968057
[2021-06-18 16:52:52.217] [jointLog] [info] Finished optimizer
[2021-06-18 16:52:52.217] [jointLog] [info] writing output 

