[2021-06-18 14:55:49.067] [jointLog] [info] setting maxHashResizeThreads to 8
[2021-06-18 14:55:49.067] [jointLog] [info] Fragment incompatibility prior below threshold.  Incompatible fragments will be ignored.
[2021-06-18 14:55:49.067] [jointLog] [info] Usage of --validateMappings implies use of minScoreFraction. Since not explicitly specified, it is being set to 0.65
[2021-06-18 14:55:49.067] [jointLog] [info] Setting consensusSlack to selective-alignment default of 0.35.
[2021-06-18 14:55:49.067] [jointLog] [info] parsing read library format
[2021-06-18 14:55:49.067] [jointLog] [info] There is 1 library.
[2021-06-18 14:55:49.176] [jointLog] [info] Loading pufferfish index
[2021-06-18 14:55:49.176] [jointLog] [info] Loading dense pufferfish index.
[2021-06-18 14:56:28.515] [jointLog] [info] done
[2021-06-18 14:56:28.515] [jointLog] [info] Index contained 140,850 targets
[2021-06-18 14:56:29.052] [jointLog] [info] Number of decoys : 61
[2021-06-18 14:56:29.052] [jointLog] [info] First decoy index : 140,750 
[2021-06-18 14:58:14.714] [jointLog] [info] Thread saw mini-batch with a maximum of 0.10% zero probability fragments
[2021-06-18 14:58:14.779] [jointLog] [info] Thread saw mini-batch with a maximum of 0.08% zero probability fragments
[2021-06-18 14:58:14.780] [jointLog] [info] Thread saw mini-batch with a maximum of 0.14% zero probability fragments
[2021-06-18 14:58:14.787] [jointLog] [info] Thread saw mini-batch with a maximum of 0.10% zero probability fragments
[2021-06-18 14:58:14.813] [jointLog] [info] Thread saw mini-batch with a maximum of 0.10% zero probability fragments
[2021-06-18 14:58:14.836] [jointLog] [info] Thread saw mini-batch with a maximum of 0.14% zero probability fragments
[2021-06-18 14:58:14.897] [jointLog] [info] Thread saw mini-batch with a maximum of 0.10% zero probability fragments
[2021-06-18 14:58:14.903] [jointLog] [info] Thread saw mini-batch with a maximum of 0.10% zero probability fragments
[2021-06-18 14:58:15.117] [fileLog] [info] 
At end of round 0
==================
Observed 14578348 total fragments (14578348 in most recent round)

[2021-06-18 14:58:15.117] [jointLog] [info] Computed 164,686 rich equivalence classes for further processing
[2021-06-18 14:58:15.117] [jointLog] [info] Counted 13,556,215 total reads in the equivalence classes 
[2021-06-18 14:58:15.127] [jointLog] [info] Number of orphans recovered using orphan rescue : 281,754
[2021-06-18 14:58:15.127] [jointLog] [info] Number of mappings discarded because of alignment score : 4,749,523
[2021-06-18 14:58:15.127] [jointLog] [info] Number of fragments entirely discarded because of alignment score : 609,906
[2021-06-18 14:58:15.127] [jointLog] [info] Number of fragments discarded because they are best-mapped to decoys : 344,752
[2021-06-18 14:58:15.127] [jointLog] [info] Mapping rate = 92.9887%

[2021-06-18 14:58:15.127] [jointLog] [info] finished quantifyLibrary()
[2021-06-18 14:58:15.128] [jointLog] [info] Starting optimizer
[2021-06-18 14:58:15.244] [jointLog] [info] Marked 0 weighted equivalence classes as degenerate
[2021-06-18 14:58:15.262] [jointLog] [info] iteration = 0 | max rel diff. = 6964.72
[2021-06-18 14:58:15.426] [jointLog] [info] iteration 11, adjusting effective lengths to account for biases
[2021-06-18 14:58:16.597] [jointLog] [info] Computed expected counts (for bias correction)
[2021-06-18 14:58:16.597] [jointLog] [info] processed bias for 0.1% of the transcripts
[2021-06-18 14:58:17.203] [jointLog] [info] processed bias for 10.0% of the transcripts
[2021-06-18 14:58:17.837] [jointLog] [info] processed bias for 20.0% of the transcripts
[2021-06-18 14:58:18.534] [jointLog] [info] processed bias for 30.0% of the transcripts
[2021-06-18 14:58:19.243] [jointLog] [info] processed bias for 40.0% of the transcripts
[2021-06-18 14:58:19.938] [jointLog] [info] processed bias for 50.0% of the transcripts
[2021-06-18 14:58:20.595] [jointLog] [info] processed bias for 60.0% of the transcripts
[2021-06-18 14:58:21.275] [jointLog] [info] processed bias for 70.0% of the transcripts
[2021-06-18 14:58:21.963] [jointLog] [info] processed bias for 80.0% of the transcripts
[2021-06-18 14:58:22.542] [jointLog] [info] processed bias for 90.2% of the transcripts
[2021-06-18 14:58:23.203] [jointLog] [info] processed bias for 100.0% of the transcripts
[2021-06-18 14:58:23.205] [jointLog] [info] processed bias for 100.0% of the transcripts
[2021-06-18 14:58:24.106] [jointLog] [info] iteration = 100 | max rel diff. = 18.284
[2021-06-18 14:58:25.097] [jointLog] [info] iteration = 200 | max rel diff. = 10.8185
[2021-06-18 14:58:26.084] [jointLog] [info] iteration = 300 | max rel diff. = 0.158489
[2021-06-18 14:58:27.086] [jointLog] [info] iteration = 400 | max rel diff. = 15.3418
[2021-06-18 14:58:28.099] [jointLog] [info] iteration = 500 | max rel diff. = 0.211394
[2021-06-18 14:58:29.109] [jointLog] [info] iteration = 600 | max rel diff. = 0.295894
[2021-06-18 14:58:30.106] [jointLog] [info] iteration = 700 | max rel diff. = 0.0400693
[2021-06-18 14:58:31.119] [jointLog] [info] iteration = 800 | max rel diff. = 0.0473198
[2021-06-18 14:58:32.090] [jointLog] [info] iteration = 900 | max rel diff. = 0.0542805
[2021-06-18 14:58:33.095] [jointLog] [info] iteration = 1,000 | max rel diff. = 0.121148
[2021-06-18 14:58:34.059] [jointLog] [info] iteration = 1,100 | max rel diff. = 2.72801
[2021-06-18 14:58:35.061] [jointLog] [info] iteration = 1,200 | max rel diff. = 0.470058
[2021-06-18 14:58:35.090] [jointLog] [info] iteration = 1,204 | max rel diff. = 0.00542407
[2021-06-18 14:58:35.125] [jointLog] [info] Finished optimizer
[2021-06-18 14:58:35.125] [jointLog] [info] writing output 

