[2021-06-22 22:52:26.268] [jointLog] [info] setting maxHashResizeThreads to 8
[2021-06-22 22:52:26.268] [jointLog] [info] Fragment incompatibility prior below threshold.  Incompatible fragments will be ignored.
[2021-06-22 22:52:26.268] [jointLog] [info] Usage of --validateMappings implies use of minScoreFraction. Since not explicitly specified, it is being set to 0.65
[2021-06-22 22:52:26.268] [jointLog] [info] Setting consensusSlack to selective-alignment default of 0.35.
[2021-06-22 22:52:26.268] [jointLog] [info] parsing read library format
[2021-06-22 22:52:26.268] [jointLog] [info] There is 1 library.
[2021-06-22 22:52:26.381] [jointLog] [info] Loading pufferfish index
[2021-06-22 22:52:26.381] [jointLog] [info] Loading dense pufferfish index.
[2021-06-22 22:53:06.583] [jointLog] [info] done
[2021-06-22 22:53:06.583] [jointLog] [info] Index contained 140,850 targets
[2021-06-22 22:53:07.110] [jointLog] [info] Number of decoys : 61
[2021-06-22 22:53:07.110] [jointLog] [info] First decoy index : 140,750 
[2021-06-22 22:56:15.939] [jointLog] [info] Thread saw mini-batch with a maximum of 0.10% zero probability fragments
[2021-06-22 22:56:16.012] [jointLog] [info] Thread saw mini-batch with a maximum of 0.12% zero probability fragments
[2021-06-22 22:56:16.023] [jointLog] [info] Thread saw mini-batch with a maximum of 0.10% zero probability fragments
[2021-06-22 22:56:16.065] [jointLog] [info] Thread saw mini-batch with a maximum of 0.08% zero probability fragments
[2021-06-22 22:56:16.108] [jointLog] [info] Thread saw mini-batch with a maximum of 0.10% zero probability fragments
[2021-06-22 22:56:16.139] [jointLog] [info] Thread saw mini-batch with a maximum of 0.12% zero probability fragments
[2021-06-22 22:56:16.157] [jointLog] [info] Thread saw mini-batch with a maximum of 0.12% zero probability fragments
[2021-06-22 22:56:16.195] [jointLog] [info] Thread saw mini-batch with a maximum of 0.10% zero probability fragments
[2021-06-22 22:56:16.472] [fileLog] [info] 
At end of round 0
==================
Observed 21776687 total fragments (21776687 in most recent round)

[2021-06-22 22:56:16.471] [jointLog] [info] Computed 212,441 rich equivalence classes for further processing
[2021-06-22 22:56:16.471] [jointLog] [info] Counted 20,010,912 total reads in the equivalence classes 
[2021-06-22 22:56:16.481] [jointLog] [warning] 0.0913867% of fragments were shorter than the k used to build the index.
If this fraction is too large, consider re-building the index with a smaller k.
The minimum read size found was 10.


[2021-06-22 22:56:16.481] [jointLog] [info] Number of orphans recovered using orphan rescue : 570,152
[2021-06-22 22:56:16.481] [jointLog] [info] Number of mappings discarded because of alignment score : 7,501,744
[2021-06-22 22:56:16.481] [jointLog] [info] Number of fragments entirely discarded because of alignment score : 912,789
[2021-06-22 22:56:16.481] [jointLog] [info] Number of fragments discarded because they are best-mapped to decoys : 524,425
[2021-06-22 22:56:16.481] [jointLog] [info] Mapping rate = 91.8914%

[2021-06-22 22:56:16.481] [jointLog] [info] finished quantifyLibrary()
[2021-06-22 22:56:16.481] [jointLog] [info] Starting optimizer
[2021-06-22 22:56:16.608] [jointLog] [info] Marked 0 weighted equivalence classes as degenerate
[2021-06-22 22:56:16.627] [jointLog] [info] iteration = 0 | max rel diff. = 8191.45
[2021-06-22 22:56:16.801] [jointLog] [info] iteration 11, adjusting effective lengths to account for biases
[2021-06-22 22:56:18.219] [jointLog] [info] Computed expected counts (for bias correction)
[2021-06-22 22:56:18.219] [jointLog] [info] processed bias for 0.0% of the transcripts
[2021-06-22 22:56:19.195] [jointLog] [info] processed bias for 10.0% of the transcripts
[2021-06-22 22:56:20.143] [jointLog] [info] processed bias for 20.0% of the transcripts
[2021-06-22 22:56:21.046] [jointLog] [info] processed bias for 30.0% of the transcripts
[2021-06-22 22:56:21.948] [jointLog] [info] processed bias for 40.0% of the transcripts
[2021-06-22 22:56:22.885] [jointLog] [info] processed bias for 50.0% of the transcripts
[2021-06-22 22:56:23.862] [jointLog] [info] processed bias for 60.0% of the transcripts
[2021-06-22 22:56:24.778] [jointLog] [info] processed bias for 70.0% of the transcripts
[2021-06-22 22:56:25.746] [jointLog] [info] processed bias for 80.0% of the transcripts
[2021-06-22 22:56:26.563] [jointLog] [info] processed bias for 90.0% of the transcripts
[2021-06-22 22:56:27.463] [jointLog] [info] processed bias for 100.0% of the transcripts
[2021-06-22 22:56:27.465] [jointLog] [info] processed bias for 100.0% of the transcripts
[2021-06-22 22:56:28.727] [jointLog] [info] iteration = 100 | max rel diff. = 12.2949
[2021-06-22 22:56:30.096] [jointLog] [info] iteration = 200 | max rel diff. = 1.83036
[2021-06-22 22:56:31.456] [jointLog] [info] iteration = 300 | max rel diff. = 0.748313
[2021-06-22 22:56:32.808] [jointLog] [info] iteration = 400 | max rel diff. = 0.783015
[2021-06-22 22:56:34.163] [jointLog] [info] iteration = 500 | max rel diff. = 0.427478
[2021-06-22 22:56:35.508] [jointLog] [info] iteration = 600 | max rel diff. = 0.148399
[2021-06-22 22:56:36.831] [jointLog] [info] iteration = 700 | max rel diff. = 0.0899451
[2021-06-22 22:56:38.168] [jointLog] [info] iteration = 800 | max rel diff. = 0.0483342
[2021-06-22 22:56:39.499] [jointLog] [info] iteration = 900 | max rel diff. = 0.105022
[2021-06-22 22:56:40.808] [jointLog] [info] iteration = 1,000 | max rel diff. = 0.0706029
[2021-06-22 22:56:42.162] [jointLog] [info] iteration = 1,100 | max rel diff. = 0.0323285
[2021-06-22 22:56:43.482] [jointLog] [info] iteration = 1,200 | max rel diff. = 0.0326544
[2021-06-22 22:56:44.842] [jointLog] [info] iteration = 1,300 | max rel diff. = 0.046452
[2021-06-22 22:56:46.200] [jointLog] [info] iteration = 1,400 | max rel diff. = 0.0714617
[2021-06-22 22:56:47.604] [jointLog] [info] iteration = 1,500 | max rel diff. = 1.61527
[2021-06-22 22:56:47.686] [jointLog] [info] iteration = 1,507 | max rel diff. = 0.00929331
[2021-06-22 22:56:47.724] [jointLog] [info] Finished optimizer
[2021-06-22 22:56:47.724] [jointLog] [info] writing output 

