[2021-06-18 16:36:19.779] [jointLog] [info] setting maxHashResizeThreads to 8
[2021-06-18 16:36:19.779] [jointLog] [info] Fragment incompatibility prior below threshold.  Incompatible fragments will be ignored.
[2021-06-18 16:36:19.779] [jointLog] [info] Usage of --validateMappings implies use of minScoreFraction. Since not explicitly specified, it is being set to 0.65
[2021-06-18 16:36:19.779] [jointLog] [info] Setting consensusSlack to selective-alignment default of 0.35.
[2021-06-18 16:36:19.779] [jointLog] [info] parsing read library format
[2021-06-18 16:36:19.779] [jointLog] [info] There is 1 library.
[2021-06-18 16:36:19.876] [jointLog] [info] Loading pufferfish index
[2021-06-18 16:36:19.876] [jointLog] [info] Loading dense pufferfish index.
[2021-06-18 16:36:56.954] [jointLog] [info] done
[2021-06-18 16:36:56.954] [jointLog] [info] Index contained 140,850 targets
[2021-06-18 16:36:57.508] [jointLog] [info] Number of decoys : 61
[2021-06-18 16:36:57.508] [jointLog] [info] First decoy index : 140,750 
[2021-06-18 16:37:16.916] [fileLog] [info] 
At end of round 0
==================
Observed 4445056 total fragments (4445056 in most recent round)

[2021-06-18 16:37:16.915] [jointLog] [info] Computed 189,118 rich equivalence classes for further processing
[2021-06-18 16:37:16.915] [jointLog] [info] Counted 4,047,703 total reads in the equivalence classes 
[2021-06-18 16:37:16.925] [jointLog] [info] Number of mappings discarded because of alignment score : 1,942,586
[2021-06-18 16:37:16.925] [jointLog] [info] Number of fragments entirely discarded because of alignment score : 130,857
[2021-06-18 16:37:16.925] [jointLog] [info] Number of fragments discarded because they are best-mapped to decoys : 73,623
[2021-06-18 16:37:16.925] [jointLog] [info] Number of fragments discarded because they have only dovetail (discordant) mappings to valid targets : 0
[2021-06-18 16:37:16.960] [jointLog] [warning] Only 4047703 fragments were mapped, but the number of burn-in fragments was set to 5000000.
The effective lengths have been computed using the observed mappings.

[2021-06-18 16:37:16.960] [jointLog] [info] Mapping rate = 91.0608%

[2021-06-18 16:37:16.960] [jointLog] [info] finished quantifyLibrary()
[2021-06-18 16:37:16.961] [jointLog] [info] Starting optimizer
[2021-06-18 16:37:17.079] [jointLog] [info] Marked 0 weighted equivalence classes as degenerate
[2021-06-18 16:37:17.098] [jointLog] [info] iteration = 0 | max rel diff. = 2634.46
[2021-06-18 16:37:17.261] [jointLog] [info] iteration 11, adjusting effective lengths to account for biases
[2021-06-18 16:37:18.467] [jointLog] [info] Computed expected counts (for bias correction)
[2021-06-18 16:37:18.467] [jointLog] [info] processed bias for 0.1% of the transcripts
[2021-06-18 16:37:19.199] [jointLog] [info] processed bias for 10.0% of the transcripts
[2021-06-18 16:37:19.991] [jointLog] [info] processed bias for 20.0% of the transcripts
[2021-06-18 16:37:20.768] [jointLog] [info] processed bias for 30.0% of the transcripts
[2021-06-18 16:37:21.572] [jointLog] [info] processed bias for 40.0% of the transcripts
[2021-06-18 16:37:22.325] [jointLog] [info] processed bias for 50.0% of the transcripts
[2021-06-18 16:37:23.021] [jointLog] [info] processed bias for 60.0% of the transcripts
[2021-06-18 16:37:23.832] [jointLog] [info] processed bias for 70.0% of the transcripts
[2021-06-18 16:37:24.602] [jointLog] [info] processed bias for 80.0% of the transcripts
[2021-06-18 16:37:25.346] [jointLog] [info] processed bias for 90.0% of the transcripts
[2021-06-18 16:37:26.012] [jointLog] [info] processed bias for 100.0% of the transcripts
[2021-06-18 16:37:26.017] [jointLog] [info] processed bias for 100.0% of the transcripts
[2021-06-18 16:37:27.103] [jointLog] [info] iteration = 100 | max rel diff. = 11.9911
[2021-06-18 16:37:28.271] [jointLog] [info] iteration = 200 | max rel diff. = 16.3429
[2021-06-18 16:37:29.487] [jointLog] [info] iteration = 300 | max rel diff. = 1.15347
[2021-06-18 16:37:30.686] [jointLog] [info] iteration = 400 | max rel diff. = 0.106783
[2021-06-18 16:37:31.859] [jointLog] [info] iteration = 500 | max rel diff. = 0.367808
[2021-06-18 16:37:33.128] [jointLog] [info] iteration = 600 | max rel diff. = 0.0617971
[2021-06-18 16:37:34.411] [jointLog] [info] iteration = 700 | max rel diff. = 0.629833
[2021-06-18 16:37:35.535] [jointLog] [info] iteration = 800 | max rel diff. = 0.080634
[2021-06-18 16:37:36.672] [jointLog] [info] iteration = 900 | max rel diff. = 0.0668515
[2021-06-18 16:37:37.913] [jointLog] [info] iteration = 1,000 | max rel diff. = 3.04085
[2021-06-18 16:37:39.198] [jointLog] [info] iteration = 1,100 | max rel diff. = 0.0313782
[2021-06-18 16:37:40.377] [jointLog] [info] iteration = 1,200 | max rel diff. = 0.0976951
[2021-06-18 16:37:40.510] [jointLog] [info] iteration = 1,211 | max rel diff. = 0.00866235
[2021-06-18 16:37:40.550] [jointLog] [info] Finished optimizer
[2021-06-18 16:37:40.550] [jointLog] [info] writing output 

