[2021-06-18 14:14:21.849] [jointLog] [info] setting maxHashResizeThreads to 8
[2021-06-18 14:14:21.849] [jointLog] [info] Fragment incompatibility prior below threshold.  Incompatible fragments will be ignored.
[2021-06-18 14:14:21.849] [jointLog] [info] Usage of --validateMappings implies use of minScoreFraction. Since not explicitly specified, it is being set to 0.65
[2021-06-18 14:14:21.849] [jointLog] [info] Setting consensusSlack to selective-alignment default of 0.35.
[2021-06-18 14:14:21.849] [jointLog] [info] parsing read library format
[2021-06-18 14:14:21.849] [jointLog] [info] There is 1 library.
[2021-06-18 14:14:21.953] [jointLog] [info] Loading pufferfish index
[2021-06-18 14:14:21.953] [jointLog] [info] Loading dense pufferfish index.
[2021-06-18 14:15:01.614] [jointLog] [info] done
[2021-06-18 14:15:01.614] [jointLog] [info] Index contained 140,850 targets
[2021-06-18 14:15:02.189] [jointLog] [info] Number of decoys : 61
[2021-06-18 14:15:02.189] [jointLog] [info] First decoy index : 140,750 
[2021-06-18 14:16:37.790] [jointLog] [info] Thread saw mini-batch with a maximum of 0.08% zero probability fragments
[2021-06-18 14:16:37.798] [jointLog] [info] Thread saw mini-batch with a maximum of 0.10% zero probability fragments
[2021-06-18 14:16:37.801] [jointLog] [info] Thread saw mini-batch with a maximum of 0.10% zero probability fragments
[2021-06-18 14:16:37.830] [jointLog] [info] Thread saw mini-batch with a maximum of 0.10% zero probability fragments
[2021-06-18 14:16:37.836] [jointLog] [info] Thread saw mini-batch with a maximum of 0.08% zero probability fragments
[2021-06-18 14:16:37.859] [jointLog] [info] Thread saw mini-batch with a maximum of 0.08% zero probability fragments
[2021-06-18 14:16:37.914] [jointLog] [info] Thread saw mini-batch with a maximum of 0.12% zero probability fragments
[2021-06-18 14:16:37.940] [jointLog] [info] Thread saw mini-batch with a maximum of 0.10% zero probability fragments
[2021-06-18 14:16:38.155] [jointLog] [info] Computed 132,569 rich equivalence classes for further processing
[2021-06-18 14:16:38.155] [jointLog] [info] Counted 9,424,216 total reads in the equivalence classes 
[2021-06-18 14:16:38.166] [jointLog] [info] Number of orphans recovered using orphan rescue : 196,135
[2021-06-18 14:16:38.166] [jointLog] [info] Number of mappings discarded because of alignment score : 3,587,217
[2021-06-18 14:16:38.166] [jointLog] [info] Number of fragments entirely discarded because of alignment score : 514,107
[2021-06-18 14:16:38.166] [jointLog] [info] Number of fragments discarded because they are best-mapped to decoys : 324,947
[2021-06-18 14:16:38.166] [jointLog] [info] Mapping rate = 90.6805%

[2021-06-18 14:16:38.166] [jointLog] [info] finished quantifyLibrary()
[2021-06-18 14:16:38.167] [jointLog] [info] Starting optimizer
[2021-06-18 14:16:38.156] [fileLog] [info] 
At end of round 0
==================
Observed 10392769 total fragments (10392769 in most recent round)

[2021-06-18 14:16:39.092] [jointLog] [info] Marked 0 weighted equivalence classes as degenerate
[2021-06-18 14:16:39.107] [jointLog] [info] iteration = 0 | max rel diff. = 5410.75
[2021-06-18 14:16:39.236] [jointLog] [info] iteration 11, adjusting effective lengths to account for biases
[2021-06-18 14:16:40.394] [jointLog] [info] Computed expected counts (for bias correction)
[2021-06-18 14:16:40.394] [jointLog] [info] processed bias for 0.0% of the transcripts
[2021-06-18 14:16:41.126] [jointLog] [info] processed bias for 10.0% of the transcripts
[2021-06-18 14:16:41.840] [jointLog] [info] processed bias for 20.0% of the transcripts
[2021-06-18 14:16:42.595] [jointLog] [info] processed bias for 30.0% of the transcripts
[2021-06-18 14:16:43.280] [jointLog] [info] processed bias for 40.0% of the transcripts
[2021-06-18 14:16:43.994] [jointLog] [info] processed bias for 50.0% of the transcripts
[2021-06-18 14:16:44.656] [jointLog] [info] processed bias for 60.0% of the transcripts
[2021-06-18 14:16:45.348] [jointLog] [info] processed bias for 70.0% of the transcripts
[2021-06-18 14:16:46.091] [jointLog] [info] processed bias for 80.0% of the transcripts
[2021-06-18 14:16:46.751] [jointLog] [info] processed bias for 90.0% of the transcripts
[2021-06-18 14:16:47.365] [jointLog] [info] processed bias for 100.0% of the transcripts
[2021-06-18 14:16:47.366] [jointLog] [info] processed bias for 100.0% of the transcripts
[2021-06-18 14:16:48.271] [jointLog] [info] iteration = 100 | max rel diff. = 7.42394
[2021-06-18 14:16:49.262] [jointLog] [info] iteration = 200 | max rel diff. = 19.112
[2021-06-18 14:16:50.298] [jointLog] [info] iteration = 300 | max rel diff. = 2.63445
[2021-06-18 14:16:51.364] [jointLog] [info] iteration = 400 | max rel diff. = 0.636763
[2021-06-18 14:16:52.356] [jointLog] [info] iteration = 500 | max rel diff. = 0.723796
[2021-06-18 14:16:53.350] [jointLog] [info] iteration = 600 | max rel diff. = 0.551542
[2021-06-18 14:16:54.350] [jointLog] [info] iteration = 700 | max rel diff. = 0.0452105
[2021-06-18 14:16:55.323] [jointLog] [info] iteration = 800 | max rel diff. = 0.209512
[2021-06-18 14:16:56.298] [jointLog] [info] iteration = 900 | max rel diff. = 0.0501496
[2021-06-18 14:16:57.339] [jointLog] [info] iteration = 1,000 | max rel diff. = 0.0232893
[2021-06-18 14:16:58.383] [jointLog] [info] iteration = 1,100 | max rel diff. = 0.232336
[2021-06-18 14:16:59.468] [jointLog] [info] iteration = 1,200 | max rel diff. = 0.0438166
[2021-06-18 14:17:00.525] [jointLog] [info] iteration = 1,300 | max rel diff. = 3.20625
[2021-06-18 14:17:01.587] [jointLog] [info] iteration = 1,400 | max rel diff. = 0.03912
[2021-06-18 14:17:02.626] [jointLog] [info] iteration = 1,500 | max rel diff. = 0.00432082
[2021-06-18 14:17:02.659] [jointLog] [info] Finished optimizer
[2021-06-18 14:17:02.659] [jointLog] [info] writing output 

