[2021-06-18 16:55:45.811] [jointLog] [info] setting maxHashResizeThreads to 8
[2021-06-18 16:55:45.811] [jointLog] [info] Fragment incompatibility prior below threshold.  Incompatible fragments will be ignored.
[2021-06-18 16:55:45.811] [jointLog] [info] Usage of --validateMappings implies use of minScoreFraction. Since not explicitly specified, it is being set to 0.65
[2021-06-18 16:55:45.811] [jointLog] [info] Setting consensusSlack to selective-alignment default of 0.35.
[2021-06-18 16:55:45.811] [jointLog] [info] parsing read library format
[2021-06-18 16:55:45.811] [jointLog] [info] There is 1 library.
[2021-06-18 16:55:45.912] [jointLog] [info] Loading pufferfish index
[2021-06-18 16:55:45.912] [jointLog] [info] Loading dense pufferfish index.
[2021-06-18 16:56:23.288] [jointLog] [info] done
[2021-06-18 16:56:23.288] [jointLog] [info] Index contained 140,850 targets
[2021-06-18 16:56:23.753] [jointLog] [info] Number of decoys : 61
[2021-06-18 16:56:23.753] [jointLog] [info] First decoy index : 140,750 
[2021-06-18 16:56:47.462] [jointLog] [info] Computed 170,333 rich equivalence classes for further processing
[2021-06-18 16:56:47.462] [jointLog] [info] Counted 5,601,682 total reads in the equivalence classes 
[2021-06-18 16:56:47.471] [jointLog] [info] Number of mappings discarded because of alignment score : 2,427,443
[2021-06-18 16:56:47.471] [jointLog] [info] Number of fragments entirely discarded because of alignment score : 166,502
[2021-06-18 16:56:47.471] [jointLog] [info] Number of fragments discarded because they are best-mapped to decoys : 95,257
[2021-06-18 16:56:47.471] [jointLog] [info] Number of fragments discarded because they have only dovetail (discordant) mappings to valid targets : 0
[2021-06-18 16:56:47.471] [jointLog] [info] Mapping rate = 92.5978%

[2021-06-18 16:56:47.471] [jointLog] [info] finished quantifyLibrary()
[2021-06-18 16:56:47.472] [jointLog] [info] Starting optimizer
[2021-06-18 16:56:47.462] [fileLog] [info] 
At end of round 0
==================
Observed 6049475 total fragments (6049475 in most recent round)

[2021-06-18 16:56:47.594] [jointLog] [info] Marked 0 weighted equivalence classes as degenerate
[2021-06-18 16:56:47.613] [jointLog] [info] iteration = 0 | max rel diff. = 3526.34
[2021-06-18 16:56:47.775] [jointLog] [info] iteration 11, adjusting effective lengths to account for biases
[2021-06-18 16:56:48.908] [jointLog] [info] Computed expected counts (for bias correction)
[2021-06-18 16:56:48.908] [jointLog] [info] processed bias for 0.1% of the transcripts
[2021-06-18 16:56:49.569] [jointLog] [info] processed bias for 10.0% of the transcripts
[2021-06-18 16:56:50.287] [jointLog] [info] processed bias for 20.0% of the transcripts
[2021-06-18 16:56:50.981] [jointLog] [info] processed bias for 30.0% of the transcripts
[2021-06-18 16:56:51.778] [jointLog] [info] processed bias for 40.0% of the transcripts
[2021-06-18 16:56:52.538] [jointLog] [info] processed bias for 50.0% of the transcripts
[2021-06-18 16:56:53.244] [jointLog] [info] processed bias for 60.0% of the transcripts
[2021-06-18 16:56:53.973] [jointLog] [info] processed bias for 70.0% of the transcripts
[2021-06-18 16:56:54.634] [jointLog] [info] processed bias for 80.0% of the transcripts
[2021-06-18 16:56:55.320] [jointLog] [info] processed bias for 90.0% of the transcripts
[2021-06-18 16:56:56.051] [jointLog] [info] processed bias for 100.0% of the transcripts
[2021-06-18 16:56:56.053] [jointLog] [info] processed bias for 100.0% of the transcripts
[2021-06-18 16:56:57.236] [jointLog] [info] iteration = 100 | max rel diff. = 15.0757
[2021-06-18 16:56:58.514] [jointLog] [info] iteration = 200 | max rel diff. = 4.20807
[2021-06-18 16:56:59.770] [jointLog] [info] iteration = 300 | max rel diff. = 1.8853
[2021-06-18 16:57:01.044] [jointLog] [info] iteration = 400 | max rel diff. = 0.230245
[2021-06-18 16:57:02.274] [jointLog] [info] iteration = 500 | max rel diff. = 19.1356
[2021-06-18 16:57:03.522] [jointLog] [info] iteration = 600 | max rel diff. = 0.0482551
[2021-06-18 16:57:04.745] [jointLog] [info] iteration = 700 | max rel diff. = 0.491405
[2021-06-18 16:57:05.977] [jointLog] [info] iteration = 800 | max rel diff. = 0.122541
[2021-06-18 16:57:07.218] [jointLog] [info] iteration = 900 | max rel diff. = 1.0832
[2021-06-18 16:57:08.439] [jointLog] [info] iteration = 1,000 | max rel diff. = 0.183901
[2021-06-18 16:57:09.485] [jointLog] [info] iteration = 1,087 | max rel diff. = 0.00895804
[2021-06-18 16:57:09.522] [jointLog] [info] Finished optimizer
[2021-06-18 16:57:09.522] [jointLog] [info] writing output 

