[2021-06-18 14:50:13.422] [jointLog] [info] setting maxHashResizeThreads to 8
[2021-06-18 14:50:13.422] [jointLog] [info] Fragment incompatibility prior below threshold.  Incompatible fragments will be ignored.
[2021-06-18 14:50:13.422] [jointLog] [info] Usage of --validateMappings implies use of minScoreFraction. Since not explicitly specified, it is being set to 0.65
[2021-06-18 14:50:13.422] [jointLog] [info] Setting consensusSlack to selective-alignment default of 0.35.
[2021-06-18 14:50:13.422] [jointLog] [info] parsing read library format
[2021-06-18 14:50:13.422] [jointLog] [info] There is 1 library.
[2021-06-18 14:50:13.520] [jointLog] [info] Loading pufferfish index
[2021-06-18 14:50:13.520] [jointLog] [info] Loading dense pufferfish index.
[2021-06-18 14:50:51.781] [jointLog] [info] done
[2021-06-18 14:50:51.781] [jointLog] [info] Index contained 140,850 targets
[2021-06-18 14:50:52.343] [jointLog] [info] Number of decoys : 61
[2021-06-18 14:50:52.343] [jointLog] [info] First decoy index : 140,750 
[2021-06-18 14:52:29.015] [jointLog] [info] Thread saw mini-batch with a maximum of 0.12% zero probability fragments
[2021-06-18 14:52:29.099] [jointLog] [info] Thread saw mini-batch with a maximum of 0.10% zero probability fragments
[2021-06-18 14:52:29.107] [jointLog] [info] Thread saw mini-batch with a maximum of 0.12% zero probability fragments
[2021-06-18 14:52:29.124] [jointLog] [info] Thread saw mini-batch with a maximum of 0.10% zero probability fragments
[2021-06-18 14:52:29.168] [jointLog] [info] Thread saw mini-batch with a maximum of 0.10% zero probability fragments
[2021-06-18 14:52:29.198] [jointLog] [info] Thread saw mini-batch with a maximum of 0.14% zero probability fragments
[2021-06-18 14:52:29.215] [jointLog] [info] Thread saw mini-batch with a maximum of 0.10% zero probability fragments
[2021-06-18 14:52:29.234] [jointLog] [info] Thread saw mini-batch with a maximum of 0.10% zero probability fragments
[2021-06-18 14:52:29.439] [jointLog] [info] Computed 162,165 rich equivalence classes for further processing
[2021-06-18 14:52:29.439] [jointLog] [info] Counted 12,226,348 total reads in the equivalence classes 
[2021-06-18 14:52:29.447] [jointLog] [info] Number of orphans recovered using orphan rescue : 228,413
[2021-06-18 14:52:29.447] [jointLog] [info] Number of mappings discarded because of alignment score : 4,298,515
[2021-06-18 14:52:29.447] [jointLog] [info] Number of fragments entirely discarded because of alignment score : 601,943
[2021-06-18 14:52:29.447] [jointLog] [info] Number of fragments discarded because they are best-mapped to decoys : 351,393
[2021-06-18 14:52:29.447] [jointLog] [info] Mapping rate = 92.5351%

[2021-06-18 14:52:29.447] [jointLog] [info] finished quantifyLibrary()
[2021-06-18 14:52:29.448] [jointLog] [info] Starting optimizer
[2021-06-18 14:52:29.558] [jointLog] [info] Marked 0 weighted equivalence classes as degenerate
[2021-06-18 14:52:29.575] [jointLog] [info] iteration = 0 | max rel diff. = 6487.34
[2021-06-18 14:52:29.440] [fileLog] [info] 
At end of round 0
==================
Observed 13212653 total fragments (13212653 in most recent round)

[2021-06-18 14:52:29.722] [jointLog] [info] iteration 11, adjusting effective lengths to account for biases
[2021-06-18 14:52:30.856] [jointLog] [info] Computed expected counts (for bias correction)
[2021-06-18 14:52:30.856] [jointLog] [info] processed bias for 0.0% of the transcripts
[2021-06-18 14:52:31.600] [jointLog] [info] processed bias for 10.0% of the transcripts
[2021-06-18 14:52:32.400] [jointLog] [info] processed bias for 20.0% of the transcripts
[2021-06-18 14:52:33.133] [jointLog] [info] processed bias for 30.0% of the transcripts
[2021-06-18 14:52:33.884] [jointLog] [info] processed bias for 40.0% of the transcripts
[2021-06-18 14:52:34.625] [jointLog] [info] processed bias for 50.0% of the transcripts
[2021-06-18 14:52:35.353] [jointLog] [info] processed bias for 60.0% of the transcripts
[2021-06-18 14:52:36.120] [jointLog] [info] processed bias for 70.0% of the transcripts
[2021-06-18 14:52:36.898] [jointLog] [info] processed bias for 80.0% of the transcripts
[2021-06-18 14:52:37.624] [jointLog] [info] processed bias for 90.0% of the transcripts
[2021-06-18 14:52:38.248] [jointLog] [info] processed bias for 100.0% of the transcripts
[2021-06-18 14:52:38.251] [jointLog] [info] processed bias for 100.0% of the transcripts
[2021-06-18 14:52:39.235] [jointLog] [info] iteration = 100 | max rel diff. = 18.7555
[2021-06-18 14:52:40.342] [jointLog] [info] iteration = 200 | max rel diff. = 18.7056
[2021-06-18 14:52:41.403] [jointLog] [info] iteration = 300 | max rel diff. = 1.09261
[2021-06-18 14:52:42.468] [jointLog] [info] iteration = 400 | max rel diff. = 0.6151
[2021-06-18 14:52:43.543] [jointLog] [info] iteration = 500 | max rel diff. = 0.622527
[2021-06-18 14:52:44.621] [jointLog] [info] iteration = 600 | max rel diff. = 0.56467
[2021-06-18 14:52:45.686] [jointLog] [info] iteration = 700 | max rel diff. = 0.0178429
[2021-06-18 14:52:46.020] [jointLog] [info] iteration = 732 | max rel diff. = 0.00634322
[2021-06-18 14:52:46.051] [jointLog] [info] Finished optimizer
[2021-06-18 14:52:46.051] [jointLog] [info] writing output 

