[2021-06-18 16:45:11.058] [jointLog] [info] setting maxHashResizeThreads to 8
[2021-06-18 16:45:11.058] [jointLog] [info] Fragment incompatibility prior below threshold.  Incompatible fragments will be ignored.
[2021-06-18 16:45:11.058] [jointLog] [info] Usage of --validateMappings implies use of minScoreFraction. Since not explicitly specified, it is being set to 0.65
[2021-06-18 16:45:11.058] [jointLog] [info] Setting consensusSlack to selective-alignment default of 0.35.
[2021-06-18 16:45:11.058] [jointLog] [info] parsing read library format
[2021-06-18 16:45:11.058] [jointLog] [info] There is 1 library.
[2021-06-18 16:45:11.158] [jointLog] [info] Loading pufferfish index
[2021-06-18 16:45:11.158] [jointLog] [info] Loading dense pufferfish index.
[2021-06-18 16:45:50.187] [jointLog] [info] done
[2021-06-18 16:45:50.187] [jointLog] [info] Index contained 140,850 targets
[2021-06-18 16:45:50.655] [jointLog] [info] Number of decoys : 61
[2021-06-18 16:45:50.655] [jointLog] [info] First decoy index : 140,750 
[2021-06-18 16:46:18.244] [fileLog] [info] 
At end of round 0
==================
Observed 6069233 total fragments (6069233 in most recent round)

[2021-06-18 16:46:18.243] [jointLog] [info] Computed 220,570 rich equivalence classes for further processing
[2021-06-18 16:46:18.243] [jointLog] [info] Counted 5,439,696 total reads in the equivalence classes 
[2021-06-18 16:46:18.253] [jointLog] [info] Number of mappings discarded because of alignment score : 2,692,480
[2021-06-18 16:46:18.253] [jointLog] [info] Number of fragments entirely discarded because of alignment score : 190,997
[2021-06-18 16:46:18.253] [jointLog] [info] Number of fragments discarded because they are best-mapped to decoys : 111,094
[2021-06-18 16:46:18.253] [jointLog] [info] Number of fragments discarded because they have only dovetail (discordant) mappings to valid targets : 0
[2021-06-18 16:46:18.253] [jointLog] [info] Mapping rate = 89.6274%

[2021-06-18 16:46:18.253] [jointLog] [info] finished quantifyLibrary()
[2021-06-18 16:46:18.254] [jointLog] [info] Starting optimizer
[2021-06-18 16:46:18.393] [jointLog] [info] Marked 0 weighted equivalence classes as degenerate
[2021-06-18 16:46:18.409] [jointLog] [info] iteration = 0 | max rel diff. = 3441.23
[2021-06-18 16:46:18.561] [jointLog] [info] iteration 11, adjusting effective lengths to account for biases
[2021-06-18 16:46:19.934] [jointLog] [info] Computed expected counts (for bias correction)
[2021-06-18 16:46:19.934] [jointLog] [info] processed bias for 0.0% of the transcripts
[2021-06-18 16:46:20.824] [jointLog] [info] processed bias for 10.0% of the transcripts
[2021-06-18 16:46:21.749] [jointLog] [info] processed bias for 20.0% of the transcripts
[2021-06-18 16:46:22.663] [jointLog] [info] processed bias for 30.0% of the transcripts
[2021-06-18 16:46:23.613] [jointLog] [info] processed bias for 40.0% of the transcripts
[2021-06-18 16:46:24.465] [jointLog] [info] processed bias for 50.0% of the transcripts
[2021-06-18 16:46:25.329] [jointLog] [info] processed bias for 60.0% of the transcripts
[2021-06-18 16:46:26.169] [jointLog] [info] processed bias for 70.0% of the transcripts
[2021-06-18 16:46:26.944] [jointLog] [info] processed bias for 80.0% of the transcripts
[2021-06-18 16:46:27.796] [jointLog] [info] processed bias for 90.0% of the transcripts
[2021-06-18 16:46:28.622] [jointLog] [info] processed bias for 100.0% of the transcripts
[2021-06-18 16:46:28.624] [jointLog] [info] processed bias for 100.0% of the transcripts
[2021-06-18 16:46:29.916] [jointLog] [info] iteration = 100 | max rel diff. = 11.3673
[2021-06-18 16:46:31.342] [jointLog] [info] iteration = 200 | max rel diff. = 1.48382
[2021-06-18 16:46:32.720] [jointLog] [info] iteration = 300 | max rel diff. = 2.90289
[2021-06-18 16:46:34.123] [jointLog] [info] iteration = 400 | max rel diff. = 1.04914
[2021-06-18 16:46:35.498] [jointLog] [info] iteration = 500 | max rel diff. = 0.387438
[2021-06-18 16:46:36.868] [jointLog] [info] iteration = 600 | max rel diff. = 0.108011
[2021-06-18 16:46:38.224] [jointLog] [info] iteration = 700 | max rel diff. = 0.667436
[2021-06-18 16:46:39.570] [jointLog] [info] iteration = 800 | max rel diff. = 0.26775
[2021-06-18 16:46:40.920] [jointLog] [info] iteration = 900 | max rel diff. = 0.466469
[2021-06-18 16:46:42.299] [jointLog] [info] iteration = 1,000 | max rel diff. = 0.0779785
[2021-06-18 16:46:43.682] [jointLog] [info] iteration = 1,100 | max rel diff. = 0.199742
[2021-06-18 16:46:45.087] [jointLog] [info] iteration = 1,200 | max rel diff. = 0.123255
[2021-06-18 16:46:45.496] [jointLog] [info] iteration = 1,231 | max rel diff. = 0.00708094
[2021-06-18 16:46:45.536] [jointLog] [info] Finished optimizer
[2021-06-18 16:46:45.536] [jointLog] [info] writing output 

