[2021-06-22 22:11:35.313] [jointLog] [info] setting maxHashResizeThreads to 8
[2021-06-22 22:11:35.313] [jointLog] [info] Fragment incompatibility prior below threshold.  Incompatible fragments will be ignored.
[2021-06-22 22:11:35.313] [jointLog] [info] Usage of --validateMappings implies use of minScoreFraction. Since not explicitly specified, it is being set to 0.65
[2021-06-22 22:11:35.313] [jointLog] [info] Setting consensusSlack to selective-alignment default of 0.35.
[2021-06-22 22:11:35.313] [jointLog] [info] parsing read library format
[2021-06-22 22:11:35.313] [jointLog] [info] There is 1 library.
[2021-06-22 22:11:35.413] [jointLog] [info] Loading pufferfish index
[2021-06-22 22:11:35.413] [jointLog] [info] Loading dense pufferfish index.
[2021-06-22 22:12:15.829] [jointLog] [info] done
[2021-06-22 22:12:15.829] [jointLog] [info] Index contained 140,850 targets
[2021-06-22 22:12:16.377] [jointLog] [info] Number of decoys : 61
[2021-06-22 22:12:16.377] [jointLog] [info] First decoy index : 140,750 
[2021-06-22 22:15:10.692] [jointLog] [info] Thread saw mini-batch with a maximum of 0.10% zero probability fragments
[2021-06-22 22:15:10.712] [jointLog] [info] Thread saw mini-batch with a maximum of 0.10% zero probability fragments
[2021-06-22 22:15:10.760] [jointLog] [info] Thread saw mini-batch with a maximum of 0.12% zero probability fragments
[2021-06-22 22:15:10.794] [jointLog] [info] Thread saw mini-batch with a maximum of 0.10% zero probability fragments
[2021-06-22 22:15:10.808] [jointLog] [info] Thread saw mini-batch with a maximum of 0.14% zero probability fragments
[2021-06-22 22:15:10.941] [jointLog] [info] Thread saw mini-batch with a maximum of 0.12% zero probability fragments
[2021-06-22 22:15:10.980] [jointLog] [info] Thread saw mini-batch with a maximum of 0.10% zero probability fragments
[2021-06-22 22:15:11.001] [jointLog] [info] Thread saw mini-batch with a maximum of 0.14% zero probability fragments
[2021-06-22 22:15:11.336] [fileLog] [info] 
At end of round 0
==================
Observed 19884341 total fragments (19884341 in most recent round)

[2021-06-22 22:15:11.335] [jointLog] [info] Computed 244,740 rich equivalence classes for further processing
[2021-06-22 22:15:11.335] [jointLog] [info] Counted 17,803,335 total reads in the equivalence classes 
[2021-06-22 22:15:11.346] [jointLog] [warning] 0.110906% of fragments were shorter than the k used to build the index.
If this fraction is too large, consider re-building the index with a smaller k.
The minimum read size found was 10.


[2021-06-22 22:15:11.346] [jointLog] [info] Number of orphans recovered using orphan rescue : 619,427
[2021-06-22 22:15:11.346] [jointLog] [info] Number of mappings discarded because of alignment score : 7,629,447
[2021-06-22 22:15:11.346] [jointLog] [info] Number of fragments entirely discarded because of alignment score : 986,511
[2021-06-22 22:15:11.346] [jointLog] [info] Number of fragments discarded because they are best-mapped to decoys : 574,731
[2021-06-22 22:15:11.346] [jointLog] [info] Mapping rate = 89.5344%

[2021-06-22 22:15:11.346] [jointLog] [info] finished quantifyLibrary()
[2021-06-22 22:15:11.346] [jointLog] [info] Starting optimizer
[2021-06-22 22:15:13.663] [jointLog] [info] Marked 0 weighted equivalence classes as degenerate
[2021-06-22 22:15:13.682] [jointLog] [info] iteration = 0 | max rel diff. = 7934.19
[2021-06-22 22:15:13.836] [jointLog] [info] iteration 11, adjusting effective lengths to account for biases
[2021-06-22 22:15:15.335] [jointLog] [info] Computed expected counts (for bias correction)
[2021-06-22 22:15:15.335] [jointLog] [info] processed bias for 0.0% of the transcripts
[2021-06-22 22:15:16.387] [jointLog] [info] processed bias for 10.0% of the transcripts
[2021-06-22 22:15:17.579] [jointLog] [info] processed bias for 20.0% of the transcripts
[2021-06-22 22:15:18.706] [jointLog] [info] processed bias for 30.0% of the transcripts
[2021-06-22 22:15:19.866] [jointLog] [info] processed bias for 40.0% of the transcripts
[2021-06-22 22:15:20.984] [jointLog] [info] processed bias for 50.0% of the transcripts
[2021-06-22 22:15:22.137] [jointLog] [info] processed bias for 60.0% of the transcripts
[2021-06-22 22:15:23.189] [jointLog] [info] processed bias for 70.0% of the transcripts
[2021-06-22 22:15:24.238] [jointLog] [info] processed bias for 80.0% of the transcripts
[2021-06-22 22:15:25.280] [jointLog] [info] processed bias for 90.0% of the transcripts
[2021-06-22 22:15:26.281] [jointLog] [info] processed bias for 100.0% of the transcripts
[2021-06-22 22:15:26.284] [jointLog] [info] processed bias for 100.0% of the transcripts
[2021-06-22 22:15:27.558] [jointLog] [info] iteration = 100 | max rel diff. = 13.029
[2021-06-22 22:15:28.945] [jointLog] [info] iteration = 200 | max rel diff. = 1.76567
[2021-06-22 22:15:30.312] [jointLog] [info] iteration = 300 | max rel diff. = 1.45175
[2021-06-22 22:15:31.694] [jointLog] [info] iteration = 400 | max rel diff. = 0.713284
[2021-06-22 22:15:33.007] [jointLog] [info] iteration = 500 | max rel diff. = 3.44467
[2021-06-22 22:15:34.326] [jointLog] [info] iteration = 600 | max rel diff. = 0.410886
[2021-06-22 22:15:35.681] [jointLog] [info] iteration = 700 | max rel diff. = 0.694387
[2021-06-22 22:15:37.025] [jointLog] [info] iteration = 800 | max rel diff. = 0.0302992
[2021-06-22 22:15:38.390] [jointLog] [info] iteration = 900 | max rel diff. = 0.019432
[2021-06-22 22:15:39.726] [jointLog] [info] iteration = 1,000 | max rel diff. = 0.18696
[2021-06-22 22:15:40.281] [jointLog] [info] iteration = 1,043 | max rel diff. = 0.00527903
[2021-06-22 22:15:40.314] [jointLog] [info] Finished optimizer
[2021-06-22 22:15:40.314] [jointLog] [info] writing output 

