[2021-06-18 14:33:23.458] [jointLog] [info] setting maxHashResizeThreads to 8
[2021-06-18 14:33:23.458] [jointLog] [info] Fragment incompatibility prior below threshold.  Incompatible fragments will be ignored.
[2021-06-18 14:33:23.458] [jointLog] [info] Usage of --validateMappings implies use of minScoreFraction. Since not explicitly specified, it is being set to 0.65
[2021-06-18 14:33:23.458] [jointLog] [info] Setting consensusSlack to selective-alignment default of 0.35.
[2021-06-18 14:33:23.458] [jointLog] [info] parsing read library format
[2021-06-18 14:33:23.458] [jointLog] [info] There is 1 library.
[2021-06-18 14:33:23.552] [jointLog] [info] Loading pufferfish index
[2021-06-18 14:33:23.552] [jointLog] [info] Loading dense pufferfish index.
[2021-06-18 14:34:03.469] [jointLog] [info] done
[2021-06-18 14:34:03.469] [jointLog] [info] Index contained 140,850 targets
[2021-06-18 14:34:04.003] [jointLog] [info] Number of decoys : 61
[2021-06-18 14:34:04.003] [jointLog] [info] First decoy index : 140,750 
[2021-06-18 14:36:03.035] [jointLog] [info] Thread saw mini-batch with a maximum of 0.10% zero probability fragments
[2021-06-18 14:36:03.072] [jointLog] [info] Thread saw mini-batch with a maximum of 0.10% zero probability fragments
[2021-06-18 14:36:03.162] [jointLog] [info] Thread saw mini-batch with a maximum of 0.08% zero probability fragments
[2021-06-18 14:36:03.173] [jointLog] [info] Thread saw mini-batch with a maximum of 0.12% zero probability fragments
[2021-06-18 14:36:03.217] [jointLog] [info] Thread saw mini-batch with a maximum of 0.12% zero probability fragments
[2021-06-18 14:36:03.229] [jointLog] [info] Thread saw mini-batch with a maximum of 0.08% zero probability fragments
[2021-06-18 14:36:03.253] [jointLog] [info] Thread saw mini-batch with a maximum of 0.10% zero probability fragments
[2021-06-18 14:36:03.302] [jointLog] [info] Thread saw mini-batch with a maximum of 0.10% zero probability fragments
[2021-06-18 14:36:03.520] [fileLog] [info] 
At end of round 0
==================
Observed 15323053 total fragments (15323053 in most recent round)

[2021-06-18 14:36:03.520] [jointLog] [info] Computed 177,996 rich equivalence classes for further processing
[2021-06-18 14:36:03.520] [jointLog] [info] Counted 14,119,244 total reads in the equivalence classes 
[2021-06-18 14:36:03.529] [jointLog] [info] Number of orphans recovered using orphan rescue : 297,421
[2021-06-18 14:36:03.529] [jointLog] [info] Number of mappings discarded because of alignment score : 4,850,295
[2021-06-18 14:36:03.529] [jointLog] [info] Number of fragments entirely discarded because of alignment score : 728,290
[2021-06-18 14:36:03.529] [jointLog] [info] Number of fragments discarded because they are best-mapped to decoys : 463,102
[2021-06-18 14:36:03.529] [jointLog] [info] Mapping rate = 92.1438%

[2021-06-18 14:36:03.529] [jointLog] [info] finished quantifyLibrary()
[2021-06-18 14:36:03.529] [jointLog] [info] Starting optimizer
[2021-06-18 14:36:03.634] [jointLog] [info] Marked 0 weighted equivalence classes as degenerate
[2021-06-18 14:36:03.651] [jointLog] [info] iteration = 0 | max rel diff. = 7097.5
[2021-06-18 14:36:03.797] [jointLog] [info] iteration 11, adjusting effective lengths to account for biases
[2021-06-18 14:36:05.024] [jointLog] [info] Computed expected counts (for bias correction)
[2021-06-18 14:36:05.024] [jointLog] [info] processed bias for 0.0% of the transcripts
[2021-06-18 14:36:05.784] [jointLog] [info] processed bias for 10.0% of the transcripts
[2021-06-18 14:36:06.680] [jointLog] [info] processed bias for 20.0% of the transcripts
[2021-06-18 14:36:07.532] [jointLog] [info] processed bias for 30.0% of the transcripts
[2021-06-18 14:36:08.419] [jointLog] [info] processed bias for 40.0% of the transcripts
[2021-06-18 14:36:09.267] [jointLog] [info] processed bias for 50.0% of the transcripts
[2021-06-18 14:36:10.127] [jointLog] [info] processed bias for 60.0% of the transcripts
[2021-06-18 14:36:10.902] [jointLog] [info] processed bias for 70.0% of the transcripts
[2021-06-18 14:36:11.634] [jointLog] [info] processed bias for 80.0% of the transcripts
[2021-06-18 14:36:12.302] [jointLog] [info] processed bias for 90.0% of the transcripts
[2021-06-18 14:36:13.079] [jointLog] [info] processed bias for 100.0% of the transcripts
[2021-06-18 14:36:14.058] [jointLog] [info] iteration = 100 | max rel diff. = 10.5086
[2021-06-18 14:36:15.140] [jointLog] [info] iteration = 200 | max rel diff. = 9.60999
[2021-06-18 14:36:16.224] [jointLog] [info] iteration = 300 | max rel diff. = 0.165501
[2021-06-18 14:36:17.307] [jointLog] [info] iteration = 400 | max rel diff. = 2.09508
[2021-06-18 14:36:18.397] [jointLog] [info] iteration = 500 | max rel diff. = 0.204691
[2021-06-18 14:36:19.479] [jointLog] [info] iteration = 600 | max rel diff. = 1.07328
[2021-06-18 14:36:20.557] [jointLog] [info] iteration = 700 | max rel diff. = 0.0894307
[2021-06-18 14:36:21.621] [jointLog] [info] iteration = 800 | max rel diff. = 0.0948902
[2021-06-18 14:36:22.685] [jointLog] [info] iteration = 900 | max rel diff. = 0.160215
[2021-06-18 14:36:23.763] [jointLog] [info] iteration = 1,000 | max rel diff. = 0.0319783
[2021-06-18 14:36:24.827] [jointLog] [info] iteration = 1,100 | max rel diff. = 17.5524
[2021-06-18 14:36:25.930] [jointLog] [info] iteration = 1,200 | max rel diff. = 0.298258
[2021-06-18 14:36:25.987] [jointLog] [info] iteration = 1,206 | max rel diff. = 0.0075419
[2021-06-18 14:36:26.027] [jointLog] [info] Finished optimizer
[2021-06-18 14:36:26.027] [jointLog] [info] writing output 

