[2021-06-23 00:19:25.611] [jointLog] [info] setting maxHashResizeThreads to 8
[2021-06-23 00:19:25.611] [jointLog] [info] Fragment incompatibility prior below threshold.  Incompatible fragments will be ignored.
[2021-06-23 00:19:25.611] [jointLog] [info] Usage of --validateMappings implies use of minScoreFraction. Since not explicitly specified, it is being set to 0.65
[2021-06-23 00:19:25.611] [jointLog] [info] Setting consensusSlack to selective-alignment default of 0.35.
[2021-06-23 00:19:25.611] [jointLog] [info] parsing read library format
[2021-06-23 00:19:25.612] [jointLog] [info] There is 1 library.
[2021-06-23 00:19:25.735] [jointLog] [info] Loading pufferfish index
[2021-06-23 00:19:25.735] [jointLog] [info] Loading dense pufferfish index.
[2021-06-23 00:20:35.612] [jointLog] [info] done
[2021-06-23 00:20:35.612] [jointLog] [info] Index contained 140,850 targets
[2021-06-23 00:20:37.158] [jointLog] [info] Number of decoys : 61
[2021-06-23 00:20:37.158] [jointLog] [info] First decoy index : 140,750 
[2021-06-23 00:25:24.458] [jointLog] [info] Thread saw mini-batch with a maximum of 0.08% zero probability fragments
[2021-06-23 00:25:24.468] [jointLog] [info] Thread saw mini-batch with a maximum of 0.10% zero probability fragments
[2021-06-23 00:25:24.476] [jointLog] [info] Thread saw mini-batch with a maximum of 0.12% zero probability fragments
[2021-06-23 00:25:24.484] [jointLog] [info] Thread saw mini-batch with a maximum of 0.12% zero probability fragments
[2021-06-23 00:25:24.565] [jointLog] [info] Thread saw mini-batch with a maximum of 0.12% zero probability fragments
[2021-06-23 00:25:24.612] [jointLog] [info] Thread saw mini-batch with a maximum of 0.16% zero probability fragments
[2021-06-23 00:25:24.622] [jointLog] [info] Thread saw mini-batch with a maximum of 0.14% zero probability fragments
[2021-06-23 00:25:24.688] [jointLog] [info] Thread saw mini-batch with a maximum of 0.12% zero probability fragments
[2021-06-23 00:25:24.972] [jointLog] [info] Computed 243,108 rich equivalence classes for further processing
[2021-06-23 00:25:24.972] [jointLog] [info] Counted 16,059,862 total reads in the equivalence classes 
[2021-06-23 00:25:24.982] [jointLog] [warning] 0.100675% of fragments were shorter than the k used to build the index.
If this fraction is too large, consider re-building the index with a smaller k.
The minimum read size found was 10.


[2021-06-23 00:25:24.982] [jointLog] [info] Number of orphans recovered using orphan rescue : 539,094
[2021-06-23 00:25:24.982] [jointLog] [info] Number of mappings discarded because of alignment score : 6,847,083
[2021-06-23 00:25:24.982] [jointLog] [info] Number of fragments entirely discarded because of alignment score : 923,582
[2021-06-23 00:25:24.982] [jointLog] [info] Number of fragments discarded because they are best-mapped to decoys : 558,109
[2021-06-23 00:25:24.982] [jointLog] [info] Mapping rate = 88.9487%

[2021-06-23 00:25:24.982] [jointLog] [info] finished quantifyLibrary()
[2021-06-23 00:25:25.001] [jointLog] [info] Starting optimizer
[2021-06-23 00:25:25.137] [jointLog] [info] Marked 0 weighted equivalence classes as degenerate
[2021-06-23 00:25:25.157] [jointLog] [info] iteration = 0 | max rel diff. = 7569.43
[2021-06-23 00:25:25.332] [jointLog] [info] iteration 11, adjusting effective lengths to account for biases
[2021-06-23 00:25:24.972] [fileLog] [info] 
At end of round 0
==================
Observed 18055193 total fragments (18055193 in most recent round)

[2021-06-23 00:25:26.720] [jointLog] [info] Computed expected counts (for bias correction)
[2021-06-23 00:25:26.720] [jointLog] [info] processed bias for 0.0% of the transcripts
[2021-06-23 00:25:27.740] [jointLog] [info] processed bias for 10.0% of the transcripts
[2021-06-23 00:25:28.819] [jointLog] [info] processed bias for 20.0% of the transcripts
[2021-06-23 00:25:29.796] [jointLog] [info] processed bias for 30.0% of the transcripts
[2021-06-23 00:25:30.746] [jointLog] [info] processed bias for 40.0% of the transcripts
[2021-06-23 00:25:31.692] [jointLog] [info] processed bias for 50.0% of the transcripts
[2021-06-23 00:25:32.705] [jointLog] [info] processed bias for 60.0% of the transcripts
[2021-06-23 00:25:33.709] [jointLog] [info] processed bias for 70.0% of the transcripts
[2021-06-23 00:25:34.726] [jointLog] [info] processed bias for 80.0% of the transcripts
[2021-06-23 00:25:35.531] [jointLog] [info] processed bias for 90.0% of the transcripts
[2021-06-23 00:25:36.485] [jointLog] [info] processed bias for 100.0% of the transcripts
[2021-06-23 00:25:36.487] [jointLog] [info] processed bias for 100.0% of the transcripts
[2021-06-23 00:25:37.592] [jointLog] [info] iteration = 100 | max rel diff. = 11.568
[2021-06-23 00:25:38.767] [jointLog] [info] iteration = 200 | max rel diff. = 3.60298
[2021-06-23 00:25:39.977] [jointLog] [info] iteration = 300 | max rel diff. = 0.666702
[2021-06-23 00:25:41.146] [jointLog] [info] iteration = 400 | max rel diff. = 0.397183
[2021-06-23 00:25:42.308] [jointLog] [info] iteration = 500 | max rel diff. = 0.1676
[2021-06-23 00:25:43.511] [jointLog] [info] iteration = 600 | max rel diff. = 0.0649417
[2021-06-23 00:25:44.683] [jointLog] [info] iteration = 700 | max rel diff. = 0.456334
[2021-06-23 00:25:45.849] [jointLog] [info] iteration = 800 | max rel diff. = 13.8581
[2021-06-23 00:25:47.062] [jointLog] [info] iteration = 900 | max rel diff. = 0.0212272
[2021-06-23 00:25:48.293] [jointLog] [info] iteration = 1,000 | max rel diff. = 0.0352214
[2021-06-23 00:25:48.472] [jointLog] [info] iteration = 1,016 | max rel diff. = 0.00765545
[2021-06-23 00:25:48.508] [jointLog] [info] Finished optimizer
[2021-06-23 00:25:48.508] [jointLog] [info] writing output 

