[2021-06-18 14:20:12.012] [jointLog] [info] setting maxHashResizeThreads to 8
[2021-06-18 14:20:12.012] [jointLog] [info] Fragment incompatibility prior below threshold.  Incompatible fragments will be ignored.
[2021-06-18 14:20:12.012] [jointLog] [info] Usage of --validateMappings implies use of minScoreFraction. Since not explicitly specified, it is being set to 0.65
[2021-06-18 14:20:12.012] [jointLog] [info] Setting consensusSlack to selective-alignment default of 0.35.
[2021-06-18 14:20:12.012] [jointLog] [info] parsing read library format
[2021-06-18 14:20:12.012] [jointLog] [info] There is 1 library.
[2021-06-18 14:20:12.111] [jointLog] [info] Loading pufferfish index
[2021-06-18 14:20:12.111] [jointLog] [info] Loading dense pufferfish index.
[2021-06-18 14:20:52.681] [jointLog] [info] done
[2021-06-18 14:20:52.681] [jointLog] [info] Index contained 140,850 targets
[2021-06-18 14:20:53.233] [jointLog] [info] Number of decoys : 61
[2021-06-18 14:20:53.233] [jointLog] [info] First decoy index : 140,750 
[2021-06-18 14:22:51.506] [jointLog] [info] Thread saw mini-batch with a maximum of 0.10% zero probability fragments
[2021-06-18 14:22:51.550] [jointLog] [info] Thread saw mini-batch with a maximum of 0.10% zero probability fragments
[2021-06-18 14:22:51.554] [jointLog] [info] Thread saw mini-batch with a maximum of 0.14% zero probability fragments
[2021-06-18 14:22:51.563] [jointLog] [info] Thread saw mini-batch with a maximum of 0.10% zero probability fragments
[2021-06-18 14:22:51.655] [jointLog] [info] Thread saw mini-batch with a maximum of 0.14% zero probability fragments
[2021-06-18 14:22:51.656] [jointLog] [info] Thread saw mini-batch with a maximum of 0.12% zero probability fragments
[2021-06-18 14:22:51.748] [jointLog] [info] Thread saw mini-batch with a maximum of 0.16% zero probability fragments
[2021-06-18 14:22:51.759] [jointLog] [info] Thread saw mini-batch with a maximum of 0.10% zero probability fragments
[2021-06-18 14:22:52.035] [fileLog] [info] 
At end of round 0
==================
Observed 15210197 total fragments (15210197 in most recent round)

[2021-06-18 14:22:52.034] [jointLog] [info] Computed 177,210 rich equivalence classes for further processing
[2021-06-18 14:22:52.034] [jointLog] [info] Counted 13,815,525 total reads in the equivalence classes 
[2021-06-18 14:22:52.046] [jointLog] [info] Number of orphans recovered using orphan rescue : 319,750
[2021-06-18 14:22:52.046] [jointLog] [info] Number of mappings discarded because of alignment score : 5,101,065
[2021-06-18 14:22:52.046] [jointLog] [info] Number of fragments entirely discarded because of alignment score : 785,284
[2021-06-18 14:22:52.046] [jointLog] [info] Number of fragments discarded because they are best-mapped to decoys : 486,767
[2021-06-18 14:22:52.046] [jointLog] [info] Mapping rate = 90.8307%

[2021-06-18 14:22:52.046] [jointLog] [info] finished quantifyLibrary()
[2021-06-18 14:22:52.047] [jointLog] [info] Starting optimizer
[2021-06-18 14:22:53.312] [jointLog] [info] Marked 0 weighted equivalence classes as degenerate
[2021-06-18 14:22:53.328] [jointLog] [info] iteration = 0 | max rel diff. = 7086.12
[2021-06-18 14:22:53.468] [jointLog] [info] iteration 11, adjusting effective lengths to account for biases
[2021-06-18 14:22:54.747] [jointLog] [info] Computed expected counts (for bias correction)
[2021-06-18 14:22:54.747] [jointLog] [info] processed bias for 0.1% of the transcripts
[2021-06-18 14:22:55.514] [jointLog] [info] processed bias for 10.0% of the transcripts
[2021-06-18 14:22:56.365] [jointLog] [info] processed bias for 20.0% of the transcripts
[2021-06-18 14:22:57.230] [jointLog] [info] processed bias for 30.0% of the transcripts
[2021-06-18 14:22:58.057] [jointLog] [info] processed bias for 40.0% of the transcripts
[2021-06-18 14:22:58.875] [jointLog] [info] processed bias for 50.0% of the transcripts
[2021-06-18 14:22:59.745] [jointLog] [info] processed bias for 60.0% of the transcripts
[2021-06-18 14:23:00.617] [jointLog] [info] processed bias for 70.0% of the transcripts
[2021-06-18 14:23:01.473] [jointLog] [info] processed bias for 80.0% of the transcripts
[2021-06-18 14:23:02.313] [jointLog] [info] processed bias for 90.0% of the transcripts
[2021-06-18 14:23:03.060] [jointLog] [info] processed bias for 100.0% of the transcripts
[2021-06-18 14:23:03.062] [jointLog] [info] processed bias for 100.0% of the transcripts
[2021-06-18 14:23:04.181] [jointLog] [info] iteration = 100 | max rel diff. = 17.9368
[2021-06-18 14:23:05.440] [jointLog] [info] iteration = 200 | max rel diff. = 1.95597
[2021-06-18 14:23:06.694] [jointLog] [info] iteration = 300 | max rel diff. = 0.199737
[2021-06-18 14:23:07.941] [jointLog] [info] iteration = 400 | max rel diff. = 2.08559
[2021-06-18 14:23:09.203] [jointLog] [info] iteration = 500 | max rel diff. = 5.32033
[2021-06-18 14:23:10.444] [jointLog] [info] iteration = 600 | max rel diff. = 0.421993
[2021-06-18 14:23:11.703] [jointLog] [info] iteration = 700 | max rel diff. = 0.0803926
[2021-06-18 14:23:12.937] [jointLog] [info] iteration = 800 | max rel diff. = 0.0791862
[2021-06-18 14:23:14.187] [jointLog] [info] iteration = 900 | max rel diff. = 0.242956
[2021-06-18 14:23:15.479] [jointLog] [info] iteration = 1,000 | max rel diff. = 0.478759
[2021-06-18 14:23:16.747] [jointLog] [info] iteration = 1,100 | max rel diff. = 0.376684
[2021-06-18 14:23:18.020] [jointLog] [info] iteration = 1,200 | max rel diff. = 0.0294809
[2021-06-18 14:23:18.524] [jointLog] [info] iteration = 1,242 | max rel diff. = 0.00881234
[2021-06-18 14:23:18.566] [jointLog] [info] Finished optimizer
[2021-06-18 14:23:18.566] [jointLog] [info] writing output 

